Number of options: 40
Size of codes: 150
35 36 10 37 1 28 5 38 32 37 22 23 25 24 2 37 27 2 1 36 35 23 25 0 1 30 6 4 12 2 11 20 26 12 1 34 21 35 5 31 3 35 31 25 18 38 19 33 1 39 11 32 13 23 0 11 6 18 9 19 7 1 22 18 38 30 26 23 18 21 28 2 30 18 23 3 34 29 28 12 8 18 33 34 28 3 25 9 2 6 21 16 0 36 3 25 10 20 19 8 13 14 36 8 35 21 22 1 6 26 28 14 21 36 9 11 31 21 0 23 32 6 31 39 33 27 26 12 39 28 11 16 3 15 12 0 36 3 2 5 32 34 38 7 11 37 17 3 19 2 
Size of probabilities: 150
0.12 0.06 0.43 0.29 0.1 0.11 0.24 0.1 0.11 0.43 0.15 0.47 0.11 0.05 0.22 0.44 0.13 0.2 0.15 0.09 0.1 0.23 0.05 0.54 0.08 0.32 0.05 0.34 0.09 0.21 0.15 0.17 0.28 0.14 0.25 0.47 0.11 0.15 0.19 0.08 0.09 0.22 0.12 0.11 0.46 0.09 0.39 0.16 0.12 0.24 0.05 0.06 0.09 0.24 0.57 0.06 0.03 0.29 0.26 0.35 0.13 0.17 0.15 0.44 0.12 0.21 0.12 0.3 0.28 0.1 0.08 0.14 0.21 0.28 0.3 0.08 0.57 0.16 0.11 0.08 0.27 0.22 0.11 0.33 0.07 0.1 0.12 0.45 0.26 0.06 0.1 0.08 0.71 0.06 0.06 0.05 0.36 0.06 0.26 0.27 0.16 0.06 0.09 0.5 0.19 0.22 0.21 0.23 0.07 0.26 0.16 0.08 0.18 0.12 0.47 0.05 0.06 0.08 0.58 0.24 0.15 0.06 0.14 0.39 0.26 0.16 0.21 0.11 0.37 0.15 0.13 0.16 0.11 0.48 0.12 0.63 0.05 0.05 0.12 0.15 0.11 0.58 0.1 0.11 0.09 0.35 0.04 0.06 0.38 0.16 
Number of assortments: 30
Sizes of assortments: 5 5 5 5 5 5 5 5 5 5 5 5 5 5 5 5 5 5 5 5 5 5 5 5 5 5 5 5 5 5 
-------------------Iteration: 1
CPXPARAM_MIP_Display                             1
CPXPARAM_MIP_Strategy_CallbackReducedLP          0
Tried aggregator 1 time.
LP Presolve eliminated 151 rows and 301 columns.
All rows and columns eliminated.
Presolve time = 0.00 sec. (0.06 ticks)
***********************************************************
Objective value of restricted master problem: 44.32
Lamda: 1 
***********************************************************
CPXPARAM_MIP_Display                             1
CPXPARAM_MIP_Strategy_CallbackReducedLP          0
Tried aggregator 2 times.
MIP Presolve eliminated 40300 rows and 0 columns.
Aggregator did 780 substitutions.
Reduced MIP has 20390 rows, 930 columns, and 60630 nonzeros.
Reduced MIP has 780 binaries, 0 generals, 0 SOSs, and 0 indicators.
Presolve time = 0.21 sec. (123.33 ticks)
Probing time = 0.01 sec. (1.31 ticks)
Tried aggregator 1 time.
Reduced MIP has 20390 rows, 930 columns, and 60630 nonzeros.
Reduced MIP has 780 binaries, 0 generals, 0 SOSs, and 0 indicators.
Presolve time = 0.04 sec. (28.91 ticks)
Probing time = 0.01 sec. (1.31 ticks)
MIP emphasis: balance optimality and feasibility.
MIP search method: dynamic search.
Parallel mode: deterministic, using up to 8 threads.

Node log . . .
Best integer =  -4.000000e+00  Node =       0  Best node =  -1.500000e+02
Best integer =  -6.000000e+01  Node =       0  Best node =  -1.500000e+02
***********************************************************

***********************************************************
-------------------Iteration: 2
CPXPARAM_MIP_Display                             1
CPXPARAM_MIP_Strategy_CallbackReducedLP          0
Tried aggregator 1 time.
LP Presolve eliminated 90 rows and 180 columns.
Aggregator did 1 substitutions.
Reduced LP has 60 rows, 121 columns, and 180 nonzeros.
Presolve time = 0.00 sec. (0.11 ticks)
Initializing dual steep norms . . .

Iteration log . . .
Iteration:     1   Dual objective     =            16.570000
***********************************************************
Objective value of restricted master problem: 32.46
Lamda: 0.61 0.39 
***********************************************************
CPXPARAM_MIP_Display                             1
CPXPARAM_MIP_Strategy_CallbackReducedLP          0
Tried aggregator 2 times.
MIP Presolve eliminated 40300 rows and 0 columns.
Aggregator did 780 substitutions.
Reduced MIP has 20390 rows, 930 columns, and 60630 nonzeros.
Reduced MIP has 780 binaries, 0 generals, 0 SOSs, and 0 indicators.
Presolve time = 0.16 sec. (123.33 ticks)
Probing time = 0.00 sec. (1.31 ticks)
Tried aggregator 1 time.
Reduced MIP has 20390 rows, 930 columns, and 60630 nonzeros.
Reduced MIP has 780 binaries, 0 generals, 0 SOSs, and 0 indicators.
Presolve time = 0.03 sec. (28.90 ticks)
Probing time = 0.01 sec. (1.31 ticks)
MIP emphasis: balance optimality and feasibility.
MIP search method: dynamic search.
Parallel mode: deterministic, using up to 8 threads.

Node log . . .
Best integer =  -4.000000e+00  Node =       0  Best node =  -1.200000e+02
Best integer =  -5.400000e+01  Node =       0  Best node =  -5.600000e+01
Best integer =  -5.600000e+01  Node =       0  Best node =  -5.600000e+01
***********************************************************

***********************************************************
-------------------Iteration: 3
CPXPARAM_MIP_Display                             1
CPXPARAM_MIP_Strategy_CallbackReducedLP          0
Tried aggregator 1 time.
LP Presolve eliminated 60 rows and 120 columns.
Reduced LP has 91 rows, 183 columns, and 273 nonzeros.
Presolve time = 0.00 sec. (0.09 ticks)
Initializing dual steep norms . . .

Iteration log . . .
Iteration:     1   Dual objective     =            10.800000
Iteration:    62   Dual objective     =            24.000000
***********************************************************
Objective value of restricted master problem: 25.9
Lamda: 0.41 0.33 0.26 
***********************************************************
CPXPARAM_MIP_Display                             1
CPXPARAM_MIP_Strategy_CallbackReducedLP          0
Tried aggregator 2 times.
MIP Presolve eliminated 40300 rows and 0 columns.
Aggregator did 780 substitutions.
Reduced MIP has 20390 rows, 930 columns, and 60630 nonzeros.
Reduced MIP has 780 binaries, 0 generals, 0 SOSs, and 0 indicators.
Presolve time = 0.17 sec. (123.33 ticks)
Probing time = 0.00 sec. (1.31 ticks)
Tried aggregator 1 time.
Reduced MIP has 20390 rows, 930 columns, and 60630 nonzeros.
Reduced MIP has 780 binaries, 0 generals, 0 SOSs, and 0 indicators.
Presolve time = 0.04 sec. (28.91 ticks)
Probing time = 0.00 sec. (1.31 ticks)
MIP emphasis: balance optimality and feasibility.
MIP search method: dynamic search.
Parallel mode: deterministic, using up to 8 threads.

Node log . . .
Best integer =  -4.000000e+00  Node =       0  Best node =  -9.700000e+01
Best integer =  -4.600000e+01  Node =       0  Best node =  -4.600000e+01
***********************************************************

***********************************************************
-------------------Iteration: 4
CPXPARAM_MIP_Display                             1
CPXPARAM_MIP_Strategy_CallbackReducedLP          0
Tried aggregator 1 time.
LP Presolve eliminated 40 rows and 80 columns.
Reduced LP has 111 rows, 224 columns, and 344 nonzeros.
Presolve time = 0.00 sec. (0.10 ticks)
Initializing dual steep norms . . .

Iteration log . . .
Iteration:     1   Dual objective     =             6.990000
Iteration:    62   Dual objective     =            16.600000
***********************************************************
Objective value of restricted master problem: 19.56
Lamda: 0.27 0.24 0.21 0.28 
***********************************************************
CPXPARAM_MIP_Display                             1
CPXPARAM_MIP_Strategy_CallbackReducedLP          0
Tried aggregator 2 times.
MIP Presolve eliminated 40300 rows and 0 columns.
Aggregator did 780 substitutions.
Reduced MIP has 20390 rows, 930 columns, and 60630 nonzeros.
Reduced MIP has 780 binaries, 0 generals, 0 SOSs, and 0 indicators.
Presolve time = 0.16 sec. (123.33 ticks)
Probing time = 0.00 sec. (1.31 ticks)
Tried aggregator 1 time.
Reduced MIP has 20390 rows, 930 columns, and 60630 nonzeros.
Reduced MIP has 780 binaries, 0 generals, 0 SOSs, and 0 indicators.
Presolve time = 0.03 sec. (28.91 ticks)
Probing time = 0.01 sec. (1.31 ticks)
MIP emphasis: balance optimality and feasibility.
MIP search method: dynamic search.
Parallel mode: deterministic, using up to 8 threads.

Node log . . .
Best integer =  -4.000000e+00  Node =       0  Best node =  -8.200000e+01
Best integer =  -3.600000e+01  Node =       0  Best node =  -4.400000e+01
Best integer =  -4.400000e+01  Node =       0  Best node =  -4.400000e+01
***********************************************************

***********************************************************
-------------------Iteration: 5
CPXPARAM_MIP_Display                             1
CPXPARAM_MIP_Strategy_CallbackReducedLP          0
Tried aggregator 1 time.
LP Presolve eliminated 24 rows and 48 columns.
Reduced LP has 127 rows, 257 columns, and 407 nonzeros.
Presolve time = 0.00 sec. (0.10 ticks)
Initializing dual steep norms . . .

Iteration log . . .
Iteration:     1   Dual objective     =             3.710000
Iteration:    62   Dual objective     =            11.850000
***********************************************************
Objective value of restricted master problem: 14.64
Lamda: 0.23 0.16 0.15 0.22 0.24 
***********************************************************
CPXPARAM_MIP_Display                             1
CPXPARAM_MIP_Strategy_CallbackReducedLP          0
Tried aggregator 2 times.
MIP Presolve eliminated 40300 rows and 0 columns.
Aggregator did 780 substitutions.
Reduced MIP has 20390 rows, 930 columns, and 60630 nonzeros.
Reduced MIP has 780 binaries, 0 generals, 0 SOSs, and 0 indicators.
Presolve time = 0.21 sec. (123.34 ticks)
Probing time = 0.01 sec. (1.31 ticks)
Tried aggregator 1 time.
Reduced MIP has 20390 rows, 930 columns, and 60630 nonzeros.
Reduced MIP has 780 binaries, 0 generals, 0 SOSs, and 0 indicators.
Presolve time = 0.06 sec. (28.90 ticks)
Probing time = 0.01 sec. (1.31 ticks)
MIP emphasis: balance optimality and feasibility.
MIP search method: dynamic search.
Parallel mode: deterministic, using up to 8 threads.

Node log . . .
Best integer =  -2.000000e+00  Node =       0  Best node =  -7.200000e+01
Best integer =  -3.600000e+01  Node =       0  Best node =  -3.800000e+01
Best integer =  -3.800000e+01  Node =       0  Best node =  -3.800000e+01
***********************************************************

***********************************************************
-------------------Iteration: 6
CPXPARAM_MIP_Display                             1
CPXPARAM_MIP_Strategy_CallbackReducedLP          0
Tried aggregator 1 time.
LP Presolve eliminated 20 rows and 40 columns.
Reduced LP has 131 rows, 266 columns, and 446 nonzeros.
Presolve time = 0.00 sec. (0.11 ticks)
Initializing dual steep norms . . .

Iteration log . . .
Iteration:     1   Dual objective     =             2.680000
Iteration:    62   Dual objective     =             8.460000
Iteration:   124   Dual objective     =            10.810000
***********************************************************
Objective value of restricted master problem: 10.82
Lamda: 0.16 0.15 0.13 0.17 0.19 0.2 
***********************************************************
CPXPARAM_MIP_Display                             1
CPXPARAM_MIP_Strategy_CallbackReducedLP          0
Tried aggregator 2 times.
MIP Presolve eliminated 40300 rows and 0 columns.
Aggregator did 780 substitutions.
Reduced MIP has 20390 rows, 930 columns, and 60630 nonzeros.
Reduced MIP has 780 binaries, 0 generals, 0 SOSs, and 0 indicators.
Presolve time = 0.16 sec. (123.34 ticks)
Probing time = 0.00 sec. (1.31 ticks)
Tried aggregator 1 time.
Reduced MIP has 20390 rows, 930 columns, and 60630 nonzeros.
Reduced MIP has 780 binaries, 0 generals, 0 SOSs, and 0 indicators.
Presolve time = 0.03 sec. (28.90 ticks)
Probing time = 0.00 sec. (1.31 ticks)
MIP emphasis: balance optimality and feasibility.
MIP search method: dynamic search.
Parallel mode: deterministic, using up to 8 threads.

Node log . . .
Best integer =   0.000000e+00  Node =       0  Best node =  -7.400000e+01
Best integer =  -3.400000e+01  Node =       0  Best node =  -3.800000e+01
Best integer =  -3.800000e+01  Node =       0  Best node =  -3.800000e+01
***********************************************************

***********************************************************
-------------------Iteration: 7
CPXPARAM_MIP_Display                             1
CPXPARAM_MIP_Strategy_CallbackReducedLP          0
Tried aggregator 1 time.
LP Presolve eliminated 15 rows and 30 columns.
Reduced LP has 136 rows, 277 columns, and 487 nonzeros.
Presolve time = 0.00 sec. (0.11 ticks)
Initializing dual steep norms . . .

Iteration log . . .
Iteration:     1   Dual objective     =             1.840000
Iteration:    62   Dual objective     =             6.720000
Iteration:   124   Dual objective     =             8.450000
***********************************************************
Objective value of restricted master problem: 8.48
Lamda: 0.13 0.1 0.13 0.13 0.19 0.19 0.13 
***********************************************************
CPXPARAM_MIP_Display                             1
CPXPARAM_MIP_Strategy_CallbackReducedLP          0
Tried aggregator 2 times.
MIP Presolve eliminated 40300 rows and 0 columns.
Aggregator did 780 substitutions.
Reduced MIP has 20390 rows, 930 columns, and 60630 nonzeros.
Reduced MIP has 780 binaries, 0 generals, 0 SOSs, and 0 indicators.
Presolve time = 0.16 sec. (123.35 ticks)
Probing time = 0.00 sec. (1.31 ticks)
Tried aggregator 1 time.
Reduced MIP has 20390 rows, 930 columns, and 60630 nonzeros.
Reduced MIP has 780 binaries, 0 generals, 0 SOSs, and 0 indicators.
Presolve time = 0.05 sec. (28.90 ticks)
Probing time = 0.00 sec. (1.31 ticks)
MIP emphasis: balance optimality and feasibility.
MIP search method: dynamic search.
Parallel mode: deterministic, using up to 8 threads.

Node log . . .
Best integer =  -2.000000e+00  Node =       0  Best node =  -7.200000e+01
Best integer =  -3.200000e+01  Node =       0  Best node =  -3.800000e+01
Best integer =  -3.800000e+01  Node =       0  Best node =  -3.800000e+01
***********************************************************

***********************************************************
-------------------Iteration: 8
CPXPARAM_MIP_Display                             1
CPXPARAM_MIP_Strategy_CallbackReducedLP          0
Tried aggregator 1 time.
LP Presolve eliminated 8 rows and 16 columns.
Reduced LP has 143 rows, 292 columns, and 532 nonzeros.
Presolve time = 0.00 sec. (0.12 ticks)
Initializing dual steep norms . . .

Iteration log . . .
Iteration:     1   Dual objective     =             0.880000
Iteration:    62   Dual objective     =             4.710000
Iteration:   124   Dual objective     =             6.350000
***********************************************************
Objective value of restricted master problem: 6.4
Lamda: 0.11 0.08 0.11 0.13 0.17 0.17 0.13 0.1 
***********************************************************
CPXPARAM_MIP_Display                             1
CPXPARAM_MIP_Strategy_CallbackReducedLP          0
Tried aggregator 2 times.
MIP Presolve eliminated 40300 rows and 0 columns.
Aggregator did 780 substitutions.
Reduced MIP has 20390 rows, 930 columns, and 60630 nonzeros.
Reduced MIP has 780 binaries, 0 generals, 0 SOSs, and 0 indicators.
Presolve time = 0.15 sec. (123.33 ticks)
Probing time = 0.00 sec. (1.31 ticks)
Tried aggregator 1 time.
Reduced MIP has 20390 rows, 930 columns, and 60630 nonzeros.
Reduced MIP has 780 binaries, 0 generals, 0 SOSs, and 0 indicators.
Presolve time = 0.03 sec. (28.23 ticks)
Probing time = 0.00 sec. (1.31 ticks)
MIP emphasis: balance optimality and feasibility.
MIP search method: dynamic search.
Parallel mode: deterministic, using up to 8 threads.

Node log . . .
Best integer =  -2.000000e+00  Node =       0  Best node =  -6.800000e+01
Best integer =  -2.000000e+01  Node =       0  Best node =  -3.200000e+01
Best integer =  -2.600000e+01  Node =       0  Best node =  -3.200000e+01
Best integer =  -2.800000e+01  Node =       0  Best node =  -3.200000e+01
Best integer =  -3.000000e+01  Node =       0  Best node =  -3.200000e+01
Best integer =  -3.200000e+01  Node =       2  Best node =  -3.200000e+01
***********************************************************

***********************************************************
-------------------Iteration: 9
CPXPARAM_MIP_Display                             1
CPXPARAM_MIP_Strategy_CallbackReducedLP          0
Tried aggregator 1 time.
LP Presolve eliminated 6 rows and 12 columns.
Reduced LP has 145 rows, 297 columns, and 567 nonzeros.
Presolve time = 0.00 sec. (0.12 ticks)
Initializing dual steep norms . . .

Iteration log . . .
Iteration:     1   Dual objective     =             0.710000
Iteration:    62   Dual objective     =             4.040000
Iteration:   124   Dual objective     =             5.395000
***********************************************************
Objective value of restricted master problem: 5.48
Lamda: 0.11 0.07 0.08 0.11 0.17 0.19 0.13 0.09 0.05 
***********************************************************
CPXPARAM_MIP_Display                             1
CPXPARAM_MIP_Strategy_CallbackReducedLP          0
Tried aggregator 2 times.
MIP Presolve eliminated 40300 rows and 0 columns.
Aggregator did 780 substitutions.
Reduced MIP has 20390 rows, 930 columns, and 60630 nonzeros.
Reduced MIP has 780 binaries, 0 generals, 0 SOSs, and 0 indicators.
Presolve time = 0.16 sec. (123.33 ticks)
Probing time = 0.00 sec. (1.31 ticks)
Tried aggregator 1 time.
Reduced MIP has 20390 rows, 930 columns, and 60630 nonzeros.
Reduced MIP has 780 binaries, 0 generals, 0 SOSs, and 0 indicators.
Presolve time = 0.04 sec. (28.90 ticks)
Probing time = 0.01 sec. (1.31 ticks)
MIP emphasis: balance optimality and feasibility.
MIP search method: dynamic search.
Parallel mode: deterministic, using up to 8 threads.

Node log . . .
Best integer =  -4.000000e+00  Node =       0  Best node =  -6.566667e+01
Best integer =  -2.933333e+01  Node =       0  Best node =  -3.533333e+01
Best integer =  -3.533333e+01  Node =       0  Best node =  -3.533333e+01
***********************************************************

***********************************************************
-------------------Iteration: 10
CPXPARAM_MIP_Display                             1
CPXPARAM_MIP_Strategy_CallbackReducedLP          0
Tried aggregator 1 time.
LP Presolve eliminated 4 rows and 8 columns.
Reduced LP has 147 rows, 302 columns, and 602 nonzeros.
Presolve time = 0.00 sec. (0.12 ticks)
Initializing dual steep norms . . .

Iteration log . . .
Iteration:     1   Dual objective     =             0.420000
Iteration:    62   Dual objective     =             3.210000
Iteration:   124   Dual objective     =             4.313333
***********************************************************
Objective value of restricted master problem: 4.4
Lamda: 0.11 0.06 0.0625 0.1 0.1425 0.1825 0.1075 0.0975 0.0725 0.065 
***********************************************************
CPXPARAM_MIP_Display                             1
CPXPARAM_MIP_Strategy_CallbackReducedLP          0
Tried aggregator 2 times.
MIP Presolve eliminated 40300 rows and 0 columns.
Aggregator did 780 substitutions.
Reduced MIP has 20390 rows, 930 columns, and 60630 nonzeros.
Reduced MIP has 780 binaries, 0 generals, 0 SOSs, and 0 indicators.
Presolve time = 0.16 sec. (123.35 ticks)
Probing time = 0.00 sec. (1.31 ticks)
Tried aggregator 1 time.
Reduced MIP has 20390 rows, 930 columns, and 60630 nonzeros.
Reduced MIP has 780 binaries, 0 generals, 0 SOSs, and 0 indicators.
Presolve time = 0.05 sec. (28.90 ticks)
Probing time = 0.00 sec. (1.31 ticks)
MIP emphasis: balance optimality and feasibility.
MIP search method: dynamic search.
Parallel mode: deterministic, using up to 8 threads.

Node log . . .
Best integer =  -4.000000e+00  Node =       0  Best node =  -6.400000e+01
Best integer =  -2.200000e+01  Node =       0  Best node =  -3.200000e+01
Best integer =  -3.200000e+01  Node =       0  Best node =  -3.200000e+01
***********************************************************

***********************************************************
-------------------Iteration: 11
CPXPARAM_MIP_Display                             1
CPXPARAM_MIP_Strategy_CallbackReducedLP          0
Tried aggregator 1 time.
LP Presolve eliminated 2 rows and 4 columns.
Reduced LP has 149 rows, 307 columns, and 637 nonzeros.
Presolve time = 0.00 sec. (0.12 ticks)
Initializing dual steep norms . . .

Iteration log . . .
Iteration:     1   Dual objective     =             0.250000
Iteration:    62   Dual objective     =             2.700000
Iteration:   124   Dual objective     =             3.590000
***********************************************************
Objective value of restricted master problem: 3.7
Lamda: 0.105 0.04 0.06 0.085 0.14 0.165 0.11 0.09 0.07 0.08 0.055 
***********************************************************
CPXPARAM_MIP_Display                             1
CPXPARAM_MIP_Strategy_CallbackReducedLP          0
Tried aggregator 2 times.
MIP Presolve eliminated 40300 rows and 0 columns.
Aggregator did 780 substitutions.
Reduced MIP has 20390 rows, 930 columns, and 60630 nonzeros.
Reduced MIP has 780 binaries, 0 generals, 0 SOSs, and 0 indicators.
Presolve time = 0.16 sec. (123.33 ticks)
Probing time = 0.00 sec. (1.31 ticks)
Tried aggregator 1 time.
Reduced MIP has 20390 rows, 930 columns, and 60630 nonzeros.
Reduced MIP has 780 binaries, 0 generals, 0 SOSs, and 0 indicators.
Presolve time = 0.03 sec. (28.91 ticks)
Probing time = 0.01 sec. (1.31 ticks)
MIP emphasis: balance optimality and feasibility.
MIP search method: dynamic search.
Parallel mode: deterministic, using up to 8 threads.

Node log . . .
Best integer =  -4.000000e+00  Node =       0  Best node =  -6.900000e+01
Best integer =  -2.000000e+01  Node =       0  Best node =  -3.000000e+01
Best integer =  -3.000000e+01  Node =       0  Best node =  -3.000000e+01
***********************************************************

***********************************************************
-------------------Iteration: 12
CPXPARAM_MIP_Display                             1
CPXPARAM_MIP_Strategy_CallbackReducedLP          0
Tried aggregator 1 time.
LP Presolve eliminated 1 rows and 2 columns.
Reduced LP has 150 rows, 310 columns, and 670 nonzeros.
Presolve time = 0.00 sec. (0.13 ticks)
Initializing dual steep norms . . .

Iteration log . . .
Iteration:     1   Dual objective     =             0.290000
Iteration:    62   Dual objective     =             2.353333
Iteration:   124   Dual objective     =             3.236667
***********************************************************
Objective value of restricted master problem: 3.34
Lamda: 0.0933333 0.0333333 0.0566667 0.07 0.126667 0.176667 0.113333 0.0866667 0.0666667 0.0833333 0.06 0.0333333 
***********************************************************
CPXPARAM_MIP_Display                             1
CPXPARAM_MIP_Strategy_CallbackReducedLP          0
Tried aggregator 2 times.
MIP Presolve eliminated 40300 rows and 0 columns.
Aggregator did 780 substitutions.
Reduced MIP has 20390 rows, 930 columns, and 60630 nonzeros.
Reduced MIP has 780 binaries, 0 generals, 0 SOSs, and 0 indicators.
Presolve time = 0.16 sec. (123.35 ticks)
Probing time = 0.00 sec. (1.31 ticks)
Tried aggregator 1 time.
Reduced MIP has 20390 rows, 930 columns, and 60630 nonzeros.
Reduced MIP has 780 binaries, 0 generals, 0 SOSs, and 0 indicators.
Presolve time = 0.03 sec. (28.90 ticks)
Probing time = 0.01 sec. (1.31 ticks)
MIP emphasis: balance optimality and feasibility.
MIP search method: dynamic search.
Parallel mode: deterministic, using up to 8 threads.

Node log . . .
Best integer =  -4.000000e+00  Node =       0  Best node =  -6.800000e+01
Best integer =  -2.200000e+01  Node =       0  Best node =  -2.766667e+01
Best integer =  -2.400000e+01  Node =       0  Best node =  -2.760000e+01
Best integer =  -2.600000e+01  Node =       0  Best node =  -2.760000e+01

Gomory fractional cuts applied:  2
***********************************************************

***********************************************************
-------------------Iteration: 13
CPXPARAM_MIP_Display                             1
CPXPARAM_MIP_Strategy_CallbackReducedLP          0
Tried aggregator 1 time.
No LP presolve or aggregator reductions.
Presolve time = 0.00 sec. (0.10 ticks)
Initializing dual steep norms . . .

Iteration log . . .
Iteration:     1   Dual objective     =             0.130000
Iteration:    62   Dual objective     =             1.967500
Iteration:   124   Dual objective     =             2.830000
***********************************************************
Objective value of restricted master problem: 2.90615
Lamda: 0.0969231 0.0307692 0.05 0.0669231 0.122308 0.165385 0.100769 0.0892308 0.0692308 0.08 0.0646154 0.0284615 0.0353846 
***********************************************************
CPXPARAM_MIP_Display                             1
CPXPARAM_MIP_Strategy_CallbackReducedLP          0
Tried aggregator 2 times.
MIP Presolve eliminated 40300 rows and 0 columns.
Aggregator did 780 substitutions.
Reduced MIP has 20390 rows, 930 columns, and 60630 nonzeros.
Reduced MIP has 780 binaries, 0 generals, 0 SOSs, and 0 indicators.
Presolve time = 0.16 sec. (123.37 ticks)
Probing time = 0.01 sec. (1.31 ticks)
Tried aggregator 1 time.
Reduced MIP has 20390 rows, 930 columns, and 60630 nonzeros.
Reduced MIP has 780 binaries, 0 generals, 0 SOSs, and 0 indicators.
Presolve time = 0.05 sec. (28.90 ticks)
Probing time = 0.00 sec. (1.31 ticks)
MIP emphasis: balance optimality and feasibility.
MIP search method: dynamic search.
Parallel mode: deterministic, using up to 8 threads.

Node log . . .
Best integer =  -2.769231e+00  Node =       0  Best node =  -6.546154e+01
Best integer =  -1.984615e+01  Node =       0  Best node =  -2.923077e+01
Best integer =  -2.676923e+01  Node =       0  Best node =  -2.923077e+01
Best integer =  -2.723077e+01  Node =       0  Best node =  -2.900000e+01
Best integer =  -2.815385e+01  Node =       4  Best node =  -2.823077e+01

Implied bound cuts applied:  1
Zero-half cuts applied:  1
Gomory fractional cuts applied:  11
***********************************************************

***********************************************************
-------------------Iteration: 14
CPXPARAM_MIP_Display                             1
CPXPARAM_MIP_Strategy_CallbackReducedLP          0
Tried aggregator 1 time.
No LP presolve or aggregator reductions.
Presolve time = 0.00 sec. (0.11 ticks)
Initializing dual steep norms . . .

Iteration log . . .
Iteration:     1   Dual objective     =             0.130000
Iteration:    62   Dual objective     =             1.670000
Iteration:   124   Dual objective     =             2.485000
***********************************************************
Objective value of restricted master problem: 2.5675
Lamda: 0.0925 0.0325 0.05 0.0575 0.115 0.1575 0.095 0.0875 0.0675 0.0725 0.065 0.035 0.04 0.0325 
***********************************************************
CPXPARAM_MIP_Display                             1
CPXPARAM_MIP_Strategy_CallbackReducedLP          0
Tried aggregator 2 times.
MIP Presolve eliminated 40300 rows and 0 columns.
Aggregator did 780 substitutions.
Reduced MIP has 20390 rows, 930 columns, and 60630 nonzeros.
Reduced MIP has 780 binaries, 0 generals, 0 SOSs, and 0 indicators.
Presolve time = 0.16 sec. (123.36 ticks)
Probing time = 0.00 sec. (1.31 ticks)
Tried aggregator 1 time.
Reduced MIP has 20390 rows, 930 columns, and 60630 nonzeros.
Reduced MIP has 780 binaries, 0 generals, 0 SOSs, and 0 indicators.
Presolve time = 0.04 sec. (28.22 ticks)
Probing time = 0.00 sec. (1.31 ticks)
MIP emphasis: balance optimality and feasibility.
MIP search method: dynamic search.
Parallel mode: deterministic, using up to 8 threads.

Node log . . .
Best integer =   0.000000e+00  Node =       0  Best node =  -6.885000e+01
Best integer =  -2.625000e+01  Node =       0  Best node =  -2.625000e+01
***********************************************************

***********************************************************
-------------------Iteration: 15
CPXPARAM_MIP_Display                             1
CPXPARAM_MIP_Strategy_CallbackReducedLP          0
Tried aggregator 1 time.
No LP presolve or aggregator reductions.
Presolve time = 0.00 sec. (0.11 ticks)
Initializing dual steep norms . . .

Iteration log . . .
Iteration:     1   Dual objective     =             0.130000
Iteration:    62   Dual objective     =             1.446000
Iteration:   124   Dual objective     =             2.063333
***********************************************************
Objective value of restricted master problem: 2.12909
Lamda: 0.09 0.0263636 0.0463636 0.0572727 0.106364 0.151818 0.0872727 0.08 0.0636364 0.0727273 0.0645455 0.0390909 0.0463636 0.04 0.0281818 
***********************************************************
CPXPARAM_MIP_Display                             1
CPXPARAM_MIP_Strategy_CallbackReducedLP          0
Tried aggregator 2 times.
MIP Presolve eliminated 40300 rows and 0 columns.
Aggregator did 780 substitutions.
Reduced MIP has 20390 rows, 930 columns, and 60630 nonzeros.
Reduced MIP has 780 binaries, 0 generals, 0 SOSs, and 0 indicators.
Presolve time = 0.16 sec. (123.35 ticks)
Probing time = 0.00 sec. (1.31 ticks)
Tried aggregator 1 time.
Reduced MIP has 20390 rows, 930 columns, and 60630 nonzeros.
Reduced MIP has 780 binaries, 0 generals, 0 SOSs, and 0 indicators.
Presolve time = 0.03 sec. (28.25 ticks)
Probing time = 0.00 sec. (1.31 ticks)
MIP emphasis: balance optimality and feasibility.
MIP search method: dynamic search.
Parallel mode: deterministic, using up to 8 threads.

Node log . . .
Best integer =  -2.000000e+00  Node =       0  Best node =  -6.763636e+01
Best integer =  -1.490909e+01  Node =       0  Best node =  -2.686364e+01
Best integer =  -2.490909e+01  Node =       0  Best node =  -2.681818e+01
Best integer =  -2.522727e+01  Node =       0  Best node =  -2.681818e+01
Best integer =  -2.595455e+01  Node =       0  Best node =  -2.681818e+01

Gomory fractional cuts applied:  11
***********************************************************

***********************************************************
-------------------Iteration: 16
CPXPARAM_MIP_Display                             1
CPXPARAM_MIP_Strategy_CallbackReducedLP          0
Tried aggregator 1 time.
No LP presolve or aggregator reductions.
Presolve time = 0.00 sec. (0.11 ticks)

Iteration log . . .
Iteration:     1   Dual objective     =             0.000000
Iteration:    62   Dual objective     =             1.146429
Iteration:   124   Dual objective     =             1.777500
***********************************************************
Objective value of restricted master problem: 1.85
Lamda: 0.09 0.03 0.05 0.05 0.1 0.15 0.08 0.08 0.06 0.06 0.06 0.04 0.05 0.05 0.03 0.02 
***********************************************************
CPXPARAM_MIP_Display                             1
CPXPARAM_MIP_Strategy_CallbackReducedLP          0
Tried aggregator 2 times.
MIP Presolve eliminated 40300 rows and 0 columns.
Aggregator did 780 substitutions.
Reduced MIP has 20390 rows, 930 columns, and 60630 nonzeros.
Reduced MIP has 780 binaries, 0 generals, 0 SOSs, and 0 indicators.
Presolve time = 0.16 sec. (123.35 ticks)
Probing time = 0.00 sec. (1.31 ticks)
Tried aggregator 1 time.
Reduced MIP has 20390 rows, 930 columns, and 60630 nonzeros.
Reduced MIP has 780 binaries, 0 generals, 0 SOSs, and 0 indicators.
Presolve time = 0.03 sec. (28.23 ticks)
Probing time = 0.00 sec. (1.31 ticks)
MIP emphasis: balance optimality and feasibility.
MIP search method: dynamic search.
Parallel mode: deterministic, using up to 8 threads.

Node log . . .
Best integer =   0.000000e+00  Node =       0  Best node =  -6.675000e+01
Best integer =  -2.350000e+01  Node =       0  Best node =  -2.425000e+01

Mixed integer rounding cuts applied:  1
Gomory fractional cuts applied:  4
***********************************************************

***********************************************************
-------------------Iteration: 17
CPXPARAM_MIP_Display                             1
CPXPARAM_MIP_Strategy_CallbackReducedLP          0
Tried aggregator 1 time.
No LP presolve or aggregator reductions.
Presolve time = 0.00 sec. (0.11 ticks)

Iteration log . . .
Iteration:     1   Dual objective     =             0.000000
Iteration:    62   Dual objective     =             1.037114
Iteration:   124   Dual objective     =             1.550000
***********************************************************
Objective value of restricted master problem: 1.66605
Lamda: 0.08 0.0271053 0.0421053 0.05 0.095 0.155526 0.0823684 0.0773684 0.0647368 0.065 0.0605263 0.0405263 0.0478947 0.0434211 0.0328947 0.0213158 0.0142105 
***********************************************************
CPXPARAM_MIP_Display                             1
CPXPARAM_MIP_Strategy_CallbackReducedLP          0
Tried aggregator 2 times.
MIP Presolve eliminated 40300 rows and 0 columns.
Aggregator did 780 substitutions.
Reduced MIP has 20390 rows, 930 columns, and 60630 nonzeros.
Reduced MIP has 780 binaries, 0 generals, 0 SOSs, and 0 indicators.
Presolve time = 0.15 sec. (123.33 ticks)
Probing time = 0.00 sec. (1.31 ticks)
Tried aggregator 1 time.
Reduced MIP has 20390 rows, 930 columns, and 60630 nonzeros.
Reduced MIP has 780 binaries, 0 generals, 0 SOSs, and 0 indicators.
Presolve time = 0.03 sec. (28.23 ticks)
Probing time = 0.01 sec. (1.31 ticks)
MIP emphasis: balance optimality and feasibility.
MIP search method: dynamic search.
Parallel mode: deterministic, using up to 8 threads.

Node log . . .
Best integer =   1.105263e+00  Node =       0  Best node =  -6.644737e+01
Best integer =   0.000000e+00  Node =       0  Best node =  -6.644737e+01
Best integer =  -1.800000e+01  Node =       0  Best node =  -2.709649e+01
Best integer =  -2.526316e+01  Node =       0  Best node =  -2.709649e+01
Best integer =  -2.600000e+01  Node =       0  Best node =  -2.709649e+01

Zero-half cuts applied:  5
Gomory fractional cuts applied:  5
***********************************************************

***********************************************************
-------------------Iteration: 18
CPXPARAM_MIP_Display                             1
CPXPARAM_MIP_Strategy_CallbackReducedLP          0
Tried aggregator 1 time.
No LP presolve or aggregator reductions.
Presolve time = 0.00 sec. (0.11 ticks)

Iteration log . . .
Iteration:     1   Dual objective     =             0.000000
Iteration:    62   Dual objective     =             0.901111
Iteration:   124   Dual objective     =             1.402222
***********************************************************
Objective value of restricted master problem: 1.478
Lamda: 0.078 0.022 0.036 0.05 0.092 0.154 0.082 0.076 0.062 0.064 0.06 0.038 0.05 0.042 0.038 0.022 0.02 0.014 
***********************************************************
CPXPARAM_MIP_Display                             1
CPXPARAM_MIP_Strategy_CallbackReducedLP          0
Tried aggregator 2 times.
MIP Presolve eliminated 40300 rows and 0 columns.
Aggregator did 780 substitutions.
Reduced MIP has 20390 rows, 930 columns, and 60630 nonzeros.
Reduced MIP has 780 binaries, 0 generals, 0 SOSs, and 0 indicators.
Presolve time = 0.15 sec. (123.37 ticks)
Probing time = 0.00 sec. (1.31 ticks)
Tried aggregator 1 time.
Reduced MIP has 20390 rows, 930 columns, and 60630 nonzeros.
Reduced MIP has 780 binaries, 0 generals, 0 SOSs, and 0 indicators.
Presolve time = 0.03 sec. (28.24 ticks)
Probing time = 0.01 sec. (1.31 ticks)
MIP emphasis: balance optimality and feasibility.
MIP search method: dynamic search.
Parallel mode: deterministic, using up to 8 threads.

Node log . . .
Best integer =   1.800000e+00  Node =       0  Best node =  -6.280000e+01
Best integer =   0.000000e+00  Node =       0  Best node =  -6.280000e+01
Best integer =  -2.220000e+01  Node =       0  Best node =  -2.630000e+01
Best integer =  -2.380000e+01  Node =       0  Best node =  -2.606000e+01
Best integer =  -2.580000e+01  Node =       0  Best node =  -2.606000e+01

Gomory fractional cuts applied:  5
***********************************************************

***********************************************************
-------------------Iteration: 19
CPXPARAM_MIP_Display                             1
CPXPARAM_MIP_Strategy_CallbackReducedLP          0
Tried aggregator 1 time.
No LP presolve or aggregator reductions.
Presolve time = 0.00 sec. (0.12 ticks)

Iteration log . . .
Iteration:     1   Dual objective     =             0.000000
Iteration:    62   Dual objective     =             0.780000
Iteration:   124   Dual objective     =             1.239167
***********************************************************
Objective value of restricted master problem: 1.32278
Lamda: 0.075 0.0211111 0.0344444 0.0505556 0.09 0.151667 0.0811111 0.0755556 0.0594444 0.0638889 0.0594444 0.0361111 0.0483333 0.0405556 0.0394444 0.0238889 0.02 0.0161111 0.0133333 
***********************************************************
CPXPARAM_MIP_Display                             1
CPXPARAM_MIP_Strategy_CallbackReducedLP          0
Tried aggregator 2 times.
MIP Presolve eliminated 40300 rows and 0 columns.
Aggregator did 780 substitutions.
Reduced MIP has 20390 rows, 930 columns, and 60630 nonzeros.
Reduced MIP has 780 binaries, 0 generals, 0 SOSs, and 0 indicators.
Presolve time = 0.15 sec. (123.34 ticks)
Probing time = 0.00 sec. (1.31 ticks)
Tried aggregator 1 time.
Reduced MIP has 20390 rows, 930 columns, and 60630 nonzeros.
Reduced MIP has 780 binaries, 0 generals, 0 SOSs, and 0 indicators.
Presolve time = 0.03 sec. (28.25 ticks)
Probing time = 0.00 sec. (1.31 ticks)
MIP emphasis: balance optimality and feasibility.
MIP search method: dynamic search.
Parallel mode: deterministic, using up to 8 threads.

Node log . . .
Best integer =   4.000000e+00  Node =       0  Best node =  -6.366667e+01
Best integer =  -1.776357e-15  Node =       0  Best node =  -6.366667e+01
Best integer =  -2.000000e+00  Node =       0  Best node =  -6.366667e+01
Best integer =  -2.400000e+01  Node =       0  Best node =  -2.750000e+01
Best integer =  -2.500000e+01  Node =       0  Best node =  -2.672222e+01
Best integer =  -2.600000e+01  Node =       0  Best node =  -2.672222e+01

Lift and project cuts applied:  1
Gomory fractional cuts applied:  6
***********************************************************

***********************************************************
-------------------Iteration: 20
CPXPARAM_MIP_Display                             1
CPXPARAM_MIP_Strategy_CallbackReducedLP          0
Tried aggregator 1 time.
No LP presolve or aggregator reductions.
Presolve time = 0.00 sec. (0.12 ticks)

Iteration log . . .
Iteration:     1   Dual objective     =             0.000000
Iteration:    62   Dual objective     =             0.670469
Iteration:   124   Dual objective     =             1.080000
***********************************************************
Objective value of restricted master problem: 1.17389
Lamda: 0.0677778 0.0172222 0.0266667 0.05 0.0883333 0.153889 0.0788889 0.07 0.0566667 0.0605556 0.06 0.0361111 0.0461111 0.0372222 0.0427778 0.0283333 0.0233333 0.0227778 0.0177778 0.0155556 
***********************************************************
CPXPARAM_MIP_Display                             1
CPXPARAM_MIP_Strategy_CallbackReducedLP          0
Tried aggregator 2 times.
MIP Presolve eliminated 40300 rows and 0 columns.
Aggregator did 780 substitutions.
Reduced MIP has 20390 rows, 930 columns, and 60630 nonzeros.
Reduced MIP has 780 binaries, 0 generals, 0 SOSs, and 0 indicators.
Presolve time = 0.16 sec. (123.33 ticks)
Probing time = 0.00 sec. (1.31 ticks)
Tried aggregator 1 time.
Reduced MIP has 20390 rows, 930 columns, and 60630 nonzeros.
Reduced MIP has 780 binaries, 0 generals, 0 SOSs, and 0 indicators.
Presolve time = 0.03 sec. (28.23 ticks)
Probing time = 0.01 sec. (1.31 ticks)
MIP emphasis: balance optimality and feasibility.
MIP search method: dynamic search.
Parallel mode: deterministic, using up to 8 threads.

Node log . . .
Best integer =   2.000000e+00  Node =       0  Best node =  -6.844444e+01
Best integer =   0.000000e+00  Node =       0  Best node =  -6.844444e+01
Best integer =  -1.800000e+01  Node =       0  Best node =  -2.233333e+01
Best integer =  -2.000000e+01  Node =       0  Best node =  -2.233333e+01
Best integer =  -2.033333e+01  Node =       0  Best node =  -2.233333e+01
Best integer =  -2.172222e+01  Node =      32  Best node =  -2.233333e+01
Best integer =  -2.183333e+01  Node =      78  Best node =  -2.233333e+01
Best integer =  -2.200000e+01  Node =      81  Best node =  -2.233333e+01
Best integer =  -2.205556e+01  Node =     134  Best node =  -2.233333e+01
***********************************************************

***********************************************************
-------------------Iteration: 21
CPXPARAM_MIP_Display                             1
CPXPARAM_MIP_Strategy_CallbackReducedLP          0
Tried aggregator 1 time.
No LP presolve or aggregator reductions.
Presolve time = 0.00 sec. (0.12 ticks)

Iteration log . . .
Iteration:     1   Dual objective     =             0.000000
Iteration:    62   Dual objective     =             0.676111
Iteration:   124   Dual objective     =             1.022813
***********************************************************
Objective value of restricted master problem: 1.09167
Lamda: 0.065 0.015 0.0266667 0.05 0.085 0.153333 0.0783333 0.0683333 0.0566667 0.06 0.06 0.0366667 0.045 0.0383333 0.045 0.0266667 0.0233333 0.0233333 0.02 0.015 0.00833333 
***********************************************************
CPXPARAM_MIP_Display                             1
CPXPARAM_MIP_Strategy_CallbackReducedLP          0
Tried aggregator 2 times.
MIP Presolve eliminated 40300 rows and 0 columns.
Aggregator did 780 substitutions.
Reduced MIP has 20390 rows, 930 columns, and 60630 nonzeros.
Reduced MIP has 780 binaries, 0 generals, 0 SOSs, and 0 indicators.
Presolve time = 0.16 sec. (123.37 ticks)
Probing time = 0.00 sec. (1.31 ticks)
Tried aggregator 1 time.
Reduced MIP has 20390 rows, 930 columns, and 60630 nonzeros.
Reduced MIP has 780 binaries, 0 generals, 0 SOSs, and 0 indicators.
Presolve time = 0.03 sec. (28.28 ticks)
Probing time = 0.00 sec. (1.31 ticks)
MIP emphasis: balance optimality and feasibility.
MIP search method: dynamic search.
Parallel mode: deterministic, using up to 8 threads.

Node log . . .
Best integer =   4.000000e+00  Node =       0  Best node =  -6.533333e+01
Best integer =   0.000000e+00  Node =       0  Best node =  -6.533333e+01
Best integer =  -3.333333e-01  Node =       0  Best node =  -6.533333e+01
Best integer =  -8.666667e+00  Node =       0  Best node =  -2.250000e+01
Best integer =  -1.083333e+01  Node =       0  Best node =  -2.250000e+01
Best integer =  -1.683333e+01  Node =       0  Best node =  -2.250000e+01
Best integer =  -1.833333e+01  Node =       0  Best node =  -2.250000e+01
Best integer =  -1.850000e+01  Node =       0  Best node =  -2.250000e+01
Best integer =  -1.900000e+01  Node =      13  Best node =  -2.250000e+01
Best integer =  -2.000000e+01  Node =      27  Best node =  -2.250000e+01
Best integer =  -2.083333e+01  Node =      99  Best node =  -2.250000e+01
Best integer =  -2.100000e+01  Node =     165  Best node =  -2.250000e+01
***********************************************************

***********************************************************
-------------------Iteration: 22
CPXPARAM_MIP_Display                             1
CPXPARAM_MIP_Strategy_CallbackReducedLP          0
Tried aggregator 1 time.
No LP presolve or aggregator reductions.
Presolve time = 0.00 sec. (0.12 ticks)

Iteration log . . .
Iteration:     1   Dual objective     =             0.000000
Iteration:    62   Dual objective     =             0.608619
Iteration:   124   Dual objective     =             0.926354
***********************************************************
Objective value of restricted master problem: 1.02673
Lamda: 0.0663462 0.0171154 0.0259615 0.0488462 0.0859615 0.151923 0.0765385 0.0669231 0.0571154 0.0613462 0.0611538 0.0380769 0.0446154 0.0373077 0.0421154 0.0240385 0.0240385 0.0219231 0.0180769 0.0159615 0.00692308 0.00769231 
***********************************************************
CPXPARAM_MIP_Display                             1
CPXPARAM_MIP_Strategy_CallbackReducedLP          0
Tried aggregator 2 times.
MIP Presolve eliminated 40300 rows and 0 columns.
Aggregator did 780 substitutions.
Reduced MIP has 20390 rows, 930 columns, and 60630 nonzeros.
Reduced MIP has 780 binaries, 0 generals, 0 SOSs, and 0 indicators.
Presolve time = 0.16 sec. (123.37 ticks)
Probing time = 0.00 sec. (1.31 ticks)
Tried aggregator 1 time.
Reduced MIP has 20390 rows, 930 columns, and 60630 nonzeros.
Reduced MIP has 780 binaries, 0 generals, 0 SOSs, and 0 indicators.
Presolve time = 0.03 sec. (28.22 ticks)
Probing time = 0.00 sec. (1.31 ticks)
MIP emphasis: balance optimality and feasibility.
MIP search method: dynamic search.
Parallel mode: deterministic, using up to 8 threads.

Node log . . .
Best integer =   4.000000e+00  Node =       0  Best node =  -6.679808e+01
Best integer =   0.000000e+00  Node =       0  Best node =  -6.679808e+01
Best integer =  -1.345192e+01  Node =       0  Best node =  -2.310769e+01
Best integer =  -2.145192e+01  Node =       0  Best node =  -2.310769e+01

Gomory fractional cuts applied:  2
***********************************************************

***********************************************************
-------------------Iteration: 23
CPXPARAM_MIP_Display                             1
CPXPARAM_MIP_Strategy_CallbackReducedLP          0
Tried aggregator 1 time.
No LP presolve or aggregator reductions.
Presolve time = 0.00 sec. (0.12 ticks)

Iteration log . . .
Iteration:     1   Dual objective     =             0.000000
Iteration:    62   Dual objective     =             0.524239
Iteration:   124   Dual objective     =             0.863193
***********************************************************
Objective value of restricted master problem: 0.945011
Lamda: 0.0638041 0.0168565 0.0218337 0.0493394 0.0827904 0.151196 0.0722437 0.0649203 0.0565718 0.0596583 0.0606606 0.033656 0.0474487 0.038508 0.041959 0.0272437 0.0269362 0.0244761 0.0196583 0.018508 0.0070615 0.00775626 0.00691344 
***********************************************************
CPXPARAM_MIP_Display                             1
CPXPARAM_MIP_Strategy_CallbackReducedLP          0
Tried aggregator 2 times.
MIP Presolve eliminated 40300 rows and 0 columns.
Aggregator did 780 substitutions.
Reduced MIP has 20390 rows, 930 columns, and 60630 nonzeros.
Reduced MIP has 780 binaries, 0 generals, 0 SOSs, and 0 indicators.
Presolve time = 0.16 sec. (123.36 ticks)
Probing time = 0.00 sec. (1.31 ticks)
Tried aggregator 1 time.
Reduced MIP has 20390 rows, 930 columns, and 60630 nonzeros.
Reduced MIP has 780 binaries, 0 generals, 0 SOSs, and 0 indicators.
Presolve time = 0.03 sec. (28.22 ticks)
Probing time = 0.00 sec. (1.31 ticks)
MIP emphasis: balance optimality and feasibility.
MIP search method: dynamic search.
Parallel mode: deterministic, using up to 8 threads.

Node log . . .
Best integer =   2.763098e+00  Node =       0  Best node =  -6.587699e+01
Best integer =   0.000000e+00  Node =       0  Best node =  -6.587699e+01
Best integer =  -1.069248e+01  Node =       0  Best node =  -2.183314e+01
Best integer =  -1.469248e+01  Node =       0  Best node =  -2.153602e+01
Best integer =  -1.545786e+01  Node =       0  Best node =  -2.153602e+01
Best integer =  -1.623918e+01  Node =       0  Best node =  -2.148766e+01
Best integer =  -1.629385e+01  Node =       2  Best node =  -2.153602e+01
Best integer =  -1.683827e+01  Node =       2  Best node =  -2.153602e+01
Best integer =  -1.883827e+01  Node =       6  Best node =  -2.134118e+01
Best integer =  -2.083827e+01  Node =      14  Best node =  -2.134118e+01
Best integer =  -2.096355e+01  Node =      61  Best node =  -2.132893e+01

Mixed integer rounding cuts applied:  1
Gomory fractional cuts applied:  11
***********************************************************

***********************************************************
-------------------Iteration: 24
CPXPARAM_MIP_Display                             1
CPXPARAM_MIP_Strategy_CallbackReducedLP          0
Tried aggregator 1 time.
No LP presolve or aggregator reductions.
Presolve time = 0.00 sec. (0.12 ticks)

Iteration log . . .
Iteration:     1   Dual objective     =             0.000000
Iteration:    62   Dual objective     =             0.492378
Iteration:   124   Dual objective     =             0.823264
***********************************************************
Objective value of restricted master problem: 0.901461
Lamda: 0.0641573 0.0170305 0.0227127 0.0481862 0.0828892 0.150931 0.0727127 0.0641894 0.0570305 0.0598716 0.0594543 0.0329695 0.0479133 0.0387801 0.0412039 0.026549 0.0271589 0.0244141 0.0182343 0.017191 0.00667737 0.00728732 0.00770465 0.0047512 
***********************************************************
CPXPARAM_MIP_Display                             1
CPXPARAM_MIP_Strategy_CallbackReducedLP          0
Tried aggregator 2 times.
MIP Presolve eliminated 40300 rows and 0 columns.
Aggregator did 780 substitutions.
Reduced MIP has 20390 rows, 930 columns, and 60630 nonzeros.
Reduced MIP has 780 binaries, 0 generals, 0 SOSs, and 0 indicators.
Presolve time = 0.16 sec. (123.37 ticks)
Probing time = 0.00 sec. (1.31 ticks)
Tried aggregator 1 time.
Reduced MIP has 20390 rows, 930 columns, and 60630 nonzeros.
Reduced MIP has 780 binaries, 0 generals, 0 SOSs, and 0 indicators.
Presolve time = 0.03 sec. (28.22 ticks)
Probing time = 0.00 sec. (1.31 ticks)
MIP emphasis: balance optimality and feasibility.
MIP search method: dynamic search.
Parallel mode: deterministic, using up to 8 threads.

Node log . . .
Best integer =   3.904494e+00  Node =       0  Best node =  -6.399438e+01
Best integer =   0.000000e+00  Node =       0  Best node =  -6.399438e+01
Best integer =  -2.391573e+01  Node =       0  Best node =  -2.391573e+01
***********************************************************

***********************************************************
-------------------Iteration: 25
CPXPARAM_MIP_Display                             1
CPXPARAM_MIP_Strategy_CallbackReducedLP          0
Tried aggregator 1 time.
No LP presolve or aggregator reductions.
Presolve time = 0.00 sec. (0.13 ticks)

Iteration log . . .
Iteration:     1   Dual objective     =             0.000000
Iteration:    62   Dual objective     =             0.479128
Iteration:   124   Dual objective     =             0.773434
***********************************************************
Objective value of restricted master problem: 0.833333
Lamda: 0.064329 0.0154113 0.0212121 0.0440693 0.0819913 0.15 0.0715152 0.062381 0.0564935 0.0591775 0.0589177 0.0320346 0.048658 0.0377922 0.040303 0.028658 0.0287879 0.0251515 0.0181385 0.0175758 0.00593074 0.00761905 0.00978355 0.00705628 0.00701299 
***********************************************************
CPXPARAM_MIP_Display                             1
CPXPARAM_MIP_Strategy_CallbackReducedLP          0
Tried aggregator 2 times.
MIP Presolve eliminated 40300 rows and 0 columns.
Aggregator did 780 substitutions.
Reduced MIP has 20390 rows, 930 columns, and 60630 nonzeros.
Reduced MIP has 780 binaries, 0 generals, 0 SOSs, and 0 indicators.
Presolve time = 0.16 sec. (123.37 ticks)
Probing time = 0.00 sec. (1.31 ticks)
Tried aggregator 1 time.
Reduced MIP has 20390 rows, 930 columns, and 60630 nonzeros.
Reduced MIP has 780 binaries, 0 generals, 0 SOSs, and 0 indicators.
Presolve time = 0.03 sec. (28.23 ticks)
Probing time = 0.01 sec. (1.31 ticks)
MIP emphasis: balance optimality and feasibility.
MIP search method: dynamic search.
Parallel mode: deterministic, using up to 8 threads.

Node log . . .
Best integer =   3.777778e+00  Node =       0  Best node =  -6.822222e+01
Best integer =  -8.881784e-16  Node =       0  Best node =  -6.822222e+01
Best integer =  -2.000000e+00  Node =       0  Best node =  -6.822222e+01
Best integer =  -1.800000e+01  Node =       0  Best node =  -2.277778e+01
Best integer =  -2.277778e+01  Node =       0  Best node =  -2.277778e+01
***********************************************************

***********************************************************
-------------------Iteration: 26
CPXPARAM_MIP_Display                             1
CPXPARAM_MIP_Strategy_CallbackReducedLP          0
Tried aggregator 1 time.
No LP presolve or aggregator reductions.
Presolve time = 0.00 sec. (0.13 ticks)

Iteration log . . .
Iteration:     1   Dual objective     =             0.000000
Iteration:    62   Dual objective     =             0.440567
Iteration:   124   Dual objective     =             0.734037
***********************************************************
Objective value of restricted master problem: 0.785895
Lamda: 0.0629474 0.0148421 0.0200526 0.0455789 0.0817895 0.150211 0.0697895 0.0623684 0.0553158 0.0581053 0.0585263 0.0325789 0.0473684 0.0380526 0.0408947 0.0276842 0.0299474 0.0256842 0.019 0.0176316 0.00705263 0.00763158 0.00889474 0.00789474 0.00589474 0.00426316 
***********************************************************
CPXPARAM_MIP_Display                             1
CPXPARAM_MIP_Strategy_CallbackReducedLP          0
Tried aggregator 2 times.
MIP Presolve eliminated 40300 rows and 0 columns.
Aggregator did 780 substitutions.
Reduced MIP has 20390 rows, 930 columns, and 60630 nonzeros.
Reduced MIP has 780 binaries, 0 generals, 0 SOSs, and 0 indicators.
Presolve time = 0.16 sec. (123.35 ticks)
Probing time = 0.00 sec. (1.31 ticks)
Tried aggregator 1 time.
Reduced MIP has 20390 rows, 930 columns, and 60630 nonzeros.
Reduced MIP has 780 binaries, 0 generals, 0 SOSs, and 0 indicators.
Presolve time = 0.03 sec. (28.22 ticks)
Probing time = 0.00 sec. (1.31 ticks)
MIP emphasis: balance optimality and feasibility.
MIP search method: dynamic search.
Parallel mode: deterministic, using up to 8 threads.

Node log . . .
Best integer =   4.000000e+00  Node =       0  Best node =  -6.283158e+01
Best integer =  -2.664535e-15  Node =       0  Best node =  -6.283158e+01
Best integer =  -2.000000e+00  Node =       0  Best node =  -6.283158e+01
Best integer =  -1.398947e+01  Node =       0  Best node =  -2.125530e+01
Best integer =  -1.927368e+01  Node =       0  Best node =  -2.122105e+01
Best integer =  -2.082456e+01  Node =       0  Best node =  -2.115789e+01
Best integer =  -2.106316e+01  Node =       1  Best node =  -2.115569e+01

Mixed integer rounding cuts applied:  1
Gomory fractional cuts applied:  4
***********************************************************

***********************************************************
-------------------Iteration: 27
CPXPARAM_MIP_Display                             1
CPXPARAM_MIP_Strategy_CallbackReducedLP          0
Tried aggregator 1 time.
No LP presolve or aggregator reductions.
Presolve time = 0.00 sec. (0.13 ticks)

Iteration log . . .
Iteration:     1   Dual objective     =             0.000000
Iteration:    62   Dual objective     =             0.366650
Iteration:   124   Dual objective     =             0.661887
***********************************************************
Objective value of restricted master problem: 0.705837
Lamda: 0.06 0.0100778 0.0194968 0.0442406 0.0782296 0.150329 0.0690073 0.0612214 0.0551967 0.057118 0.0586459 0.0324611 0.046624 0.037237 0.0421729 0.0281016 0.0304209 0.0241583 0.0201784 0.0169899 0.00781336 0.00877859 0.009172 0.00910339 0.00941903 0.00634492 0.00746112 
***********************************************************
CPXPARAM_MIP_Display                             1
CPXPARAM_MIP_Strategy_CallbackReducedLP          0
Tried aggregator 2 times.
MIP Presolve eliminated 40300 rows and 0 columns.
Aggregator did 780 substitutions.
Reduced MIP has 20390 rows, 930 columns, and 60630 nonzeros.
Reduced MIP has 780 binaries, 0 generals, 0 SOSs, and 0 indicators.
Presolve time = 0.16 sec. (123.33 ticks)
Probing time = 0.00 sec. (1.31 ticks)
Tried aggregator 1 time.
Reduced MIP has 20390 rows, 930 columns, and 60630 nonzeros.
Reduced MIP has 780 binaries, 0 generals, 0 SOSs, and 0 indicators.
Presolve time = 0.03 sec. (28.90 ticks)
Probing time = 0.00 sec. (1.31 ticks)
MIP emphasis: balance optimality and feasibility.
MIP search method: dynamic search.
Parallel mode: deterministic, using up to 8 threads.

Node log . . .
Best integer =   2.754803e+00  Node =       0  Best node =  -6.567612e+01
Best integer =   0.000000e+00  Node =       0  Best node =  -6.567612e+01
Best integer =  -3.934126e-01  Node =       0  Best node =  -6.567612e+01
Best integer =  -1.132388e+01  Node =       0  Best node =  -1.996844e+01
Best integer =  -1.526990e+01  Node =       0  Best node =  -1.996844e+01
Best integer =  -1.726990e+01  Node =       0  Best node =  -1.935087e+01
Best integer =  -1.887740e+01  Node =       1  Best node =  -1.921043e+01

Gomory fractional cuts applied:  5
***********************************************************

***********************************************************
-------------------Iteration: 28
CPXPARAM_MIP_Display                             1
CPXPARAM_MIP_Strategy_CallbackReducedLP          0
Tried aggregator 1 time.
No LP presolve or aggregator reductions.
Presolve time = 0.00 sec. (0.13 ticks)

Iteration log . . .
Iteration:     1   Dual objective     =             0.000000
Iteration:    62   Dual objective     =             0.387155
Iteration:   124   Dual objective     =             0.604404
Iteration:   186   Dual objective     =             0.679221
***********************************************************
Objective value of restricted master problem: 0.679385
Lamda: 0.059983 0.00918337 0.0192685 0.0432325 0.0770191 0.15 0.0691301 0.0609523 0.0543572 0.0576264 0.0586617 0.0319578 0.0465572 0.0376204 0.0420666 0.0270498 0.0301565 0.0242067 0.020017 0.0159311 0.00799495 0.00889835 0.00995552 0.00975616 0.0100912 0.0064869 0.00885881 0.00298094 
***********************************************************
CPXPARAM_MIP_Display                             1
CPXPARAM_MIP_Strategy_CallbackReducedLP          0
Tried aggregator 2 times.
MIP Presolve eliminated 40300 rows and 0 columns.
Aggregator did 780 substitutions.
Reduced MIP has 20390 rows, 930 columns, and 60630 nonzeros.
Reduced MIP has 780 binaries, 0 generals, 0 SOSs, and 0 indicators.
Presolve time = 0.16 sec. (123.33 ticks)
Probing time = 0.00 sec. (1.31 ticks)
Tried aggregator 1 time.
Reduced MIP has 20390 rows, 930 columns, and 60630 nonzeros.
Reduced MIP has 780 binaries, 0 generals, 0 SOSs, and 0 indicators.
Presolve time = 0.04 sec. (28.90 ticks)
Probing time = 0.00 sec. (1.31 ticks)
MIP emphasis: balance optimality and feasibility.
MIP search method: dynamic search.
Parallel mode: deterministic, using up to 8 threads.

Node log . . .
Best integer =   2.000000e+00  Node =       0  Best node =  -6.416503e+01
Best integer =  -8.881784e-16  Node =       0  Best node =  -6.416503e+01
Best integer =  -1.420067e+00  Node =       0  Best node =  -6.416503e+01
Best integer =  -8.013565e+00  Node =       0  Best node =  -1.914482e+01
Best integer =  -1.182069e+01  Node =       0  Best node =  -1.914482e+01
Best integer =  -1.724235e+01  Node =       0  Best node =  -1.906725e+01
Best integer =  -1.732912e+01  Node =       7  Best node =  -1.906725e+01
Best integer =  -1.838020e+01  Node =       7  Best node =  -1.906725e+01
Best integer =  -1.846845e+01  Node =      36  Best node =  -1.901571e+01

Zero-half cuts applied:  12
Gomory fractional cuts applied:  7
***********************************************************

***********************************************************
-------------------Iteration: 29
CPXPARAM_MIP_Display                             1
CPXPARAM_MIP_Strategy_CallbackReducedLP          0
Tried aggregator 1 time.
No LP presolve or aggregator reductions.
Presolve time = 0.00 sec. (0.13 ticks)

Iteration log . . .
Iteration:     1   Dual objective     =             0.000000
Iteration:    62   Dual objective     =             0.370735
Iteration:   124   Dual objective     =             0.604357
***********************************************************
Objective value of restricted master problem: 0.64835
Lamda: 0.06 0.00955903 0.0181989 0.0422729 0.0772307 0.150331 0.0686292 0.0593322 0.0537703 0.0574713 0.0580944 0.0316921 0.0457686 0.0366707 0.0401102 0.0258599 0.0301827 0.0246346 0.02 0.0169094 0.0077271 0.0096951 0.0118319 0.0110684 0.00998803 0.00716644 0.0087489 0.00276931 0.00428688 
***********************************************************
CPXPARAM_MIP_Display                             1
CPXPARAM_MIP_Strategy_CallbackReducedLP          0
Tried aggregator 2 times.
MIP Presolve eliminated 40300 rows and 0 columns.
Aggregator did 780 substitutions.
Reduced MIP has 20390 rows, 930 columns, and 60630 nonzeros.
Reduced MIP has 780 binaries, 0 generals, 0 SOSs, and 0 indicators.
Presolve time = 0.16 sec. (123.33 ticks)
Probing time = 0.00 sec. (1.31 ticks)
Tried aggregator 1 time.
Reduced MIP has 20390 rows, 930 columns, and 60630 nonzeros.
Reduced MIP has 780 binaries, 0 generals, 0 SOSs, and 0 indicators.
Presolve time = 0.03 sec. (28.23 ticks)
Probing time = 0.00 sec. (1.31 ticks)
MIP emphasis: balance optimality and feasibility.
MIP search method: dynamic search.
Parallel mode: deterministic, using up to 8 threads.

Node log . . .
Best integer =   3.271072e+00  Node =       0  Best node =  -6.305216e+01
Best integer =   0.000000e+00  Node =       0  Best node =  -6.305216e+01
Best integer =  -2.000000e+00  Node =       0  Best node =  -6.305216e+01
Best integer =  -1.449420e+01  Node =       0  Best node =  -2.187577e+01
Best integer =  -2.187577e+01  Node =       0  Best node =  -2.187577e+01
***********************************************************

***********************************************************
-------------------Iteration: 30
CPXPARAM_MIP_Display                             1
CPXPARAM_MIP_Strategy_CallbackReducedLP          0
Tried aggregator 1 time.
No LP presolve or aggregator reductions.
Presolve time = 0.00 sec. (0.14 ticks)

Iteration log . . .
Iteration:     1   Dual objective     =             0.000000
Iteration:    62   Dual objective     =             0.318154
Iteration:   124   Dual objective     =             0.557760
***********************************************************
Objective value of restricted master problem: 0.593029
Lamda: 0.0593543 0.0070394 0.0175241 0.0407576 0.0762971 0.150776 0.0671553 0.0574082 0.054262 0.0560939 0.0582179 0.0319372 0.0462537 0.0386986 0.0391529 0.025807 0.0288736 0.0242462 0.0203132 0.0173052 0.00853287 0.00821498 0.0123289 0.0109642 0.0110245 0.00743985 0.0110234 0.00360225 0.0054745 0.00392073 
***********************************************************
CPXPARAM_MIP_Display                             1
CPXPARAM_MIP_Strategy_CallbackReducedLP          0
Tried aggregator 2 times.
MIP Presolve eliminated 40300 rows and 0 columns.
Aggregator did 780 substitutions.
Reduced MIP has 20390 rows, 930 columns, and 60630 nonzeros.
Reduced MIP has 780 binaries, 0 generals, 0 SOSs, and 0 indicators.
Presolve time = 0.16 sec. (123.37 ticks)
Probing time = 0.00 sec. (1.31 ticks)
Tried aggregator 1 time.
Reduced MIP has 20390 rows, 930 columns, and 60630 nonzeros.
Reduced MIP has 780 binaries, 0 generals, 0 SOSs, and 0 indicators.
Presolve time = 0.03 sec. (28.22 ticks)
Probing time = 0.00 sec. (1.31 ticks)
MIP emphasis: balance optimality and feasibility.
MIP search method: dynamic search.
Parallel mode: deterministic, using up to 8 threads.

Node log . . .
Best integer =   0.000000e+00  Node =       0  Best node =  -5.939909e+01
Best integer =  -2.002428e+01  Node =       0  Best node =  -2.002428e+01
***********************************************************

***********************************************************
-------------------Iteration: 31
CPXPARAM_MIP_Display                             1
CPXPARAM_MIP_Strategy_CallbackReducedLP          0
Tried aggregator 1 time.
No LP presolve or aggregator reductions.
Presolve time = 0.00 sec. (0.14 ticks)

Iteration log . . .
Iteration:     1   Dual objective     =             0.000000
Iteration:    62   Dual objective     =             0.335429
Iteration:   124   Dual objective     =             0.518675
Iteration:   186   Dual objective     =             0.566004
***********************************************************
Objective value of restricted master problem: 0.566004
Lamda: 0.0579188 0.00590806 0.0163388 0.0391458 0.075176 0.150998 0.0658801 0.0560282 0.0551729 0.0558936 0.0576931 0.0317612 0.0466991 0.0388372 0.0399441 0.0264506 0.0288372 0.0244295 0.0207279 0.0175347 0.00889107 0.00856285 0.0122479 0.0108542 0.0112642 0.00657175 0.0116608 0.00482398 0.00540899 0.00521744 0.00312176 
***********************************************************
CPXPARAM_MIP_Display                             1
CPXPARAM_MIP_Strategy_CallbackReducedLP          0
Tried aggregator 2 times.
MIP Presolve eliminated 40300 rows and 0 columns.
Aggregator did 780 substitutions.
Reduced MIP has 20390 rows, 930 columns, and 60630 nonzeros.
Reduced MIP has 780 binaries, 0 generals, 0 SOSs, and 0 indicators.
Presolve time = 0.16 sec. (123.33 ticks)
Probing time = 0.00 sec. (1.31 ticks)
Tried aggregator 1 time.
Reduced MIP has 20390 rows, 930 columns, and 60630 nonzeros.
Reduced MIP has 780 binaries, 0 generals, 0 SOSs, and 0 indicators.
Presolve time = 0.03 sec. (28.23 ticks)
Probing time = 0.00 sec. (1.31 ticks)
MIP emphasis: balance optimality and feasibility.
MIP search method: dynamic search.
Parallel mode: deterministic, using up to 8 threads.

Node log . . .
Best integer =   0.000000e+00  Node =       0  Best node =  -6.182238e+01
Best integer =  -1.897451e+00  Node =       0  Best node =  -6.182238e+01
Best integer =  -1.776331e+01  Node =       0  Best node =  -1.890850e+01

Gomory fractional cuts applied:  5
***********************************************************

***********************************************************
-------------------Iteration: 32
CPXPARAM_MIP_Display                             1
CPXPARAM_MIP_Strategy_CallbackReducedLP          0
Tried aggregator 1 time.
No LP presolve or aggregator reductions.
Presolve time = 0.00 sec. (0.14 ticks)

Iteration log . . .
Iteration:     1   Dual objective     =             0.000000
Iteration:    62   Dual objective     =             0.330808
Iteration:   124   Dual objective     =             0.512423
***********************************************************
Objective value of restricted master problem: 0.552216
Lamda: 0.0576472 0.00562445 0.0151084 0.0387501 0.0735604 0.151114 0.0651039 0.0552042 0.0544113 0.056049 0.0579605 0.0312029 0.0478855 0.0379815 0.0399755 0.0264641 0.0292069 0.0247206 0.0207133 0.0185223 0.00866383 0.00893237 0.0125993 0.0112499 0.0120185 0.00659057 0.0117405 0.00445681 0.00586348 0.00518965 0.00350619 0.00198275 
***********************************************************
CPXPARAM_MIP_Display                             1
CPXPARAM_MIP_Strategy_CallbackReducedLP          0
Tried aggregator 2 times.
MIP Presolve eliminated 40300 rows and 0 columns.
Aggregator did 780 substitutions.
Reduced MIP has 20390 rows, 930 columns, and 60630 nonzeros.
Reduced MIP has 780 binaries, 0 generals, 0 SOSs, and 0 indicators.
Presolve time = 0.16 sec. (123.33 ticks)
Probing time = 0.00 sec. (1.31 ticks)
Tried aggregator 1 time.
Reduced MIP has 20390 rows, 930 columns, and 60630 nonzeros.
Reduced MIP has 780 binaries, 0 generals, 0 SOSs, and 0 indicators.
Presolve time = 0.03 sec. (28.25 ticks)
Probing time = 0.00 sec. (1.31 ticks)
MIP emphasis: balance optimality and feasibility.
MIP search method: dynamic search.
Parallel mode: deterministic, using up to 8 threads.

Node log . . .
Best integer =   9.778972e-01  Node =       0  Best node =  -6.148369e+01
Best integer =   0.000000e+00  Node =       0  Best node =  -6.148369e+01
Best integer =  -1.707713e+00  Node =       0  Best node =  -6.148369e+01
Best integer =  -2.031494e+01  Node =       0  Best node =  -2.031494e+01
***********************************************************

***********************************************************
-------------------Iteration: 33
CPXPARAM_MIP_Display                             1
CPXPARAM_MIP_Strategy_CallbackReducedLP          0
Tried aggregator 1 time.
No LP presolve or aggregator reductions.
Presolve time = 0.00 sec. (0.14 ticks)

Iteration log . . .
Iteration:     1   Dual objective     =             0.000000
Iteration:    62   Dual objective     =             0.281949
Iteration:   124   Dual objective     =             0.481991
Iteration:   186   Dual objective     =             0.522600
***********************************************************
Objective value of restricted master problem: 0.522785
Lamda: 0.0566203 0.00499199 0.0142872 0.0384778 0.0730948 0.151393 0.0640211 0.0546631 0.0546331 0.0554292 0.0565595 0.0304345 0.0477714 0.037994 0.0402127 0.0266924 0.0289813 0.0246827 0.0208329 0.0186393 0.00819931 0.00904367 0.0135744 0.0115222 0.012006 0.00739885 0.0124347 0.00452417 0.00629321 0.00578419 0.003469 0.00238098 0.00295669 
***********************************************************
CPXPARAM_MIP_Display                             1
CPXPARAM_MIP_Strategy_CallbackReducedLP          0
Tried aggregator 2 times.
MIP Presolve eliminated 40300 rows and 0 columns.
Aggregator did 780 substitutions.
Reduced MIP has 20390 rows, 930 columns, and 60630 nonzeros.
Reduced MIP has 780 binaries, 0 generals, 0 SOSs, and 0 indicators.
Presolve time = 0.19 sec. (123.33 ticks)
Probing time = 0.00 sec. (1.31 ticks)
Tried aggregator 1 time.
Reduced MIP has 20390 rows, 930 columns, and 60630 nonzeros.
Reduced MIP has 780 binaries, 0 generals, 0 SOSs, and 0 indicators.
Presolve time = 0.03 sec. (28.23 ticks)
Probing time = 0.00 sec. (1.31 ticks)
MIP emphasis: balance optimality and feasibility.
MIP search method: dynamic search.
Parallel mode: deterministic, using up to 8 threads.

Node log . . .
Best integer =   2.000000e+00  Node =       0  Best node =  -6.300050e+01
Best integer =  -8.881784e-16  Node =       0  Best node =  -6.300050e+01
Best integer =  -1.217557e+01  Node =       0  Best node =  -1.904748e+01
Best integer =  -1.900459e+01  Node =       0  Best node =  -1.904748e+01

Gomory fractional cuts applied:  10
***********************************************************

***********************************************************
-------------------Iteration: 34
CPXPARAM_MIP_Display                             1
CPXPARAM_MIP_Strategy_CallbackReducedLP          0
Tried aggregator 1 time.
No LP presolve or aggregator reductions.
Presolve time = 0.00 sec. (0.14 ticks)

Iteration log . . .
Iteration:     1   Dual objective     =             0.000000
Iteration:    62   Dual objective     =             0.259607
Iteration:   124   Dual objective     =             0.467340
Iteration:   186   Dual objective     =             0.498040
***********************************************************
Objective value of restricted master problem: 0.498041
Lamda: 0.0558527 0.00400683 0.0119052 0.0376666 0.0719052 0.150231 0.062296 0.0526748 0.0552463 0.0545828 0.0559932 0.0292967 0.0480948 0.0376999 0.0405792 0.0274901 0.0302473 0.0251744 0.0199339 0.0198026 0.00825119 0.00956282 0.0146584 0.0123334 0.0122763 0.00816091 0.0128553 0.00429461 0.00621803 0.00638943 0.00408221 0.00380016 0.00405243 0.00238537 
***********************************************************
CPXPARAM_MIP_Display                             1
CPXPARAM_MIP_Strategy_CallbackReducedLP          0
Tried aggregator 2 times.
MIP Presolve eliminated 40300 rows and 0 columns.
Aggregator did 780 substitutions.
Reduced MIP has 20390 rows, 930 columns, and 60630 nonzeros.
Reduced MIP has 780 binaries, 0 generals, 0 SOSs, and 0 indicators.
Presolve time = 0.17 sec. (123.33 ticks)
Probing time = 0.00 sec. (1.31 ticks)
Tried aggregator 1 time.
Reduced MIP has 20390 rows, 930 columns, and 60630 nonzeros.
Reduced MIP has 780 binaries, 0 generals, 0 SOSs, and 0 indicators.
Presolve time = 0.04 sec. (28.23 ticks)
Probing time = 0.01 sec. (1.31 ticks)
MIP emphasis: balance optimality and feasibility.
MIP search method: dynamic search.
Parallel mode: deterministic, using up to 8 threads.

Node log . . .
Best integer =   2.000000e+00  Node =       0  Best node =  -6.314468e+01
Best integer =  -8.881784e-16  Node =       0  Best node =  -6.314468e+01
Best integer =  -1.163294e+01  Node =       0  Best node =  -1.924422e+01
Best integer =  -1.563294e+01  Node =       0  Best node =  -1.924422e+01
Best integer =  -1.579105e+01  Node =       0  Best node =  -1.899381e+01
Best integer =  -1.883146e+01  Node =       0  Best node =  -1.899381e+01

Zero-half cuts applied:  42
Gomory fractional cuts applied:  19
***********************************************************

***********************************************************
-------------------Iteration: 35
CPXPARAM_MIP_Display                             1
CPXPARAM_MIP_Strategy_CallbackReducedLP          0
Tried aggregator 1 time.
No LP presolve or aggregator reductions.
Presolve time = 0.00 sec. (0.14 ticks)

Iteration log . . .
Iteration:     1   Dual objective     =             0.000000
Iteration:    62   Dual objective     =             0.259176
Iteration:   124   Dual objective     =             0.444205
Iteration:   186   Dual objective     =             0.475057
***********************************************************
Objective value of restricted master problem: 0.475057
Lamda: 0.0558273 0.00446777 0.0123864 0.0381211 0.0720118 0.150317 0.06278 0.0539027 0.0551055 0.0551309 0.0555322 0.028912 0.0477396 0.0366523 0.0404236 0.0269307 0.0302202 0.0246627 0.0192109 0.0183996 0.00691711 0.00953018 0.0143749 0.0126883 0.0125923 0.00774371 0.0130891 0.00361896 0.0062915 0.00573685 0.00496179 0.00377448 0.00417268 0.00316973 0.00260428 
***********************************************************
CPXPARAM_MIP_Display                             1
CPXPARAM_MIP_Strategy_CallbackReducedLP          0
Tried aggregator 2 times.
MIP Presolve eliminated 40300 rows and 0 columns.
Aggregator did 780 substitutions.
Reduced MIP has 20390 rows, 930 columns, and 60630 nonzeros.
Reduced MIP has 780 binaries, 0 generals, 0 SOSs, and 0 indicators.
Presolve time = 0.16 sec. (123.33 ticks)
Probing time = 0.00 sec. (1.31 ticks)
Tried aggregator 1 time.
Reduced MIP has 20390 rows, 930 columns, and 60630 nonzeros.
Reduced MIP has 780 binaries, 0 generals, 0 SOSs, and 0 indicators.
Presolve time = 0.04 sec. (28.23 ticks)
Probing time = 0.01 sec. (1.31 ticks)
MIP emphasis: balance optimality and feasibility.
MIP search method: dynamic search.
Parallel mode: deterministic, using up to 8 threads.

Node log . . .
Best integer =   2.588357e+00  Node =       0  Best node =  -6.169695e+01
Best integer =  -8.881784e-16  Node =       0  Best node =  -6.169695e+01
Best integer =  -7.917106e+00  Node =       0  Best node =  -1.882471e+01
Best integer =  -1.019482e+01  Node =       0  Best node =  -1.869959e+01
Best integer =  -1.269959e+01  Node =       0  Best node =  -1.869959e+01
Best integer =  -1.669959e+01  Node =       0  Best node =  -1.869959e+01
Best integer =  -1.869959e+01  Node =       0  Best node =  -1.869959e+01

Zero-half cuts applied:  2
Gomory fractional cuts applied:  19
***********************************************************

***********************************************************
-------------------Iteration: 36
CPXPARAM_MIP_Display                             1
CPXPARAM_MIP_Strategy_CallbackReducedLP          0
Tried aggregator 1 time.
No LP presolve or aggregator reductions.
Presolve time = 0.00 sec. (0.15 ticks)

Iteration log . . .
Iteration:     1   Dual objective     =             0.000000
Iteration:    62   Dual objective     =             0.229771
Iteration:   124   Dual objective     =             0.426528
Iteration:   186   Dual objective     =             0.460818
***********************************************************
Objective value of restricted master problem: 0.461193
Lamda: 0.0550175 0.00352935 0.0123548 0.0378588 0.0709628 0.150615 0.0624202 0.0534736 0.0548366 0.0549825 0.055549 0.0286815 0.0476446 0.0363904 0.0406915 0.0265537 0.0305056 0.0243743 0.0188816 0.0177493 0.00681858 0.00980072 0.0142653 0.0129638 0.0125045 0.00803445 0.0135836 0.00361766 0.0067257 0.00583045 0.00571038 0.0039835 0.00457002 0.00353465 0.00354788 0.00143601 
***********************************************************
CPXPARAM_MIP_Display                             1
CPXPARAM_MIP_Strategy_CallbackReducedLP          0
Tried aggregator 2 times.
MIP Presolve eliminated 40300 rows and 0 columns.
Aggregator did 780 substitutions.
Reduced MIP has 20390 rows, 930 columns, and 60630 nonzeros.
Reduced MIP has 780 binaries, 0 generals, 0 SOSs, and 0 indicators.
Presolve time = 0.17 sec. (123.33 ticks)
Probing time = 0.00 sec. (1.31 ticks)
Tried aggregator 1 time.
Reduced MIP has 20390 rows, 930 columns, and 60630 nonzeros.
Reduced MIP has 780 binaries, 0 generals, 0 SOSs, and 0 indicators.
Presolve time = 0.03 sec. (28.15 ticks)
Probing time = 0.00 sec. (1.31 ticks)
MIP emphasis: balance optimality and feasibility.
MIP search method: dynamic search.
Parallel mode: deterministic, using up to 8 threads.

Node log . . .
Best integer =   2.169277e+00  Node =       0  Best node =  -6.492703e+01
Best integer =  -8.881784e-16  Node =       0  Best node =  -6.492703e+01
Best integer =  -1.236891e+00  Node =       0  Best node =  -6.492703e+01
Best integer =  -1.536259e+01  Node =       0  Best node =  -1.946009e+01
Best integer =  -1.565160e+01  Node =       0  Best node =  -1.946009e+01
Best integer =  -1.729713e+01  Node =       0  Best node =  -1.945278e+01
Best integer =  -1.864480e+01  Node =       0  Best node =  -1.945278e+01

Zero-half cuts applied:  3
Gomory fractional cuts applied:  2
***********************************************************

***********************************************************
-------------------Iteration: 37
CPXPARAM_MIP_Display                             1
CPXPARAM_MIP_Strategy_CallbackReducedLP          0
Tried aggregator 1 time.
No LP presolve or aggregator reductions.
Presolve time = 0.00 sec. (0.15 ticks)

Iteration log . . .
Iteration:     1   Dual objective     =             0.000000
Iteration:    62   Dual objective     =             0.217882
Iteration:   124   Dual objective     =             0.375394
Iteration:   186   Dual objective     =             0.438962
***********************************************************
Objective value of restricted master problem: 0.441106
Lamda: 0.0541127 0.00251488 0.0119182 0.0371486 0.0703688 0.150639 0.0611862 0.0523268 0.0540008 0.0543366 0.0551815 0.0289975 0.0474838 0.0356818 0.0409378 0.0255257 0.0303616 0.0240744 0.0191691 0.0179265 0.00749727 0.00984759 0.0144186 0.0128901 0.0129874 0.00806583 0.0142497 0.00349565 0.00586884 0.00630125 0.00665395 0.00422458 0.00554865 0.00381035 0.00416962 0.00316766 0.00291054 
***********************************************************
CPXPARAM_MIP_Display                             1
CPXPARAM_MIP_Strategy_CallbackReducedLP          0
Tried aggregator 2 times.
MIP Presolve eliminated 40300 rows and 0 columns.
Aggregator did 780 substitutions.
Reduced MIP has 20390 rows, 930 columns, and 60630 nonzeros.
Reduced MIP has 780 binaries, 0 generals, 0 SOSs, and 0 indicators.
Presolve time = 0.17 sec. (123.33 ticks)
Probing time = 0.00 sec. (1.31 ticks)
Tried aggregator 1 time.
Reduced MIP has 20390 rows, 930 columns, and 60630 nonzeros.
Reduced MIP has 780 binaries, 0 generals, 0 SOSs, and 0 indicators.
Presolve time = 0.04 sec. (28.23 ticks)
Probing time = 0.01 sec. (1.31 ticks)
MIP emphasis: balance optimality and feasibility.
MIP search method: dynamic search.
Parallel mode: deterministic, using up to 8 threads.

Node log . . .
Best integer =   2.067880e+00  Node =       0  Best node =  -6.294347e+01
Best integer =   0.000000e+00  Node =       0  Best node =  -6.294347e+01
Best integer =  -1.328169e+00  Node =       0  Best node =  -6.294347e+01
Best integer =  -1.882751e+01  Node =       0  Best node =  -1.999619e+01
Best integer =  -1.954532e+01  Node =       0  Best node =  -1.999619e+01

Gomory fractional cuts applied:  3
***********************************************************

***********************************************************
-------------------Iteration: 38
CPXPARAM_MIP_Display                             1
CPXPARAM_MIP_Strategy_CallbackReducedLP          0
Tried aggregator 1 time.
No LP presolve or aggregator reductions.
Presolve time = 0.00 sec. (0.15 ticks)

Iteration log . . .
Iteration:     1   Dual objective     =             0.000000
Iteration:    62   Dual objective     =             0.209320
Iteration:   124   Dual objective     =             0.352694
Iteration:   186   Dual objective     =             0.408477
***********************************************************
Objective value of restricted master problem: 0.408514
Lamda: 0.0531983 0.000973894 0.00947274 0.0371293 0.0677595 0.149768 0.0584834 0.0512598 0.0541908 0.0518887 0.0541131 0.0286444 0.0471401 0.035702 0.0414002 0.0256559 0.0311458 0.0234635 0.019127 0.0168805 0.00579474 0.00989758 0.0152726 0.0128707 0.0145197 0.00789204 0.0152812 0.00313392 0.00466362 0.00741576 0.00818584 0.00497964 0.00650116 0.0051902 0.00629176 0.00510042 0.00491302 0.00469853 
***********************************************************
CPXPARAM_MIP_Display                             1
CPXPARAM_MIP_Strategy_CallbackReducedLP          0
Tried aggregator 2 times.
MIP Presolve eliminated 40300 rows and 0 columns.
Aggregator did 780 substitutions.
Reduced MIP has 20390 rows, 930 columns, and 60630 nonzeros.
Reduced MIP has 780 binaries, 0 generals, 0 SOSs, and 0 indicators.
Presolve time = 0.17 sec. (123.37 ticks)
Probing time = 0.00 sec. (1.31 ticks)
Tried aggregator 1 time.
Reduced MIP has 20390 rows, 930 columns, and 60630 nonzeros.
Reduced MIP has 780 binaries, 0 generals, 0 SOSs, and 0 indicators.
Presolve time = 0.03 sec. (28.14 ticks)
Probing time = 0.01 sec. (1.31 ticks)
MIP emphasis: balance optimality and feasibility.
MIP search method: dynamic search.
Parallel mode: deterministic, using up to 8 threads.

Node log . . .
Best integer =   2.000000e+00  Node =       0  Best node =  -6.701962e+01
Best integer =   0.000000e+00  Node =       0  Best node =  -6.701962e+01
Best integer =  -6.670701e-02  Node =       0  Best node =  -6.701962e+01
Best integer =  -9.373713e+00  Node =       0  Best node =  -1.737371e+01
Best integer =  -1.737371e+01  Node =       0  Best node =  -1.737371e+01
***********************************************************

***********************************************************
-------------------Iteration: 39
CPXPARAM_MIP_Display                             1
CPXPARAM_MIP_Strategy_CallbackReducedLP          0
Tried aggregator 1 time.
No LP presolve or aggregator reductions.
Presolve time = 0.00 sec. (0.15 ticks)

Iteration log . . .
Iteration:     1   Dual objective     =             0.000000
Iteration:    62   Dual objective     =             0.206516
Iteration:   124   Dual objective     =             0.346494
Iteration:   186   Dual objective     =             0.385933
***********************************************************
Objective value of restricted master problem: 0.387276
Lamda: 0.0533242 0.000837089 0.00874462 0.0359472 0.0677643 0.149719 0.0582679 0.0504209 0.0538566 0.0518381 0.0540006 0.0283334 0.0481668 0.0362253 0.0404983 0.0254676 0.0308548 0.0240528 0.0190589 0.0171079 0.00579069 0.0106561 0.0155233 0.0132654 0.0145621 0.00732681 0.0150862 0.00320935 0.00521968 0.00734606 0.00861155 0.00497388 0.00667579 0.00514491 0.0058903 0.00405251 0.00516228 0.00479988 0.00221732 
***********************************************************
CPXPARAM_MIP_Display                             1
CPXPARAM_MIP_Strategy_CallbackReducedLP          0
Tried aggregator 2 times.
MIP Presolve eliminated 40300 rows and 0 columns.
Aggregator did 780 substitutions.
Reduced MIP has 20390 rows, 930 columns, and 60630 nonzeros.
Reduced MIP has 780 binaries, 0 generals, 0 SOSs, and 0 indicators.
Presolve time = 0.17 sec. (123.33 ticks)
Probing time = 0.00 sec. (1.31 ticks)
Tried aggregator 1 time.
Reduced MIP has 20390 rows, 930 columns, and 60630 nonzeros.
Reduced MIP has 780 binaries, 0 generals, 0 SOSs, and 0 indicators.
Presolve time = 0.04 sec. (28.15 ticks)
Probing time = 0.01 sec. (1.31 ticks)
MIP emphasis: balance optimality and feasibility.
MIP search method: dynamic search.
Parallel mode: deterministic, using up to 8 threads.

Node log . . .
Best integer =   2.000000e+00  Node =       0  Best node =  -7.079994e+01
Best integer =   0.000000e+00  Node =       0  Best node =  -7.079994e+01
Best integer =  -8.985889e+00  Node =       0  Best node =  -1.682005e+01
Best integer =  -1.098589e+01  Node =       0  Best node =  -1.682005e+01
Best integer =  -1.298589e+01  Node =       0  Best node =  -1.682005e+01
Best integer =  -1.498589e+01  Node =       0  Best node =  -1.682005e+01
Best integer =  -1.546816e+01  Node =       9  Best node =  -1.682005e+01
Best integer =  -1.640708e+01  Node =      53  Best node =  -1.682005e+01

Gomory fractional cuts applied:  3
***********************************************************

***********************************************************
Ranking data list: 
Ranking collect: 0 1 2 3 4 5 6 7 8 9 10 11 12 13 14 15 16 17 18 19 20 21 22 23 24 25 26 27 28 29 30 31 32 33 34 35 36 37 38 39 
Ranking collect: 39 38 37 36 35 34 33 32 31 30 29 28 27 26 25 24 23 22 21 20 19 18 17 16 15 14 13 12 11 10 9 8 7 6 5 4 3 2 1 0 
Ranking collect: 11 23 33 28 22 14 21 13 18 20 10 15 31 32 27 24 17 9 4 12 19 34 26 6 29 7 3 36 25 16 35 38 37 5 0 8 30 39 2 1 
Ranking collect: 19 13 32 34 15 10 37 6 7 9 0 31 29 20 27 12 21 24 17 3 18 2 30 4 23 36 14 39 35 8 25 16 33 28 38 26 5 22 1 11 
Ranking collect: 26 23 18 8 14 0 19 12 36 37 34 10 15 9 21 17 35 31 28 39 29 25 16 13 5 2 4 30 6 3 24 20 33 22 27 11 1 38 32 7 
Ranking collect: 15 39 10 8 18 34 5 0 37 30 29 9 4 21 31 28 19 33 14 35 1 22 2 17 36 16 12 23 25 6 24 27 20 3 26 38 13 32 7 11 
Ranking collect: 4 30 2 37 16 0 35 34 19 15 39 29 10 17 33 23 25 24 21 3 31 22 20 9 28 12 8 18 26 6 1 7 13 27 14 11 5 36 38 32 
Ranking collect: 29 37 28 10 25 23 0 9 15 27 4 33 12 1 24 22 5 34 17 35 14 39 20 13 2 8 19 38 31 6 30 26 18 11 32 36 7 16 21 3 
Ranking collect: 38 10 27 15 29 4 12 1 0 23 19 18 39 21 31 13 35 26 36 16 14 20 2 3 9 11 17 6 32 5 37 22 7 30 24 28 34 25 8 33 
Ranking collect: 7 34 9 30 26 28 21 0 38 15 12 29 33 19 8 35 18 17 16 23 4 3 14 32 31 2 6 27 39 5 22 1 20 10 25 11 24 36 37 13 
Ranking collect: 32 31 23 0 10 37 19 18 33 36 8 35 11 34 39 28 3 24 17 15 20 22 13 29 27 30 14 16 5 9 12 4 2 7 38 25 1 26 21 6 
Ranking collect: 9 13 33 18 27 35 34 23 22 25 19 37 2 3 36 8 4 15 16 11 31 0 24 17 38 39 10 14 29 12 7 1 21 30 28 20 26 32 6 5 
Ranking collect: 0 34 16 29 4 8 26 21 15 11 18 3 37 19 33 6 23 36 22 30 14 9 2 39 25 31 20 38 7 1 10 27 35 28 24 5 32 13 12 17 
Ranking collect: 9 15 20 14 29 39 34 10 19 35 38 0 3 2 36 11 37 5 17 33 6 27 16 22 1 25 7 8 24 21 18 26 31 28 4 32 12 23 30 13 
Ranking collect: 8 37 36 0 23 2 4 9 10 13 14 5 15 16 17 19 22 21 28 26 1 11 7 25 3 12 24 31 6 18 20 27 29 30 32 33 34 35 38 39 
Ranking collect: 30 23 19 25 31 33 18 22 0 1 37 34 12 39 17 2 27 7 9 20 24 4 13 10 6 28 36 14 15 16 35 38 32 3 8 11 21 26 29 5 
Ranking collect: 4 34 30 18 9 11 7 0 3 35 2 1 22 37 12 26 27 39 8 10 23 25 36 28 31 20 21 6 24 13 29 14 15 16 19 17 32 33 5 38 
Ranking collect: 4 39 33 28 10 19 23 30 26 6 1 11 12 3 15 18 21 20 8 38 7 2 25 22 35 17 32 5 14 24 9 37 34 16 29 27 36 13 0 31 
Ranking collect: 9 0 17 20 10 35 25 23 26 1 19 13 16 15 22 5 38 32 7 3 2 18 12 4 28 29 11 37 30 39 34 27 33 14 8 24 21 36 6 31 
Ranking collect: 34 7 33 4 27 12 37 2 20 28 18 17 8 26 1 5 39 29 21 36 13 0 23 22 30 19 10 38 32 35 24 31 6 25 15 16 3 9 11 14 
Ranking collect: 8 15 33 39 24 22 4 30 26 1 0 23 5 28 21 34 18 25 16 35 7 32 29 10 2 37 27 38 12 11 13 31 20 36 19 9 3 6 17 14 
Ranking collect: 16 0 23 18 28 5 34 32 31 39 19 10 25 1 21 33 22 27 3 2 37 17 11 4 29 7 15 6 24 26 36 35 38 8 30 12 13 9 20 14 
Ranking collect: 23 0 2 37 19 38 15 11 35 4 22 21 8 28 33 31 25 17 13 14 16 10 24 34 36 29 9 1 18 6 3 32 30 39 7 5 12 27 26 20 
Ranking collect: 15 10 33 8 35 0 36 9 25 34 27 39 7 1 22 21 23 18 13 31 26 6 30 2 37 28 5 32 11 19 4 12 24 17 29 3 38 14 16 20 
Ranking collect: 15 0 32 5 34 39 12 20 19 16 9 38 27 33 37 36 4 31 25 7 2 29 22 21 26 23 10 1 17 11 3 24 18 13 35 8 6 14 30 28 
Ranking collect: 17 19 18 37 30 26 29 38 28 9 3 39 4 2 5 27 34 10 7 36 35 1 21 31 14 23 0 33 6 32 20 8 13 22 11 25 15 16 12 24 
Ranking collect: 30 23 16 0 34 5 37 28 27 26 4 2 3 25 19 17 22 18 11 39 15 24 8 35 33 13 1 7 31 10 6 36 14 29 9 20 32 38 21 12 
Ranking collect: 14 37 10 1 19 18 11 23 26 30 27 32 21 35 4 25 9 8 17 15 16 2 0 22 12 33 34 29 3 24 28 20 13 36 5 7 31 38 39 6 
Ranking collect: 22 29 4 30 23 13 37 27 28 8 20 19 18 25 17 21 0 3 11 38 34 35 9 10 36 14 2 24 32 6 39 1 33 7 26 31 12 5 16 15 
Ranking collect: 34 35 36 8 25 4 0 2 28 3 10 14 13 9 32 33 19 31 23 26 21 27 39 17 22 18 1 29 24 7 6 20 30 12 16 15 38 37 11 5 
Ranking collect: 19 37 9 13 0 39 4 32 14 35 3 10 24 11 36 29 17 23 21 27 30 34 6 22 31 5 2 25 38 15 16 7 18 28 33 8 12 1 20 26 
Ranking collect: 33 19 20 4 38 10 9 15 11 23 7 1 32 6 2 5 35 25 30 39 12 27 34 0 26 36 37 24 21 31 3 16 29 18 22 17 28 8 13 14 
Ranking collect: 4 30 14 10 21 16 9 18 34 35 6 23 11 33 19 32 7 22 24 3 31 39 17 1 8 27 15 25 26 29 13 37 38 12 20 28 2 36 5 0 
Ranking collect: 0 9 14 8 10 20 11 33 39 19 34 28 18 25 22 21 23 30 31 35 37 24 6 4 26 17 13 7 16 12 29 3 15 32 5 2 1 38 36 27 
Ranking collect: 29 18 23 26 12 11 8 25 27 33 32 22 39 19 1 35 31 34 28 9 10 7 4 17 20 38 30 24 14 13 2 0 36 21 3 5 16 37 6 15 
Ranking collect: 0 2 27 12 17 1 36 26 21 34 35 31 25 3 22 16 14 19 13 30 23 10 8 15 39 38 37 28 4 29 24 7 9 18 33 20 6 11 32 5 
Ranking collect: 4 30 7 37 19 20 26 39 32 33 0 23 21 34 31 15 38 11 25 17 35 36 16 5 24 1 29 14 22 18 13 3 6 8 10 9 28 2 27 12 
Ranking collect: 10 30 37 26 28 8 36 2 33 19 39 6 34 4 17 27 14 31 9 23 1 22 29 20 24 38 7 13 5 21 11 0 25 18 12 32 3 35 16 15 
Ranking collect: 7 2 18 27 26 15 11 31 0 39 17 6 34 28 16 22 4 21 9 30 13 14 24 1 36 25 33 3 29 10 12 5 37 35 38 8 23 19 32 20 
Ranking collect: 20 17 19 10 29 37 5 34 1 8 28 36 18 23 13 35 14 25 30 6 38 27 16 26 4 12 3 21 24 22 15 9 39 0 2 7 11 32 33 31 
