Number of options: 40
Size of codes: 100
21 38 13 20 31 1 35 31 38 5 2 13 18 32 27 24 11 35 2 30 34 22 36 7 18 19 15 23 8 1 35 5 26 16 29 4 32 16 7 9 15 5 34 24 11 15 9 13 8 31 35 34 30 10 2 24 3 37 7 28 35 23 2 18 20 10 23 35 3 12 7 4 37 16 0 30 23 38 12 34 4 27 17 11 12 19 35 8 17 13 7 24 0 4 3 37 38 22 35 15 
Size of probabilities: 100
0.43 0.08 0.21 0.14 0.14 0.36 0.17 0.18 0.1 0.19 0.14 0.21 0.32 0.11 0.21 0.12 0.14 0.19 0.2 0.35 0.61 0.11 0.04 0.07 0.17 0.38 0.22 0.18 0.11 0.11 0.16 0.18 0.24 0.25 0.17 0.31 0.09 0.18 0.11 0.31 0.27 0.07 0.57 0.04 0.05 0.35 0.24 0.14 0.18 0.09 0.05 0.46 0.1 0.34 0.06 0.08 0.16 0.49 0.13 0.14 0.11 0.39 0.12 0.27 0.11 0.47 0.25 0.07 0.09 0.11 0.05 0.15 0.21 0.09 0.5 0.11 0.21 0.04 0.1 0.54 0.36 0.21 0.12 0.1 0.21 0.56 0.08 0.17 0.07 0.13 0.07 0.04 0.62 0.19 0.08 0.34 0.05 0.14 0.09 0.37 
Number of assortments: 20
Sizes of assortments: 5 5 5 5 5 5 5 5 5 5 5 5 5 5 5 5 5 5 5 5 
-------------------Iteration: 1
CPXPARAM_MIP_Display                             1
CPXPARAM_MIP_Strategy_CallbackReducedLP          0
Tried aggregator 1 time.
LP Presolve eliminated 101 rows and 201 columns.
All rows and columns eliminated.
Presolve time = 0.00 sec. (0.04 ticks)
***********************************************************
Objective value of restricted master problem: 31.23
Lamda: 1 
***********************************************************
CPXPARAM_MIP_Display                             1
CPXPARAM_MIP_Strategy_CallbackReducedLP          0
Tried aggregator 2 times.
MIP Presolve eliminated 40300 rows and 0 columns.
Aggregator did 780 substitutions.
Reduced MIP has 20180 rows, 880 columns, and 60180 nonzeros.
Reduced MIP has 780 binaries, 0 generals, 0 SOSs, and 0 indicators.
Presolve time = 0.17 sec. (123.27 ticks)
Probing time = 0.00 sec. (1.30 ticks)
Tried aggregator 1 time.
Reduced MIP has 20180 rows, 880 columns, and 60180 nonzeros.
Reduced MIP has 780 binaries, 0 generals, 0 SOSs, and 0 indicators.
Presolve time = 0.04 sec. (28.01 ticks)
Probing time = 0.01 sec. (1.30 ticks)
MIP emphasis: balance optimality and feasibility.
MIP search method: dynamic search.
Parallel mode: deterministic, using up to 8 threads.

Node log . . .
Best integer =   0.000000e+00  Node =       0  Best node =  -1.000000e+02
Best integer =  -4.000000e+01  Node =       0  Best node =  -1.000000e+02
***********************************************************

***********************************************************
-------------------Iteration: 2
CPXPARAM_MIP_Display                             1
CPXPARAM_MIP_Strategy_CallbackReducedLP          0
Tried aggregator 1 time.
LP Presolve eliminated 60 rows and 120 columns.
Aggregator did 1 substitutions.
Reduced LP has 40 rows, 81 columns, and 120 nonzeros.
Presolve time = 0.00 sec. (0.07 ticks)
Initializing dual steep norms . . .

Iteration log . . .
Iteration:     1   Dual objective     =            13.510000
***********************************************************
Objective value of restricted master problem: 25.69
Lamda: 0.5 0.5 
***********************************************************
CPXPARAM_MIP_Display                             1
CPXPARAM_MIP_Strategy_CallbackReducedLP          0
Tried aggregator 2 times.
MIP Presolve eliminated 40300 rows and 0 columns.
Aggregator did 780 substitutions.
Reduced MIP has 20180 rows, 880 columns, and 60180 nonzeros.
Reduced MIP has 780 binaries, 0 generals, 0 SOSs, and 0 indicators.
Presolve time = 0.16 sec. (123.27 ticks)
Probing time = 0.00 sec. (1.30 ticks)
Tried aggregator 1 time.
Reduced MIP has 20180 rows, 880 columns, and 60180 nonzeros.
Reduced MIP has 780 binaries, 0 generals, 0 SOSs, and 0 indicators.
Presolve time = 0.04 sec. (28.01 ticks)
Probing time = 0.01 sec. (1.30 ticks)
MIP emphasis: balance optimality and feasibility.
MIP search method: dynamic search.
Parallel mode: deterministic, using up to 8 threads.

Node log . . .
Best integer =   0.000000e+00  Node =       0  Best node =  -8.000000e+01
Best integer =  -3.400000e+01  Node =       0  Best node =  -3.800000e+01
Best integer =  -3.800000e+01  Node =       0  Best node =  -3.800000e+01
***********************************************************

***********************************************************
-------------------Iteration: 3
CPXPARAM_MIP_Display                             1
CPXPARAM_MIP_Strategy_CallbackReducedLP          0
Tried aggregator 1 time.
LP Presolve eliminated 41 rows and 82 columns.
Reduced LP has 60 rows, 121 columns, and 181 nonzeros.
Presolve time = 0.00 sec. (0.06 ticks)
Initializing dual steep norms . . .

Iteration log . . .
Iteration:     1   Dual objective     =             8.150000
***********************************************************
Objective value of restricted master problem: 17.13
Lamda: 0.36 0.18 0.46 
***********************************************************
CPXPARAM_MIP_Display                             1
CPXPARAM_MIP_Strategy_CallbackReducedLP          0
Tried aggregator 2 times.
MIP Presolve eliminated 40300 rows and 0 columns.
Aggregator did 780 substitutions.
Reduced MIP has 20180 rows, 880 columns, and 60180 nonzeros.
Reduced MIP has 780 binaries, 0 generals, 0 SOSs, and 0 indicators.
Presolve time = 0.17 sec. (123.26 ticks)
Probing time = 0.00 sec. (1.30 ticks)
Tried aggregator 1 time.
Reduced MIP has 20180 rows, 880 columns, and 60180 nonzeros.
Reduced MIP has 780 binaries, 0 generals, 0 SOSs, and 0 indicators.
Presolve time = 0.05 sec. (28.02 ticks)
Probing time = 0.01 sec. (1.30 ticks)
MIP emphasis: balance optimality and feasibility.
MIP search method: dynamic search.
Parallel mode: deterministic, using up to 8 threads.

Node log . . .
Best integer =   0.000000e+00  Node =       0  Best node =  -6.400000e+01
Best integer =  -3.200000e+01  Node =       0  Best node =  -3.200000e+01
***********************************************************

***********************************************************
-------------------Iteration: 4
CPXPARAM_MIP_Display                             1
CPXPARAM_MIP_Strategy_CallbackReducedLP          0
Tried aggregator 1 time.
LP Presolve eliminated 26 rows and 52 columns.
Reduced LP has 75 rows, 152 columns, and 232 nonzeros.
Presolve time = 0.00 sec. (0.07 ticks)
Initializing dual steep norms . . .

Iteration log . . .
Iteration:     1   Dual objective     =             4.550000
Iteration:    62   Dual objective     =            12.470000
***********************************************************
Objective value of restricted master problem: 12.69
Lamda: 0.24 0.11 0.38 0.27 
***********************************************************
CPXPARAM_MIP_Display                             1
CPXPARAM_MIP_Strategy_CallbackReducedLP          0
Tried aggregator 2 times.
MIP Presolve eliminated 40300 rows and 0 columns.
Aggregator did 780 substitutions.
Reduced MIP has 20180 rows, 880 columns, and 60180 nonzeros.
Reduced MIP has 780 binaries, 0 generals, 0 SOSs, and 0 indicators.
Presolve time = 0.19 sec. (123.28 ticks)
Probing time = 0.00 sec. (1.30 ticks)
Tried aggregator 1 time.
Reduced MIP has 20180 rows, 880 columns, and 60180 nonzeros.
Reduced MIP has 780 binaries, 0 generals, 0 SOSs, and 0 indicators.
Presolve time = 0.04 sec. (28.02 ticks)
Probing time = 0.00 sec. (1.30 ticks)
MIP emphasis: balance optimality and feasibility.
MIP search method: dynamic search.
Parallel mode: deterministic, using up to 8 threads.

Node log . . .
Best integer =   0.000000e+00  Node =       0  Best node =  -5.300000e+01
Best integer =  -2.000000e+00  Node =       0  Best node =  -5.300000e+01
Best integer =  -3.000000e+01  Node =       0  Best node =  -3.000000e+01
***********************************************************

***********************************************************
-------------------Iteration: 5
CPXPARAM_MIP_Display                             1
CPXPARAM_MIP_Strategy_CallbackReducedLP          0
Tried aggregator 1 time.
LP Presolve eliminated 15 rows and 30 columns.
Reduced LP has 86 rows, 175 columns, and 275 nonzeros.
Presolve time = 0.00 sec. (0.07 ticks)
Initializing dual steep norms . . .

Iteration log . . .
Iteration:     1   Dual objective     =             1.950000
Iteration:    62   Dual objective     =             7.710000
***********************************************************
Objective value of restricted master problem: 8.03
Lamda: 0.18 0.09 0.25 0.23 0.25 
***********************************************************
CPXPARAM_MIP_Display                             1
CPXPARAM_MIP_Strategy_CallbackReducedLP          0
Tried aggregator 2 times.
MIP Presolve eliminated 40300 rows and 0 columns.
Aggregator did 780 substitutions.
Reduced MIP has 20180 rows, 880 columns, and 60180 nonzeros.
Reduced MIP has 780 binaries, 0 generals, 0 SOSs, and 0 indicators.
Presolve time = 0.17 sec. (123.24 ticks)
Probing time = 0.00 sec. (1.30 ticks)
Tried aggregator 1 time.
Reduced MIP has 20180 rows, 880 columns, and 60180 nonzeros.
Reduced MIP has 780 binaries, 0 generals, 0 SOSs, and 0 indicators.
Presolve time = 0.05 sec. (28.02 ticks)
Probing time = 0.01 sec. (1.30 ticks)
MIP emphasis: balance optimality and feasibility.
MIP search method: dynamic search.
Parallel mode: deterministic, using up to 8 threads.

Node log . . .
Best integer =   0.000000e+00  Node =       0  Best node =  -4.900000e+01
Best integer =  -2.600000e+01  Node =       0  Best node =  -2.700000e+01

Gomory fractional cuts applied:  1
***********************************************************

***********************************************************
-------------------Iteration: 6
CPXPARAM_MIP_Display                             1
CPXPARAM_MIP_Strategy_CallbackReducedLP          0
Tried aggregator 1 time.
LP Presolve eliminated 10 rows and 20 columns.
Reduced LP has 91 rows, 186 columns, and 306 nonzeros.
Presolve time = 0.00 sec. (0.07 ticks)
Initializing dual steep norms . . .

Iteration log . . .
Iteration:     1   Dual objective     =             1.220000
Iteration:    62   Dual objective     =             5.690000
***********************************************************
Objective value of restricted master problem: 6.15
Lamda: 0.17 0.08 0.19 0.16 0.25 0.15 
***********************************************************
CPXPARAM_MIP_Display                             1
CPXPARAM_MIP_Strategy_CallbackReducedLP          0
Tried aggregator 2 times.
MIP Presolve eliminated 40300 rows and 0 columns.
Aggregator did 780 substitutions.
Reduced MIP has 20180 rows, 880 columns, and 60180 nonzeros.
Reduced MIP has 780 binaries, 0 generals, 0 SOSs, and 0 indicators.
Presolve time = 0.17 sec. (123.27 ticks)
Probing time = 0.00 sec. (1.30 ticks)
Tried aggregator 1 time.
Reduced MIP has 20180 rows, 880 columns, and 60180 nonzeros.
Reduced MIP has 780 binaries, 0 generals, 0 SOSs, and 0 indicators.
Presolve time = 0.03 sec. (28.01 ticks)
Probing time = 0.00 sec. (1.30 ticks)
MIP emphasis: balance optimality and feasibility.
MIP search method: dynamic search.
Parallel mode: deterministic, using up to 8 threads.

Node log . . .
Best integer =   0.000000e+00  Node =       0  Best node =  -5.100000e+01
Best integer =  -1.400000e+01  Node =       0  Best node =  -2.000000e+01
Best integer =  -2.000000e+01  Node =       0  Best node =  -2.000000e+01
***********************************************************

***********************************************************
-------------------Iteration: 7
CPXPARAM_MIP_Display                             1
CPXPARAM_MIP_Strategy_CallbackReducedLP          0
Tried aggregator 1 time.
LP Presolve eliminated 9 rows and 18 columns.
Reduced LP has 92 rows, 189 columns, and 329 nonzeros.
Presolve time = 0.00 sec. (0.08 ticks)
Initializing dual steep norms . . .

Iteration log . . .
Iteration:     1   Dual objective     =             1.020000
Iteration:    62   Dual objective     =             5.050000
***********************************************************
Objective value of restricted master problem: 5.35
Lamda: 0.17 0.07 0.2 0.14 0.21 0.13 0.08 
***********************************************************
CPXPARAM_MIP_Display                             1
CPXPARAM_MIP_Strategy_CallbackReducedLP          0
Tried aggregator 2 times.
MIP Presolve eliminated 40300 rows and 0 columns.
Aggregator did 780 substitutions.
Reduced MIP has 20180 rows, 880 columns, and 60180 nonzeros.
Reduced MIP has 780 binaries, 0 generals, 0 SOSs, and 0 indicators.
Presolve time = 0.16 sec. (123.24 ticks)
Probing time = 0.01 sec. (1.30 ticks)
Tried aggregator 1 time.
Reduced MIP has 20180 rows, 880 columns, and 60180 nonzeros.
Reduced MIP has 780 binaries, 0 generals, 0 SOSs, and 0 indicators.
Presolve time = 0.04 sec. (28.02 ticks)
Probing time = 0.01 sec. (1.30 ticks)
MIP emphasis: balance optimality and feasibility.
MIP search method: dynamic search.
Parallel mode: deterministic, using up to 8 threads.

Node log . . .
Best integer =   0.000000e+00  Node =       0  Best node =  -4.500000e+01
Best integer =  -1.900000e+01  Node =       0  Best node =  -2.350000e+01
Best integer =  -2.300000e+01  Node =       0  Best node =  -2.350000e+01

Gomory fractional cuts applied:  6
***********************************************************

***********************************************************
-------------------Iteration: 8
CPXPARAM_MIP_Display                             1
CPXPARAM_MIP_Strategy_CallbackReducedLP          0
Tried aggregator 1 time.
LP Presolve eliminated 7 rows and 14 columns.
Reduced LP has 94 rows, 194 columns, and 354 nonzeros.
Presolve time = 0.00 sec. (0.08 ticks)

Iteration log . . .
Iteration:     1   Dual objective     =             0.540000
Iteration:    62   Dual objective     =             4.010000
***********************************************************
Objective value of restricted master problem: 4.45
Lamda: 0.12 0.05 0.18 0.14 0.21 0.13 0.08 0.09 
***********************************************************
CPXPARAM_MIP_Display                             1
CPXPARAM_MIP_Strategy_CallbackReducedLP          0
Tried aggregator 2 times.
MIP Presolve eliminated 40300 rows and 0 columns.
Aggregator did 780 substitutions.
Reduced MIP has 20180 rows, 880 columns, and 60180 nonzeros.
Reduced MIP has 780 binaries, 0 generals, 0 SOSs, and 0 indicators.
Presolve time = 0.16 sec. (123.28 ticks)
Probing time = 0.00 sec. (1.30 ticks)
Tried aggregator 1 time.
Reduced MIP has 20180 rows, 880 columns, and 60180 nonzeros.
Reduced MIP has 780 binaries, 0 generals, 0 SOSs, and 0 indicators.
Presolve time = 0.04 sec. (28.03 ticks)
Probing time = 0.01 sec. (1.30 ticks)
MIP emphasis: balance optimality and feasibility.
MIP search method: dynamic search.
Parallel mode: deterministic, using up to 8 threads.

Node log . . .
Best integer =   0.000000e+00  Node =       0  Best node =  -4.400000e+01
Best integer =  -2.100000e+01  Node =       0  Best node =  -2.100000e+01
***********************************************************

***********************************************************
-------------------Iteration: 9
CPXPARAM_MIP_Display                             1
CPXPARAM_MIP_Strategy_CallbackReducedLP          0
Tried aggregator 1 time.
LP Presolve eliminated 4 rows and 8 columns.
Reduced LP has 97 rows, 201 columns, and 381 nonzeros.
Presolve time = 0.00 sec. (0.08 ticks)

Iteration log . . .
Iteration:     1   Dual objective     =             0.220000
Iteration:    62   Dual objective     =             3.220000
***********************************************************
Objective value of restricted master problem: 3.76
Lamda: 0.09 0.05 0.18 0.125 0.205 0.115 0.075 0.09 0.07 
***********************************************************
CPXPARAM_MIP_Display                             1
CPXPARAM_MIP_Strategy_CallbackReducedLP          0
Tried aggregator 2 times.
MIP Presolve eliminated 40300 rows and 0 columns.
Aggregator did 780 substitutions.
Reduced MIP has 20180 rows, 880 columns, and 60180 nonzeros.
Reduced MIP has 780 binaries, 0 generals, 0 SOSs, and 0 indicators.
Presolve time = 0.18 sec. (123.27 ticks)
Probing time = 0.00 sec. (1.30 ticks)
Tried aggregator 1 time.
Reduced MIP has 20180 rows, 880 columns, and 60180 nonzeros.
Reduced MIP has 780 binaries, 0 generals, 0 SOSs, and 0 indicators.
Presolve time = 0.04 sec. (28.01 ticks)
Probing time = 0.00 sec. (1.30 ticks)
MIP emphasis: balance optimality and feasibility.
MIP search method: dynamic search.
Parallel mode: deterministic, using up to 8 threads.

Node log . . .
Best integer =   0.000000e+00  Node =       0  Best node =  -4.700000e+01
Best integer =  -2.000000e+00  Node =       0  Best node =  -4.700000e+01
Best integer =  -1.600000e+01  Node =       0  Best node =  -2.000000e+01
Best integer =  -1.900000e+01  Node =       0  Best node =  -2.000000e+01

Gomory fractional cuts applied:  2
***********************************************************

***********************************************************
-------------------Iteration: 10
CPXPARAM_MIP_Display                             1
CPXPARAM_MIP_Strategy_CallbackReducedLP          0
Tried aggregator 1 time.
LP Presolve eliminated 3 rows and 6 columns.
Reduced LP has 98 rows, 204 columns, and 404 nonzeros.
Presolve time = 0.00 sec. (0.08 ticks)

Iteration log . . .
Iteration:     1   Dual objective     =             0.180000
Iteration:    62   Dual objective     =             2.690000
***********************************************************
Objective value of restricted master problem: 3.27
Lamda: 0.09 0.04 0.16 0.11 0.2 0.11 0.08 0.09 0.07 0.05 
***********************************************************
CPXPARAM_MIP_Display                             1
CPXPARAM_MIP_Strategy_CallbackReducedLP          0
Tried aggregator 2 times.
MIP Presolve eliminated 40300 rows and 0 columns.
Aggregator did 780 substitutions.
Reduced MIP has 20180 rows, 880 columns, and 60180 nonzeros.
Reduced MIP has 780 binaries, 0 generals, 0 SOSs, and 0 indicators.
Presolve time = 0.16 sec. (123.27 ticks)
Probing time = 0.00 sec. (1.30 ticks)
Tried aggregator 1 time.
Reduced MIP has 20180 rows, 880 columns, and 60180 nonzeros.
Reduced MIP has 780 binaries, 0 generals, 0 SOSs, and 0 indicators.
Presolve time = 0.04 sec. (28.01 ticks)
Probing time = 0.00 sec. (1.30 ticks)
MIP emphasis: balance optimality and feasibility.
MIP search method: dynamic search.
Parallel mode: deterministic, using up to 8 threads.

Node log . . .
Best integer =   0.000000e+00  Node =       0  Best node =  -4.700000e+01
Best integer =  -2.000000e+01  Node =       0  Best node =  -2.000000e+01
***********************************************************

***********************************************************
-------------------Iteration: 11
CPXPARAM_MIP_Display                             1
CPXPARAM_MIP_Strategy_CallbackReducedLP          0
Tried aggregator 1 time.
LP Presolve eliminated 3 rows and 6 columns.
Reduced LP has 98 rows, 205 columns, and 425 nonzeros.
Presolve time = 0.00 sec. (0.08 ticks)

Iteration log . . .
Iteration:     1   Dual objective     =             0.180000
Iteration:    62   Dual objective     =             2.485000
***********************************************************
Objective value of restricted master problem: 2.82
Lamda: 0.095 0.04 0.14 0.1075 0.17 0.1175 0.085 0.085 0.0625 0.0525 0.045 
***********************************************************
CPXPARAM_MIP_Display                             1
CPXPARAM_MIP_Strategy_CallbackReducedLP          0
Tried aggregator 2 times.
MIP Presolve eliminated 40300 rows and 0 columns.
Aggregator did 780 substitutions.
Reduced MIP has 20180 rows, 880 columns, and 60180 nonzeros.
Reduced MIP has 780 binaries, 0 generals, 0 SOSs, and 0 indicators.
Presolve time = 0.16 sec. (123.23 ticks)
Probing time = 0.00 sec. (1.30 ticks)
Tried aggregator 1 time.
Reduced MIP has 20180 rows, 880 columns, and 60180 nonzeros.
Reduced MIP has 780 binaries, 0 generals, 0 SOSs, and 0 indicators.
Presolve time = 0.04 sec. (28.02 ticks)
Probing time = 0.02 sec. (1.30 ticks)
MIP emphasis: balance optimality and feasibility.
MIP search method: dynamic search.
Parallel mode: deterministic, using up to 8 threads.

Node log . . .
Best integer =   0.000000e+00  Node =       0  Best node =  -3.900000e+01
Best integer =  -1.900000e+01  Node =       0  Best node =  -2.100000e+01
Best integer =  -2.100000e+01  Node =       0  Best node =  -2.100000e+01
***********************************************************

***********************************************************
-------------------Iteration: 12
CPXPARAM_MIP_Display                             1
CPXPARAM_MIP_Strategy_CallbackReducedLP          0
Tried aggregator 1 time.
LP Presolve eliminated 2 rows and 4 columns.
Reduced LP has 99 rows, 208 columns, and 448 nonzeros.
Presolve time = 0.00 sec. (0.09 ticks)

Iteration log . . .
Iteration:     1   Dual objective     =             0.100000
Iteration:    62   Dual objective     =             1.970000
***********************************************************
Objective value of restricted master problem: 2.345
Lamda: 0.09 0.0275 0.14 0.075 0.17 0.1075 0.0825 0.095 0.065 0.05 0.04 0.0575 
***********************************************************
CPXPARAM_MIP_Display                             1
CPXPARAM_MIP_Strategy_CallbackReducedLP          0
Tried aggregator 2 times.
MIP Presolve eliminated 40300 rows and 0 columns.
Aggregator did 780 substitutions.
Reduced MIP has 20180 rows, 880 columns, and 60180 nonzeros.
Reduced MIP has 780 binaries, 0 generals, 0 SOSs, and 0 indicators.
Presolve time = 0.17 sec. (123.25 ticks)
Probing time = 0.00 sec. (1.30 ticks)
Tried aggregator 1 time.
Reduced MIP has 20180 rows, 880 columns, and 60180 nonzeros.
Reduced MIP has 780 binaries, 0 generals, 0 SOSs, and 0 indicators.
Presolve time = 0.03 sec. (28.02 ticks)
Probing time = 0.00 sec. (1.30 ticks)
MIP emphasis: balance optimality and feasibility.
MIP search method: dynamic search.
Parallel mode: deterministic, using up to 8 threads.

Node log . . .
Best integer =   0.000000e+00  Node =       0  Best node =  -4.250000e+01
Best integer =  -1.650000e+01  Node =       0  Best node =  -2.050000e+01
Best integer =  -2.050000e+01  Node =       0  Best node =  -2.050000e+01

Lift and project cuts applied:  1
***********************************************************

***********************************************************
-------------------Iteration: 13
CPXPARAM_MIP_Display                             1
CPXPARAM_MIP_Strategy_CallbackReducedLP          0
Tried aggregator 1 time.
LP Presolve eliminated 1 rows and 2 columns.
Reduced LP has 100 rows, 211 columns, and 471 nonzeros.
Presolve time = 0.00 sec. (0.09 ticks)

Iteration log . . .
Iteration:     1   Dual objective     =             0.050000
Iteration:    62   Dual objective     =             1.570000
***********************************************************
Objective value of restricted master problem: 1.925
Lamda: 0.07625 0.0125 0.14 0.075 0.17 0.09125 0.07375 0.10375 0.07125 0.04375 0.035 0.07375 0.03375 
***********************************************************
CPXPARAM_MIP_Display                             1
CPXPARAM_MIP_Strategy_CallbackReducedLP          0
Tried aggregator 2 times.
MIP Presolve eliminated 40300 rows and 0 columns.
Aggregator did 780 substitutions.
Reduced MIP has 20180 rows, 880 columns, and 60180 nonzeros.
Reduced MIP has 780 binaries, 0 generals, 0 SOSs, and 0 indicators.
Presolve time = 0.17 sec. (123.27 ticks)
Probing time = 0.00 sec. (1.30 ticks)
Tried aggregator 1 time.
Reduced MIP has 20180 rows, 880 columns, and 60180 nonzeros.
Reduced MIP has 780 binaries, 0 generals, 0 SOSs, and 0 indicators.
Presolve time = 0.04 sec. (28.02 ticks)
Probing time = 0.01 sec. (1.30 ticks)
MIP emphasis: balance optimality and feasibility.
MIP search method: dynamic search.
Parallel mode: deterministic, using up to 8 threads.

Node log . . .
Best integer =   0.000000e+00  Node =       0  Best node =  -4.550000e+01
Best integer =  -1.750000e+01  Node =       0  Best node =  -1.750000e+01
***********************************************************

***********************************************************
-------------------Iteration: 14
CPXPARAM_MIP_Display                             1
CPXPARAM_MIP_Strategy_CallbackReducedLP          0
Tried aggregator 1 time.
LP Presolve eliminated 1 rows and 2 columns.
Reduced LP has 100 rows, 212 columns, and 492 nonzeros.
Presolve time = 0.00 sec. (0.09 ticks)

Iteration log . . .
Iteration:     1   Dual objective     =             0.050000
Iteration:    62   Dual objective     =             1.440000
***********************************************************
Objective value of restricted master problem: 1.75
Lamda: 0.07 0.015 0.13 0.075 0.16 0.085 0.075 0.1 0.065 0.045 0.035 0.075 0.045 0.025 
***********************************************************
CPXPARAM_MIP_Display                             1
CPXPARAM_MIP_Strategy_CallbackReducedLP          0
Tried aggregator 2 times.
MIP Presolve eliminated 40300 rows and 0 columns.
Aggregator did 780 substitutions.
Reduced MIP has 20180 rows, 880 columns, and 60180 nonzeros.
Reduced MIP has 780 binaries, 0 generals, 0 SOSs, and 0 indicators.
Presolve time = 0.17 sec. (123.30 ticks)
Probing time = 0.00 sec. (1.30 ticks)
Tried aggregator 1 time.
Reduced MIP has 20180 rows, 880 columns, and 60180 nonzeros.
Reduced MIP has 780 binaries, 0 generals, 0 SOSs, and 0 indicators.
Presolve time = 0.03 sec. (28.02 ticks)
Probing time = 0.00 sec. (1.30 ticks)
MIP emphasis: balance optimality and feasibility.
MIP search method: dynamic search.
Parallel mode: deterministic, using up to 8 threads.

Node log . . .
Best integer =   0.000000e+00  Node =       0  Best node =  -4.300000e+01
Best integer =  -1.900000e+01  Node =       0  Best node =  -1.900000e+01
***********************************************************

***********************************************************
-------------------Iteration: 15
CPXPARAM_MIP_Display                             1
CPXPARAM_MIP_Strategy_CallbackReducedLP          0
Tried aggregator 1 time.
LP Presolve eliminated 1 rows and 2 columns.
Reduced LP has 100 rows, 213 columns, and 513 nonzeros.
Presolve time = 0.00 sec. (0.09 ticks)

Iteration log . . .
Iteration:     1   Dual objective     =             0.050000
Iteration:    62   Dual objective     =             1.195714
***********************************************************
Objective value of restricted master problem: 1.42
Lamda: 0.07 0.005 0.12 0.075 0.145 0.075 0.08 0.105 0.065 0.05 0.035 0.08 0.04 0.03 0.025 
***********************************************************
CPXPARAM_MIP_Display                             1
CPXPARAM_MIP_Strategy_CallbackReducedLP          0
Tried aggregator 2 times.
MIP Presolve eliminated 40300 rows and 0 columns.
Aggregator did 780 substitutions.
Reduced MIP has 20180 rows, 880 columns, and 60180 nonzeros.
Reduced MIP has 780 binaries, 0 generals, 0 SOSs, and 0 indicators.
Presolve time = 0.17 sec. (123.25 ticks)
Probing time = 0.00 sec. (1.30 ticks)
Tried aggregator 1 time.
Reduced MIP has 20180 rows, 880 columns, and 60180 nonzeros.
Reduced MIP has 780 binaries, 0 generals, 0 SOSs, and 0 indicators.
Presolve time = 0.04 sec. (28.01 ticks)
Probing time = 0.01 sec. (1.30 ticks)
MIP emphasis: balance optimality and feasibility.
MIP search method: dynamic search.
Parallel mode: deterministic, using up to 8 threads.

Node log . . .
Best integer =   0.000000e+00  Node =       0  Best node =  -4.100000e+01
Best integer =  -1.500000e+01  Node =       0  Best node =  -1.900000e+01
Best integer =  -1.900000e+01  Node =       0  Best node =  -1.900000e+01
***********************************************************

***********************************************************
-------------------Iteration: 16
CPXPARAM_MIP_Display                             1
CPXPARAM_MIP_Strategy_CallbackReducedLP          0
Tried aggregator 1 time.
LP Presolve eliminated 1 rows and 2 columns.
Reduced LP has 100 rows, 214 columns, and 534 nonzeros.
Presolve time = 0.00 sec. (0.09 ticks)

Iteration log . . .
Iteration:     1   Dual objective     =             0.050000
Iteration:    62   Dual objective     =             0.964286
***********************************************************
Objective value of restricted master problem: 1.22714
Lamda: 0.0628571 0 0.119286 0.0707143 0.135714 0.0735714 0.0814286 0.101429 0.0664286 0.045 0.0364286 0.0714286 0.0492857 0.0278571 0.0342857 0.0242857 
***********************************************************
CPXPARAM_MIP_Display                             1
CPXPARAM_MIP_Strategy_CallbackReducedLP          0
Tried aggregator 2 times.
MIP Presolve eliminated 40300 rows and 0 columns.
Aggregator did 780 substitutions.
Reduced MIP has 20180 rows, 880 columns, and 60180 nonzeros.
Reduced MIP has 780 binaries, 0 generals, 0 SOSs, and 0 indicators.
Presolve time = 0.17 sec. (123.27 ticks)
Probing time = 0.01 sec. (1.30 ticks)
Tried aggregator 1 time.
Reduced MIP has 20180 rows, 880 columns, and 60180 nonzeros.
Reduced MIP has 780 binaries, 0 generals, 0 SOSs, and 0 indicators.
Presolve time = 0.04 sec. (28.01 ticks)
Probing time = 0.01 sec. (1.30 ticks)
MIP emphasis: balance optimality and feasibility.
MIP search method: dynamic search.
Parallel mode: deterministic, using up to 8 threads.

Node log . . .
Best integer =   0.000000e+00  Node =       0  Best node =  -4.200000e+01
Best integer =  -2.000000e+01  Node =       0  Best node =  -2.000000e+01
***********************************************************

***********************************************************
-------------------Iteration: 17
CPXPARAM_MIP_Display                             1
CPXPARAM_MIP_Strategy_CallbackReducedLP          0
Tried aggregator 1 time.
No LP presolve or aggregator reductions.
Presolve time = 0.00 sec. (0.08 ticks)

Iteration log . . .
Iteration:     1   Dual objective     =             0.000000
Iteration:    62   Dual objective     =             0.778750
***********************************************************
Objective value of restricted master problem: 1.02333
Lamda: 0.0566667 0 0.115 0.0683333 0.133333 0.0733333 0.08 0.095 0.0583333 0.0466667 0.0433333 0.065 0.0433333 0.0333333 0.0366667 0.0333333 0.0183333 
***********************************************************
CPXPARAM_MIP_Display                             1
CPXPARAM_MIP_Strategy_CallbackReducedLP          0
Tried aggregator 2 times.
MIP Presolve eliminated 40300 rows and 0 columns.
Aggregator did 780 substitutions.
Reduced MIP has 20180 rows, 880 columns, and 60180 nonzeros.
Reduced MIP has 780 binaries, 0 generals, 0 SOSs, and 0 indicators.
Presolve time = 0.17 sec. (123.27 ticks)
Probing time = 0.00 sec. (1.30 ticks)
Tried aggregator 1 time.
Reduced MIP has 20180 rows, 880 columns, and 60180 nonzeros.
Reduced MIP has 780 binaries, 0 generals, 0 SOSs, and 0 indicators.
Presolve time = 0.04 sec. (28.01 ticks)
Probing time = 0.01 sec. (1.30 ticks)
MIP emphasis: balance optimality and feasibility.
MIP search method: dynamic search.
Parallel mode: deterministic, using up to 8 threads.

Node log . . .
Best integer =   2.775558e-17  Node =       0  Best node =  -3.800000e+01
Best integer =  -1.977778e+01  Node =       0  Best node =  -1.977778e+01
***********************************************************

***********************************************************
-------------------Iteration: 18
CPXPARAM_MIP_Display                             1
CPXPARAM_MIP_Strategy_CallbackReducedLP          0
Tried aggregator 1 time.
No LP presolve or aggregator reductions.
Presolve time = 0.00 sec. (0.08 ticks)

Iteration log . . .
Iteration:     1   Dual objective     =             0.000000
Iteration:    62   Dual objective     =             0.700000
***********************************************************
Objective value of restricted master problem: 0.9075
Lamda: 0.05125 0 0.105 0.0625 0.13 0.07375 0.08375 0.09 0.06 0.04625 0.04 0.06875 0.04375 0.03625 0.035 0.035 0.02125 0.0175 
***********************************************************
CPXPARAM_MIP_Display                             1
CPXPARAM_MIP_Strategy_CallbackReducedLP          0
Tried aggregator 2 times.
MIP Presolve eliminated 40300 rows and 0 columns.
Aggregator did 780 substitutions.
Reduced MIP has 20180 rows, 880 columns, and 60180 nonzeros.
Reduced MIP has 780 binaries, 0 generals, 0 SOSs, and 0 indicators.
Presolve time = 0.16 sec. (123.26 ticks)
Probing time = 0.00 sec. (1.30 ticks)
Tried aggregator 1 time.
Reduced MIP has 20180 rows, 880 columns, and 60180 nonzeros.
Reduced MIP has 780 binaries, 0 generals, 0 SOSs, and 0 indicators.
Presolve time = 0.04 sec. (28.02 ticks)
Probing time = 0.00 sec. (1.30 ticks)
MIP emphasis: balance optimality and feasibility.
MIP search method: dynamic search.
Parallel mode: deterministic, using up to 8 threads.

Node log . . .
Best integer =   0.000000e+00  Node =       0  Best node =  -3.975000e+01
Best integer =  -1.550000e+01  Node =       0  Best node =  -1.550000e+01
***********************************************************

***********************************************************
-------------------Iteration: 19
CPXPARAM_MIP_Display                             1
CPXPARAM_MIP_Strategy_CallbackReducedLP          0
Tried aggregator 1 time.
No LP presolve or aggregator reductions.
Presolve time = 0.00 sec. (0.08 ticks)

Iteration log . . .
Iteration:     1   Dual objective     =             0.000000
Iteration:    62   Dual objective     =             0.552422
***********************************************************
Objective value of restricted master problem: 0.733333
Lamda: 0.0433333 0 0.101667 0.0566667 0.128333 0.0716667 0.075 0.09 0.055 0.0383333 0.0416667 0.0733333 0.0416667 0.0383333 0.0383333 0.04 0.0266667 0.02 0.02 
***********************************************************
CPXPARAM_MIP_Display                             1
CPXPARAM_MIP_Strategy_CallbackReducedLP          0
Tried aggregator 2 times.
MIP Presolve eliminated 40300 rows and 0 columns.
Aggregator did 780 substitutions.
Reduced MIP has 20180 rows, 880 columns, and 60180 nonzeros.
Reduced MIP has 780 binaries, 0 generals, 0 SOSs, and 0 indicators.
Presolve time = 0.16 sec. (123.26 ticks)
Probing time = 0.00 sec. (1.30 ticks)
Tried aggregator 1 time.
Reduced MIP has 20180 rows, 880 columns, and 60180 nonzeros.
Reduced MIP has 780 binaries, 0 generals, 0 SOSs, and 0 indicators.
Presolve time = 0.03 sec. (28.02 ticks)
Probing time = 0.00 sec. (1.30 ticks)
MIP emphasis: balance optimality and feasibility.
MIP search method: dynamic search.
Parallel mode: deterministic, using up to 8 threads.

Node log . . .
Best integer =   4.440892e-16  Node =       0  Best node =  -4.422222e+01
Best integer =  -1.800000e+01  Node =       0  Best node =  -1.800000e+01
***********************************************************

***********************************************************
-------------------Iteration: 20
CPXPARAM_MIP_Display                             1
CPXPARAM_MIP_Strategy_CallbackReducedLP          0
Tried aggregator 1 time.
No LP presolve or aggregator reductions.
Presolve time = 0.00 sec. (0.08 ticks)

Iteration log . . .
Iteration:     1   Dual objective     =             0.000000
Iteration:    62   Dual objective     =             0.505882
***********************************************************
Objective value of restricted master problem: 0.648919
Lamda: 0.0421622 0 0.101351 0.0521622 0.125946 0.072973 0.0740541 0.09 0.0545946 0.0362162 0.04 0.0743243 0.0427027 0.0391892 0.0354054 0.0386486 0.0278378 0.0191892 0.0245946 0.00864865 
***********************************************************
CPXPARAM_MIP_Display                             1
CPXPARAM_MIP_Strategy_CallbackReducedLP          0
Tried aggregator 2 times.
MIP Presolve eliminated 40300 rows and 0 columns.
Aggregator did 780 substitutions.
Reduced MIP has 20180 rows, 880 columns, and 60180 nonzeros.
Reduced MIP has 780 binaries, 0 generals, 0 SOSs, and 0 indicators.
Presolve time = 0.16 sec. (123.25 ticks)
Probing time = 0.00 sec. (1.30 ticks)
Tried aggregator 1 time.
Reduced MIP has 20180 rows, 880 columns, and 60180 nonzeros.
Reduced MIP has 780 binaries, 0 generals, 0 SOSs, and 0 indicators.
Presolve time = 0.04 sec. (28.01 ticks)
Probing time = 0.01 sec. (1.30 ticks)
MIP emphasis: balance optimality and feasibility.
MIP search method: dynamic search.
Parallel mode: deterministic, using up to 8 threads.

Node log . . .
Best integer =   0.000000e+00  Node =       0  Best node =  -4.291892e+01
Best integer =  -1.448649e+01  Node =       0  Best node =  -1.686486e+01
Best integer =  -1.686486e+01  Node =       0  Best node =  -1.686486e+01
***********************************************************

***********************************************************
-------------------Iteration: 21
CPXPARAM_MIP_Display                             1
CPXPARAM_MIP_Strategy_CallbackReducedLP          0
Tried aggregator 1 time.
No LP presolve or aggregator reductions.
Presolve time = 0.00 sec. (0.08 ticks)

Iteration log . . .
Iteration:     1   Dual objective     =             0.000000
Iteration:    62   Dual objective     =             0.455000
***********************************************************
Objective value of restricted master problem: 0.573333
Lamda: 0.04 0 0.1 0.0516667 0.123333 0.07 0.0716667 0.09 0.0566667 0.0333333 0.04 0.075 0.04 0.04 0.035 0.04 0.0283333 0.02 0.0266667 0.01 0.00833333 
***********************************************************
CPXPARAM_MIP_Display                             1
CPXPARAM_MIP_Strategy_CallbackReducedLP          0
Tried aggregator 2 times.
MIP Presolve eliminated 40300 rows and 0 columns.
Aggregator did 780 substitutions.
Reduced MIP has 20180 rows, 880 columns, and 60180 nonzeros.
Reduced MIP has 780 binaries, 0 generals, 0 SOSs, and 0 indicators.
Presolve time = 0.17 sec. (123.25 ticks)
Probing time = 0.00 sec. (1.30 ticks)
Tried aggregator 1 time.
Reduced MIP has 20180 rows, 880 columns, and 60180 nonzeros.
Reduced MIP has 780 binaries, 0 generals, 0 SOSs, and 0 indicators.
Presolve time = 0.04 sec. (28.01 ticks)
Probing time = 0.01 sec. (1.30 ticks)
MIP emphasis: balance optimality and feasibility.
MIP search method: dynamic search.
Parallel mode: deterministic, using up to 8 threads.

Node log . . .
Best integer =   0.000000e+00  Node =       0  Best node =  -4.433333e+01
Best integer =  -6.000000e+00  Node =       0  Best node =  -1.577778e+01
Best integer =  -1.033333e+01  Node =       0  Best node =  -1.577778e+01
Best integer =  -1.233333e+01  Node =       0  Best node =  -1.577778e+01
Best integer =  -1.333333e+01  Node =       0  Best node =  -1.533333e+01
Best integer =  -1.533333e+01  Node =       0  Best node =  -1.533333e+01

Zero-half cuts applied:  2
Gomory fractional cuts applied:  4
***********************************************************

***********************************************************
-------------------Iteration: 22
CPXPARAM_MIP_Display                             1
CPXPARAM_MIP_Strategy_CallbackReducedLP          0
Tried aggregator 1 time.
No LP presolve or aggregator reductions.
Presolve time = 0.00 sec. (0.08 ticks)

Iteration log . . .
Iteration:     1   Dual objective     =             0.000000
Iteration:    62   Dual objective     =             0.402609
***********************************************************
Objective value of restricted master problem: 0.538917
Lamda: 0.0387898 0.000127389 0.0990446 0.0535032 0.121783 0.0701274 0.0717834 0.0882166 0.0547134 0.0325478 0.0399363 0.0735032 0.0399363 0.0397452 0.0359236 0.0410191 0.0267516 0.0212102 0.0289172 0.00929936 0.00808917 0.00503185 
***********************************************************
CPXPARAM_MIP_Display                             1
CPXPARAM_MIP_Strategy_CallbackReducedLP          0
Tried aggregator 2 times.
MIP Presolve eliminated 40300 rows and 0 columns.
Aggregator did 780 substitutions.
Reduced MIP has 20180 rows, 880 columns, and 60180 nonzeros.
Reduced MIP has 780 binaries, 0 generals, 0 SOSs, and 0 indicators.
Presolve time = 0.19 sec. (123.27 ticks)
Probing time = 0.00 sec. (1.30 ticks)
Tried aggregator 1 time.
Reduced MIP has 20180 rows, 880 columns, and 60180 nonzeros.
Reduced MIP has 780 binaries, 0 generals, 0 SOSs, and 0 indicators.
Presolve time = 0.03 sec. (28.01 ticks)
Probing time = 0.01 sec. (1.30 ticks)
MIP emphasis: balance optimality and feasibility.
MIP search method: dynamic search.
Parallel mode: deterministic, using up to 8 threads.

Node log . . .
Best integer =   0.000000e+00  Node =       0  Best node =  -4.180892e+01
Best integer =  -1.153503e+01  Node =       0  Best node =  -1.498089e+01
Best integer =  -1.498089e+01  Node =       0  Best node =  -1.498089e+01
***********************************************************

***********************************************************
-------------------Iteration: 23
CPXPARAM_MIP_Display                             1
CPXPARAM_MIP_Strategy_CallbackReducedLP          0
Tried aggregator 1 time.
No LP presolve or aggregator reductions.
Presolve time = 0.00 sec. (0.08 ticks)

Iteration log . . .
Iteration:     1   Dual objective     =             0.000000
Iteration:    62   Dual objective     =             0.378938
***********************************************************
Objective value of restricted master problem: 0.5113
Lamda: 0.0387616 0 0.0980083 0.0529618 0.12 0.0710939 0.0705986 0.0874923 0.0552838 0.0334778 0.0391434 0.0731785 0.0408566 0.0390815 0.0353148 0.0419917 0.0250774 0.0212384 0.0297833 0.00830753 0.00798762 0.00667699 0.00368421 
***********************************************************
CPXPARAM_MIP_Display                             1
CPXPARAM_MIP_Strategy_CallbackReducedLP          0
Tried aggregator 2 times.
MIP Presolve eliminated 40300 rows and 0 columns.
Aggregator did 780 substitutions.
Reduced MIP has 20180 rows, 880 columns, and 60180 nonzeros.
Reduced MIP has 780 binaries, 0 generals, 0 SOSs, and 0 indicators.
Presolve time = 0.17 sec. (123.27 ticks)
Probing time = 0.01 sec. (1.30 ticks)
Tried aggregator 1 time.
Reduced MIP has 20180 rows, 880 columns, and 60180 nonzeros.
Reduced MIP has 780 binaries, 0 generals, 0 SOSs, and 0 indicators.
Presolve time = 0.04 sec. (28.01 ticks)
Probing time = 0.01 sec. (1.30 ticks)
MIP emphasis: balance optimality and feasibility.
MIP search method: dynamic search.
Parallel mode: deterministic, using up to 8 threads.

Node log . . .
Best integer =   4.440892e-16  Node =       0  Best node =  -3.989474e+01
Best integer =  -3.857585e+00  Node =       0  Best node =  -1.537152e+01
Best integer =  -9.715170e+00  Node =       0  Best node =  -1.537152e+01
Best integer =  -1.525077e+01  Node =       0  Best node =  -1.537152e+01

Zero-half cuts applied:  22
Lift and project cuts applied:  3
Gomory fractional cuts applied:  23
***********************************************************

***********************************************************
-------------------Iteration: 24
CPXPARAM_MIP_Display                             1
CPXPARAM_MIP_Strategy_CallbackReducedLP          0
Tried aggregator 1 time.
No LP presolve or aggregator reductions.
Presolve time = 0.00 sec. (0.08 ticks)

Iteration log . . .
Iteration:     1   Dual objective     =             0.000000
Iteration:    62   Dual objective     =             0.366667
***********************************************************
Objective value of restricted master problem: 0.480305
Lamda: 0.0371814 0 0.0966618 0.0514122 0.117819 0.070229 0.070872 0.087475 0.0550117 0.0344304 0.039771 0.0723811 0.0408632 0.0379977 0.0354433 0.0433382 0.0245068 0.0205578 0.0310834 0.00732824 0.007431 0.0085643 0.00493541 0.0047064 
***********************************************************
CPXPARAM_MIP_Display                             1
CPXPARAM_MIP_Strategy_CallbackReducedLP          0
Tried aggregator 2 times.
MIP Presolve eliminated 40300 rows and 0 columns.
Aggregator did 780 substitutions.
Reduced MIP has 20180 rows, 880 columns, and 60180 nonzeros.
Reduced MIP has 780 binaries, 0 generals, 0 SOSs, and 0 indicators.
Presolve time = 0.17 sec. (123.27 ticks)
Probing time = 0.00 sec. (1.30 ticks)
Tried aggregator 1 time.
Reduced MIP has 20180 rows, 880 columns, and 60180 nonzeros.
Reduced MIP has 780 binaries, 0 generals, 0 SOSs, and 0 indicators.
Presolve time = 0.03 sec. (28.01 ticks)
Probing time = 0.01 sec. (1.30 ticks)
MIP emphasis: balance optimality and feasibility.
MIP search method: dynamic search.
Parallel mode: deterministic, using up to 8 threads.

Node log . . .
Best integer =   0.000000e+00  Node =       0  Best node =  -3.850382e+01
Best integer =  -9.125954e+00  Node =       0  Best node =  -1.662214e+01
Best integer =  -1.611832e+01  Node =       0  Best node =  -1.662214e+01

Lift and project cuts applied:  1
Gomory fractional cuts applied:  8
***********************************************************

***********************************************************
-------------------Iteration: 25
CPXPARAM_MIP_Display                             1
CPXPARAM_MIP_Strategy_CallbackReducedLP          0
Tried aggregator 1 time.
No LP presolve or aggregator reductions.
Presolve time = 0.00 sec. (0.09 ticks)

Iteration log . . .
Iteration:     1   Dual objective     =             0.000000
Iteration:    62   Dual objective     =             0.316229
Iteration:   124   Dual objective     =             0.430734
***********************************************************
Objective value of restricted master problem: 0.431123
Lamda: 0.0329947 0 0.0952473 0.050762 0.11494 0.0688035 0.0685896 0.0877406 0.0574733 0.0340909 0.0395922 0.0698864 0.0421858 0.0371925 0.0352473 0.0447527 0.0222594 0.0198128 0.0341578 0.00756016 0.0061631 0.00950535 0.00660428 0.00731952 0.00711898 
***********************************************************
CPXPARAM_MIP_Display                             1
CPXPARAM_MIP_Strategy_CallbackReducedLP          0
Tried aggregator 2 times.
MIP Presolve eliminated 40300 rows and 0 columns.
Aggregator did 780 substitutions.
Reduced MIP has 20180 rows, 880 columns, and 60180 nonzeros.
Reduced MIP has 780 binaries, 0 generals, 0 SOSs, and 0 indicators.
Presolve time = 0.17 sec. (123.27 ticks)
Probing time = 0.00 sec. (1.30 ticks)
Tried aggregator 1 time.
Reduced MIP has 20180 rows, 880 columns, and 60180 nonzeros.
Reduced MIP has 780 binaries, 0 generals, 0 SOSs, and 0 indicators.
Presolve time = 0.03 sec. (28.01 ticks)
Probing time = 0.01 sec. (1.30 ticks)
MIP emphasis: balance optimality and feasibility.
MIP search method: dynamic search.
Parallel mode: deterministic, using up to 8 threads.

Node log . . .
Best integer =   4.440892e-16  Node =       0  Best node =  -3.733155e+01
Best integer =  -1.399465e+01  Node =       0  Best node =  -1.459358e+01
Best integer =  -1.459358e+01  Node =       0  Best node =  -1.459358e+01
***********************************************************

***********************************************************
-------------------Iteration: 26
CPXPARAM_MIP_Display                             1
CPXPARAM_MIP_Strategy_CallbackReducedLP          0
Tried aggregator 1 time.
No LP presolve or aggregator reductions.
Presolve time = 0.00 sec. (0.09 ticks)

Iteration log . . .
Iteration:     1   Dual objective     =             0.000000
Iteration:    62   Dual objective     =             0.302881
Iteration:   124   Dual objective     =             0.396076
***********************************************************
Objective value of restricted master problem: 0.396086
Lamda: 0.0314708 0 0.0933305 0.0506171 0.114353 0.0672866 0.0677346 0.0866779 0.0592223 0.0344886 0.0387067 0.0691547 0.0420203 0.0372527 0.0355875 0.0462637 0.0198056 0.0201944 0.0343956 0.00681319 0.00667794 0.010355 0.00663567 0.00833474 0.00824176 0.0043787 
***********************************************************
CPXPARAM_MIP_Display                             1
CPXPARAM_MIP_Strategy_CallbackReducedLP          0
Tried aggregator 2 times.
MIP Presolve eliminated 40300 rows and 0 columns.
Aggregator did 780 substitutions.
Reduced MIP has 20180 rows, 880 columns, and 60180 nonzeros.
Reduced MIP has 780 binaries, 0 generals, 0 SOSs, and 0 indicators.
Presolve time = 0.17 sec. (123.27 ticks)
Probing time = 0.00 sec. (1.30 ticks)
Tried aggregator 1 time.
Reduced MIP has 20180 rows, 880 columns, and 60180 nonzeros.
Reduced MIP has 780 binaries, 0 generals, 0 SOSs, and 0 indicators.
Presolve time = 0.04 sec. (28.01 ticks)
Probing time = 0.00 sec. (1.30 ticks)
MIP emphasis: balance optimality and feasibility.
MIP search method: dynamic search.
Parallel mode: deterministic, using up to 8 threads.

Node log . . .
Best integer =  -8.881784e-16  Node =       0  Best node =  -3.885968e+01
Best integer =  -1.371767e+01  Node =       0  Best node =  -1.576585e+01
Best integer =  -1.571767e+01  Node =       0  Best node =  -1.576585e+01

Gomory fractional cuts applied:  6
***********************************************************

***********************************************************
Ranking data list: 
Ranking collect: 0 1 2 3 4 5 6 7 8 9 10 11 12 13 14 15 16 17 18 19 20 21 22 23 24 25 26 27 28 29 30 31 32 33 34 35 36 37 38 39 
Ranking collect: 39 38 37 36 35 34 33 32 31 30 29 28 27 26 25 24 23 22 21 20 19 18 17 16 15 14 13 12 11 10 9 8 7 6 5 4 3 2 1 0 
Ranking collect: 39 34 30 19 16 11 33 26 29 25 20 18 7 24 17 10 28 22 21 23 13 9 15 4 31 8 12 27 5 14 36 37 0 3 35 32 6 1 2 38 
Ranking collect: 26 29 9 15 21 27 10 11 30 17 28 37 8 0 24 12 18 23 25 14 7 6 39 33 22 5 3 13 36 35 34 31 19 4 38 2 16 32 20 1 
Ranking collect: 23 34 0 37 15 21 13 24 29 35 12 19 4 39 25 33 14 6 11 7 3 28 22 1 10 30 26 36 17 16 5 38 20 31 9 8 2 27 18 32 
Ranking collect: 19 17 12 9 4 37 10 30 15 34 26 1 32 25 14 39 6 33 18 7 22 24 31 13 0 11 28 36 38 29 3 16 27 21 20 2 5 35 23 8 
Ranking collect: 34 10 15 9 4 5 35 24 36 26 29 37 21 0 23 8 25 33 39 6 7 18 19 14 1 16 32 31 22 28 27 20 3 38 13 30 2 17 11 12 
Ranking collect: 0 10 8 19 1 14 33 25 13 18 32 4 35 39 34 36 37 6 23 21 26 29 16 20 22 9 31 2 5 30 27 11 38 15 17 12 7 24 28 3 
Ranking collect: 0 15 1 23 3 6 22 7 16 5 4 11 19 8 9 14 30 10 34 2 12 31 13 17 20 21 18 24 25 26 27 28 29 32 33 35 36 37 38 39 
Ranking collect: 19 0 27 21 31 10 2 24 34 30 11 37 35 7 23 22 28 38 29 6 14 25 39 33 4 1 36 26 17 5 15 16 32 9 20 3 8 18 13 12 
Ranking collect: 19 30 34 12 38 23 27 0 28 37 39 33 15 6 16 36 21 32 25 26 22 14 11 9 29 13 4 7 3 10 2 24 18 1 17 8 5 31 20 35 
Ranking collect: 19 9 36 34 23 15 21 27 26 38 33 6 39 25 14 30 17 37 16 3 11 4 7 32 28 18 13 22 0 29 24 2 12 8 20 5 1 10 35 31 
Ranking collect: 37 1 38 10 19 30 28 12 11 23 34 18 31 5 22 33 39 0 4 24 6 3 25 14 36 35 26 29 2 21 17 16 20 15 7 27 32 9 8 13 
Ranking collect: 0 3 4 6 22 9 15 16 5 1 7 19 34 10 8 17 32 2 11 14 13 18 20 21 24 12 23 25 26 27 28 29 30 31 35 33 36 37 38 39 
Ranking collect: 19 37 29 35 26 15 34 18 28 4 11 39 20 16 22 36 25 6 33 7 24 17 14 5 31 9 27 21 13 8 1 0 2 3 32 10 23 38 30 12 
Ranking collect: 26 0 1 19 39 34 18 2 16 36 37 35 22 25 33 28 29 13 15 21 27 24 31 20 17 11 14 6 5 8 38 30 7 10 32 4 3 9 23 12 
Ranking collect: 6 8 10 3 9 7 0 17 4 11 14 23 2 12 15 19 21 13 31 35 5 16 18 1 20 22 24 25 26 27 28 29 30 32 33 34 36 37 38 39 
Ranking collect: 18 2 34 28 10 23 17 21 39 33 25 24 7 16 14 6 36 32 8 20 30 11 19 15 22 12 3 37 35 38 27 0 4 5 1 13 9 31 26 29 
Ranking collect: 0 4 5 19 1 6 10 15 8 34 7 3 23 9 2 11 12 21 13 14 16 17 18 20 22 24 25 26 27 28 29 30 31 32 33 35 36 37 38 39 
Ranking collect: 31 9 28 0 3 20 18 30 23 22 36 37 29 24 34 6 14 33 38 26 27 11 21 7 8 17 39 5 25 35 10 12 4 13 2 1 15 16 19 32 
Ranking collect: 34 10 12 4 27 31 26 6 25 14 39 36 33 38 30 28 21 22 35 23 29 0 20 3 24 37 5 11 15 1 19 8 2 17 9 7 13 18 16 32 
Ranking collect: 0 28 3 23 34 11 1 10 30 27 20 2 25 14 8 13 35 9 6 39 12 32 17 7 4 18 29 19 15 38 33 24 36 26 16 37 22 5 21 31 
Ranking collect: 21 29 20 23 34 18 30 32 9 31 38 28 24 7 16 15 0 4 37 1 5 6 8 17 3 12 13 14 19 22 25 26 10 2 11 27 33 35 36 39 
Ranking collect: 9 13 15 29 17 4 7 24 2 19 10 8 0 25 6 33 37 31 1 5 14 39 16 36 28 27 26 32 11 30 34 23 21 22 38 35 12 18 20 3 
Ranking collect: 21 20 34 30 12 23 1 33 8 15 37 11 6 25 17 28 24 10 4 35 14 19 32 39 36 2 3 27 18 9 22 31 16 13 7 0 38 26 5 29 
Ranking collect: 19 1 8 9 17 5 6 10 22 37 4 3 14 30 11 21 7 0 12 13 2 18 16 20 15 23 24 25 26 27 28 29 31 32 33 34 35 36 38 39 
Ranking collect: 9 6 10 0 3 7 4 12 14 16 23 1 15 30 5 18 2 20 13 8 19 24 35 37 11 17 21 22 25 26 27 28 29 31 32 33 34 36 38 39 
