Number of options: 20
Size of codes: 100
14 15 2 7 11 13 4 1 5 15 14 2 6 18 9 18 4 13 14 9 18 3 2 17 19 4 7 2 9 17 1 7 2 5 10 15 14 13 12 10 6 13 0 4 12 13 15 6 12 10 19 6 1 10 4 10 12 14 17 2 2 3 6 5 8 0 1 10 9 5 12 2 13 9 17 3 17 7 13 19 13 5 8 0 19 12 14 13 15 17 4 19 17 12 18 12 15 9 11 7 
Size of probabilities: 100
0.28 0.07 0.35 0.12 0.18 0.04 0.54 0.05 0.26 0.11 0.33 0.41 0.07 0.03 0.17 0.03 0.42 0.03 0.34 0.17 0.03 0.36 0.45 0.04 0.13 0.35 0.13 0.35 0.14 0.03 0.04 0.14 0.4 0.19 0.23 0.1 0.41 0.04 0.15 0.29 0.05 0.02 0.55 0.29 0.09 0.06 0.15 0.13 0.23 0.44 0.14 0.08 0.05 0.27 0.47 0.21 0.11 0.29 0.03 0.36 0.37 0.3 0.06 0.18 0.09 0.54 0.03 0.17 0.12 0.14 0.16 0.53 0.04 0.22 0.04 0.49 0.05 0.22 0.05 0.18 0.03 0.16 0.08 0.63 0.1 0.2 0.55 0.06 0.13 0.06 0.57 0.17 0.05 0.17 0.04 0.17 0.11 0.23 0.29 0.2 
Number of assortments: 20
Sizes of assortments: 5 5 5 5 5 5 5 5 5 5 5 5 5 5 5 5 5 5 5 5 
-------------------Iteration: 1
CPXPARAM_MIP_Display                             1
CPXPARAM_MIP_Strategy_CallbackReducedLP          0
Tried aggregator 1 time.
LP Presolve eliminated 101 rows and 201 columns.
All rows and columns eliminated.
Presolve time = 0.00 sec. (0.04 ticks)
***********************************************************
Objective value of restricted master problem: 26.04
Lamda: 1 
***********************************************************
CPXPARAM_MIP_Display                             1
CPXPARAM_MIP_Strategy_CallbackReducedLP          0
Tried aggregator 2 times.
MIP Presolve eliminated 4750 rows and 0 columns.
Aggregator did 190 substitutions.
Reduced MIP has 2700 rows, 290 columns, and 7740 nonzeros.
Reduced MIP has 190 binaries, 0 generals, 0 SOSs, and 0 indicators.
Presolve time = 0.02 sec. (14.71 ticks)
Probing time = 0.00 sec. (0.42 ticks)
Tried aggregator 1 time.
Reduced MIP has 2700 rows, 290 columns, and 7740 nonzeros.
Reduced MIP has 190 binaries, 0 generals, 0 SOSs, and 0 indicators.
Presolve time = 0.01 sec. (4.03 ticks)
Probing time = 0.00 sec. (0.42 ticks)
MIP emphasis: balance optimality and feasibility.
MIP search method: dynamic search.
Parallel mode: deterministic, using up to 8 threads.

Node log . . .
Best integer =   0.000000e+00  Node =       0  Best node =  -1.000000e+02
Best integer =  -4.000000e+01  Node =       0  Best node =  -1.000000e+02
***********************************************************

***********************************************************
-------------------Iteration: 2
CPXPARAM_MIP_Display                             1
CPXPARAM_MIP_Strategy_CallbackReducedLP          0
Tried aggregator 1 time.
LP Presolve eliminated 60 rows and 120 columns.
Aggregator did 1 substitutions.
Reduced LP has 40 rows, 81 columns, and 120 nonzeros.
Presolve time = 0.00 sec. (0.07 ticks)
Initializing dual steep norms . . .

Iteration log . . .
Iteration:     1   Dual objective     =            11.920000
***********************************************************
Objective value of restricted master problem: 22.06
Lamda: 0.63 0.37 
***********************************************************
CPXPARAM_MIP_Display                             1
CPXPARAM_MIP_Strategy_CallbackReducedLP          0
Tried aggregator 2 times.
MIP Presolve eliminated 4750 rows and 0 columns.
Aggregator did 190 substitutions.
Reduced MIP has 2700 rows, 290 columns, and 7740 nonzeros.
Reduced MIP has 190 binaries, 0 generals, 0 SOSs, and 0 indicators.
Presolve time = 0.02 sec. (14.71 ticks)
Probing time = 0.00 sec. (0.42 ticks)
Tried aggregator 1 time.
Reduced MIP has 2700 rows, 290 columns, and 7740 nonzeros.
Reduced MIP has 190 binaries, 0 generals, 0 SOSs, and 0 indicators.
Presolve time = 0.01 sec. (4.03 ticks)
Probing time = 0.00 sec. (0.42 ticks)
MIP emphasis: balance optimality and feasibility.
MIP search method: dynamic search.
Parallel mode: deterministic, using up to 8 threads.

Node log . . .
Best integer =   0.000000e+00  Node =       0  Best node =  -8.000000e+01
Best integer =  -1.400000e+01  Node =       0  Best node =  -4.000000e+01
Best integer =  -4.000000e+01  Node =       0  Best node =  -4.000000e+01
***********************************************************

***********************************************************
-------------------Iteration: 3
CPXPARAM_MIP_Display                             1
CPXPARAM_MIP_Strategy_CallbackReducedLP          0
Tried aggregator 1 time.
LP Presolve eliminated 40 rows and 80 columns.
Reduced LP has 61 rows, 123 columns, and 183 nonzeros.
Presolve time = 0.00 sec. (0.06 ticks)
Initializing dual steep norms . . .

Iteration log . . .
Iteration:     1   Dual objective     =             7.070000
***********************************************************
Objective value of restricted master problem: 14.34
Lamda: 0.53 0.15 0.32 
***********************************************************
CPXPARAM_MIP_Display                             1
CPXPARAM_MIP_Strategy_CallbackReducedLP          0
Tried aggregator 2 times.
MIP Presolve eliminated 4750 rows and 0 columns.
Aggregator did 190 substitutions.
Reduced MIP has 2700 rows, 290 columns, and 7740 nonzeros.
Reduced MIP has 190 binaries, 0 generals, 0 SOSs, and 0 indicators.
Presolve time = 0.02 sec. (14.71 ticks)
Probing time = 0.00 sec. (0.42 ticks)
Tried aggregator 1 time.
Reduced MIP has 2700 rows, 290 columns, and 7740 nonzeros.
Reduced MIP has 190 binaries, 0 generals, 0 SOSs, and 0 indicators.
Presolve time = 0.01 sec. (4.03 ticks)
Probing time = 0.00 sec. (0.42 ticks)
MIP emphasis: balance optimality and feasibility.
MIP search method: dynamic search.
Parallel mode: deterministic, using up to 8 threads.

Node log . . .
Best integer =   0.000000e+00  Node =       0  Best node =  -6.500000e+01
Best integer =  -2.400000e+01  Node =       0  Best node =  -3.000000e+01
Best integer =  -2.600000e+01  Node =       0  Best node =  -3.000000e+01
Best integer =  -2.800000e+01  Node =       0  Best node =  -3.000000e+01
Best integer =  -3.000000e+01  Node =       0  Best node =  -3.000000e+01
***********************************************************

***********************************************************
-------------------Iteration: 4
CPXPARAM_MIP_Display                             1
CPXPARAM_MIP_Strategy_CallbackReducedLP          0
Tried aggregator 1 time.
LP Presolve eliminated 25 rows and 50 columns.
Reduced LP has 76 rows, 154 columns, and 234 nonzeros.
Presolve time = 0.00 sec. (0.07 ticks)
Initializing dual steep norms . . .

Iteration log . . .
Iteration:     1   Dual objective     =             4.220000
Iteration:    62   Dual objective     =            10.810000
***********************************************************
Objective value of restricted master problem: 10.96
Lamda: 0.37 0.14 0.27 0.22 
***********************************************************
CPXPARAM_MIP_Display                             1
CPXPARAM_MIP_Strategy_CallbackReducedLP          0
Tried aggregator 2 times.
MIP Presolve eliminated 4750 rows and 0 columns.
Aggregator did 190 substitutions.
Reduced MIP has 2700 rows, 290 columns, and 7740 nonzeros.
Reduced MIP has 190 binaries, 0 generals, 0 SOSs, and 0 indicators.
Presolve time = 0.02 sec. (14.71 ticks)
Probing time = 0.00 sec. (0.42 ticks)
Tried aggregator 1 time.
Reduced MIP has 2700 rows, 290 columns, and 7740 nonzeros.
Reduced MIP has 190 binaries, 0 generals, 0 SOSs, and 0 indicators.
Presolve time = 0.00 sec. (4.03 ticks)
Probing time = 0.00 sec. (0.42 ticks)
MIP emphasis: balance optimality and feasibility.
MIP search method: dynamic search.
Parallel mode: deterministic, using up to 8 threads.

Node log . . .
Best integer =   0.000000e+00  Node =       0  Best node =  -5.600000e+01
Best integer =  -2.400000e+01  Node =       0  Best node =  -2.800000e+01
Best integer =  -2.800000e+01  Node =       0  Best node =  -2.800000e+01
***********************************************************

***********************************************************
-------------------Iteration: 5
CPXPARAM_MIP_Display                             1
CPXPARAM_MIP_Strategy_CallbackReducedLP          0
Tried aggregator 1 time.
LP Presolve eliminated 16 rows and 32 columns.
Reduced LP has 85 rows, 173 columns, and 273 nonzeros.
Presolve time = 0.00 sec. (0.07 ticks)
Initializing dual steep norms . . .

Iteration log . . .
Iteration:     1   Dual objective     =             2.310000
Iteration:    62   Dual objective     =             8.340000
***********************************************************
Objective value of restricted master problem: 8.5
Lamda: 0.35 0.1 0.17 0.2 0.18 
***********************************************************
CPXPARAM_MIP_Display                             1
CPXPARAM_MIP_Strategy_CallbackReducedLP          0
Tried aggregator 2 times.
MIP Presolve eliminated 4750 rows and 0 columns.
Aggregator did 190 substitutions.
Reduced MIP has 2700 rows, 290 columns, and 7740 nonzeros.
Reduced MIP has 190 binaries, 0 generals, 0 SOSs, and 0 indicators.
Presolve time = 0.02 sec. (14.70 ticks)
Probing time = 0.00 sec. (0.42 ticks)
Tried aggregator 1 time.
Reduced MIP has 2700 rows, 290 columns, and 7740 nonzeros.
Reduced MIP has 190 binaries, 0 generals, 0 SOSs, and 0 indicators.
Presolve time = 0.00 sec. (4.03 ticks)
Probing time = 0.00 sec. (0.42 ticks)
MIP emphasis: balance optimality and feasibility.
MIP search method: dynamic search.
Parallel mode: deterministic, using up to 8 threads.

Node log . . .
Best integer =   0.000000e+00  Node =       0  Best node =  -5.200000e+01
Best integer =  -2.000000e+01  Node =       0  Best node =  -2.600000e+01
Best integer =  -2.200000e+01  Node =       0  Best node =  -2.600000e+01
Best integer =  -2.400000e+01  Node =       0  Best node =  -2.600000e+01

Gomory fractional cuts applied:  1
***********************************************************

***********************************************************
-------------------Iteration: 6
CPXPARAM_MIP_Display                             1
CPXPARAM_MIP_Strategy_CallbackReducedLP          0
Tried aggregator 1 time.
LP Presolve eliminated 11 rows and 22 columns.
Reduced LP has 90 rows, 184 columns, and 304 nonzeros.
Presolve time = 0.00 sec. (0.07 ticks)
Initializing dual steep norms . . .

Iteration log . . .
Iteration:     1   Dual objective     =             1.060000
Iteration:    62   Dual objective     =             6.610000
***********************************************************
Objective value of restricted master problem: 7.08
Lamda: 0.31 0.09 0.16 0.14 0.18 0.12 
***********************************************************
CPXPARAM_MIP_Display                             1
CPXPARAM_MIP_Strategy_CallbackReducedLP          0
Tried aggregator 2 times.
MIP Presolve eliminated 4750 rows and 0 columns.
Aggregator did 190 substitutions.
Reduced MIP has 2700 rows, 290 columns, and 7740 nonzeros.
Reduced MIP has 190 binaries, 0 generals, 0 SOSs, and 0 indicators.
Presolve time = 0.02 sec. (14.70 ticks)
Probing time = 0.00 sec. (0.42 ticks)
Tried aggregator 1 time.
Reduced MIP has 2700 rows, 290 columns, and 7740 nonzeros.
Reduced MIP has 190 binaries, 0 generals, 0 SOSs, and 0 indicators.
Presolve time = 0.01 sec. (4.00 ticks)
Probing time = 0.00 sec. (0.42 ticks)
MIP emphasis: balance optimality and feasibility.
MIP search method: dynamic search.
Parallel mode: deterministic, using up to 8 threads.

Node log . . .
Best integer =   0.000000e+00  Node =       0  Best node =  -5.000000e+01
Best integer =  -1.200000e+01  Node =       0  Best node =  -2.100000e+01
Best integer =  -1.600000e+01  Node =       0  Best node =  -2.100000e+01
Best integer =  -2.100000e+01  Node =       0  Best node =  -2.100000e+01
***********************************************************

***********************************************************
-------------------Iteration: 7
CPXPARAM_MIP_Display                             1
CPXPARAM_MIP_Strategy_CallbackReducedLP          0
Tried aggregator 1 time.
LP Presolve eliminated 9 rows and 18 columns.
Reduced LP has 92 rows, 189 columns, and 329 nonzeros.
Presolve time = 0.00 sec. (0.08 ticks)
Initializing dual steep norms . . .

Iteration log . . .
Iteration:     1   Dual objective     =             0.910000
Iteration:    62   Dual objective     =             5.270000
***********************************************************
Objective value of restricted master problem: 5.94
Lamda: 0.25 0.06 0.16 0.11 0.17 0.15 0.1 
***********************************************************
CPXPARAM_MIP_Display                             1
CPXPARAM_MIP_Strategy_CallbackReducedLP          0
Tried aggregator 2 times.
MIP Presolve eliminated 4750 rows and 0 columns.
Aggregator did 190 substitutions.
Reduced MIP has 2700 rows, 290 columns, and 7740 nonzeros.
Reduced MIP has 190 binaries, 0 generals, 0 SOSs, and 0 indicators.
Presolve time = 0.02 sec. (14.71 ticks)
Probing time = 0.00 sec. (0.42 ticks)
Tried aggregator 1 time.
Reduced MIP has 2700 rows, 290 columns, and 7740 nonzeros.
Reduced MIP has 190 binaries, 0 generals, 0 SOSs, and 0 indicators.
Presolve time = 0.00 sec. (4.00 ticks)
Probing time = 0.00 sec. (0.42 ticks)
MIP emphasis: balance optimality and feasibility.
MIP search method: dynamic search.
Parallel mode: deterministic, using up to 8 threads.

Node log . . .
Best integer =   0.000000e+00  Node =       0  Best node =  -5.200000e+01
Best integer =  -1.200000e+01  Node =       0  Best node =  -1.900000e+01
Best integer =  -1.600000e+01  Node =       0  Best node =  -1.900000e+01
Best integer =  -1.800000e+01  Node =       0  Best node =  -1.900000e+01

Gomory fractional cuts applied:  1
***********************************************************

***********************************************************
-------------------Iteration: 8
CPXPARAM_MIP_Display                             1
CPXPARAM_MIP_Strategy_CallbackReducedLP          0
Tried aggregator 1 time.
LP Presolve eliminated 8 rows and 16 columns.
Reduced LP has 93 rows, 192 columns, and 352 nonzeros.
Presolve time = 0.00 sec. (0.08 ticks)

Iteration log . . .
Iteration:     1   Dual objective     =             0.500000
Iteration:    62   Dual objective     =             4.330000
***********************************************************
Objective value of restricted master problem: 5.02
Lamda: 0.2 0.04 0.16 0.08 0.13 0.15 0.13 0.11 
***********************************************************
CPXPARAM_MIP_Display                             1
CPXPARAM_MIP_Strategy_CallbackReducedLP          0
Tried aggregator 2 times.
MIP Presolve eliminated 4750 rows and 0 columns.
Aggregator did 190 substitutions.
Reduced MIP has 2700 rows, 290 columns, and 7740 nonzeros.
Reduced MIP has 190 binaries, 0 generals, 0 SOSs, and 0 indicators.
Presolve time = 0.03 sec. (14.70 ticks)
Probing time = 0.00 sec. (0.42 ticks)
Tried aggregator 1 time.
Reduced MIP has 2700 rows, 290 columns, and 7740 nonzeros.
Reduced MIP has 190 binaries, 0 generals, 0 SOSs, and 0 indicators.
Presolve time = 0.01 sec. (4.00 ticks)
Probing time = 0.00 sec. (0.42 ticks)
MIP emphasis: balance optimality and feasibility.
MIP search method: dynamic search.
Parallel mode: deterministic, using up to 8 threads.

Node log . . .
Best integer =   0.000000e+00  Node =       0  Best node =  -4.800000e+01
Best integer =  -1.700000e+01  Node =       0  Best node =  -2.100000e+01
Best integer =  -1.900000e+01  Node =       0  Best node =  -2.100000e+01
***********************************************************

***********************************************************
-------------------Iteration: 9
CPXPARAM_MIP_Display                             1
CPXPARAM_MIP_Strategy_CallbackReducedLP          0
Tried aggregator 1 time.
LP Presolve eliminated 7 rows and 14 columns.
Reduced LP has 94 rows, 195 columns, and 375 nonzeros.
Presolve time = 0.00 sec. (0.08 ticks)

Iteration log . . .
Iteration:     1   Dual objective     =             0.350000
Iteration:    62   Dual objective     =             3.710000
***********************************************************
Objective value of restricted master problem: 4.3
Lamda: 0.2 0.03 0.14 0.09 0.14 0.14 0.11 0.08 0.07 
***********************************************************
CPXPARAM_MIP_Display                             1
CPXPARAM_MIP_Strategy_CallbackReducedLP          0
Tried aggregator 2 times.
MIP Presolve eliminated 4750 rows and 0 columns.
Aggregator did 190 substitutions.
Reduced MIP has 2700 rows, 290 columns, and 7740 nonzeros.
Reduced MIP has 190 binaries, 0 generals, 0 SOSs, and 0 indicators.
Presolve time = 0.02 sec. (14.71 ticks)
Probing time = 0.00 sec. (0.42 ticks)
Tried aggregator 1 time.
Reduced MIP has 2700 rows, 290 columns, and 7740 nonzeros.
Reduced MIP has 190 binaries, 0 generals, 0 SOSs, and 0 indicators.
Presolve time = 0.00 sec. (4.00 ticks)
Probing time = 0.00 sec. (0.42 ticks)
MIP emphasis: balance optimality and feasibility.
MIP search method: dynamic search.
Parallel mode: deterministic, using up to 8 threads.

Node log . . .
Best integer =   0.000000e+00  Node =       0  Best node =  -4.700000e+01
Best integer =  -6.000000e+00  Node =       0  Best node =  -1.800000e+01
Best integer =  -8.000000e+00  Node =       0  Best node =  -1.800000e+01
Best integer =  -1.300000e+01  Node =       0  Best node =  -1.800000e+01
Best integer =  -1.400000e+01  Node =       0  Best node =  -1.750000e+01
Best integer =  -1.500000e+01  Node =      51  Best node =  -1.650000e+01

Zero-half cuts applied:  22
Gomory fractional cuts applied:  28
***********************************************************

***********************************************************
-------------------Iteration: 10
CPXPARAM_MIP_Display                             1
CPXPARAM_MIP_Strategy_CallbackReducedLP          0
Tried aggregator 1 time.
LP Presolve eliminated 4 rows and 8 columns.
Reduced LP has 97 rows, 202 columns, and 402 nonzeros.
Presolve time = 0.00 sec. (0.08 ticks)

Iteration log . . .
Iteration:     1   Dual objective     =             0.180000
Iteration:    62   Dual objective     =             3.350000
***********************************************************
Objective value of restricted master problem: 3.88
Lamda: 0.141667 0.025 0.106667 0.0616667 0.145 0.158333 0.125 0.095 0.0833333 0.0583333 
***********************************************************
CPXPARAM_MIP_Display                             1
CPXPARAM_MIP_Strategy_CallbackReducedLP          0
Tried aggregator 2 times.
MIP Presolve eliminated 4750 rows and 0 columns.
Aggregator did 190 substitutions.
Reduced MIP has 2700 rows, 290 columns, and 7740 nonzeros.
Reduced MIP has 190 binaries, 0 generals, 0 SOSs, and 0 indicators.
Presolve time = 0.02 sec. (14.71 ticks)
Probing time = 0.00 sec. (0.42 ticks)
Tried aggregator 1 time.
Reduced MIP has 2700 rows, 290 columns, and 7740 nonzeros.
Reduced MIP has 190 binaries, 0 generals, 0 SOSs, and 0 indicators.
Presolve time = 0.00 sec. (4.00 ticks)
Probing time = 0.00 sec. (0.42 ticks)
MIP emphasis: balance optimality and feasibility.
MIP search method: dynamic search.
Parallel mode: deterministic, using up to 8 threads.

Node log . . .
Best integer =   0.000000e+00  Node =       0  Best node =  -4.900000e+01
Best integer =  -1.200000e+01  Node =       0  Best node =  -1.800000e+01
Best integer =  -1.800000e+01  Node =       0  Best node =  -1.800000e+01
***********************************************************

***********************************************************
-------------------Iteration: 11
CPXPARAM_MIP_Display                             1
CPXPARAM_MIP_Strategy_CallbackReducedLP          0
Tried aggregator 1 time.
LP Presolve eliminated 1 rows and 2 columns.
Reduced LP has 100 rows, 209 columns, and 429 nonzeros.
Presolve time = 0.00 sec. (0.08 ticks)

Iteration log . . .
Iteration:     1   Dual objective     =             0.040000
Iteration:    62   Dual objective     =             2.755000
***********************************************************
Objective value of restricted master problem: 3.388
Lamda: 0.14 0.028 0.098 0.066 0.12 0.154 0.128 0.082 0.072 0.06 0.052 
***********************************************************
CPXPARAM_MIP_Display                             1
CPXPARAM_MIP_Strategy_CallbackReducedLP          0
Tried aggregator 2 times.
MIP Presolve eliminated 4750 rows and 0 columns.
Aggregator did 190 substitutions.
Reduced MIP has 2700 rows, 290 columns, and 7740 nonzeros.
Reduced MIP has 190 binaries, 0 generals, 0 SOSs, and 0 indicators.
Presolve time = 0.02 sec. (14.71 ticks)
Probing time = 0.00 sec. (0.42 ticks)
Tried aggregator 1 time.
Reduced MIP has 2700 rows, 290 columns, and 7740 nonzeros.
Reduced MIP has 190 binaries, 0 generals, 0 SOSs, and 0 indicators.
Presolve time = 0.00 sec. (4.00 ticks)
Probing time = 0.00 sec. (0.42 ticks)
MIP emphasis: balance optimality and feasibility.
MIP search method: dynamic search.
Parallel mode: deterministic, using up to 8 threads.

Node log . . .
Best integer =   0.000000e+00  Node =       0  Best node =  -4.340000e+01
Best integer =  -1.120000e+01  Node =       0  Best node =  -1.890000e+01
Best integer =  -1.200000e+01  Node =       0  Best node =  -1.890000e+01
Best integer =  -1.400000e+01  Node =       0  Best node =  -1.890000e+01
Best integer =  -1.520000e+01  Node =       0  Best node =  -1.880000e+01

Zero-half cuts applied:  1
Gomory fractional cuts applied:  2
***********************************************************

***********************************************************
-------------------Iteration: 12
CPXPARAM_MIP_Display                             1
CPXPARAM_MIP_Strategy_CallbackReducedLP          0
Tried aggregator 1 time.
LP Presolve eliminated 1 rows and 2 columns.
Reduced LP has 100 rows, 210 columns, and 450 nonzeros.
Presolve time = 0.00 sec. (0.09 ticks)

Iteration log . . .
Iteration:     1   Dual objective     =             0.040000
Iteration:    62   Dual objective     =             2.365000
***********************************************************
Objective value of restricted master problem: 2.72
Lamda: 0.123333 0.0266667 0.09 0.06 0.113333 0.143333 0.09 0.0833333 0.0733333 0.0766667 0.05 0.07 
***********************************************************
CPXPARAM_MIP_Display                             1
CPXPARAM_MIP_Strategy_CallbackReducedLP          0
Tried aggregator 2 times.
MIP Presolve eliminated 4750 rows and 0 columns.
Aggregator did 190 substitutions.
Reduced MIP has 2700 rows, 290 columns, and 7740 nonzeros.
Reduced MIP has 190 binaries, 0 generals, 0 SOSs, and 0 indicators.
Presolve time = 0.02 sec. (14.71 ticks)
Probing time = 0.00 sec. (0.42 ticks)
Tried aggregator 1 time.
Reduced MIP has 2700 rows, 290 columns, and 7740 nonzeros.
Reduced MIP has 190 binaries, 0 generals, 0 SOSs, and 0 indicators.
Presolve time = 0.01 sec. (4.03 ticks)
Probing time = 0.00 sec. (0.42 ticks)
MIP emphasis: balance optimality and feasibility.
MIP search method: dynamic search.
Parallel mode: deterministic, using up to 8 threads.

Node log . . .
Best integer =   0.000000e+00  Node =       0  Best node =  -4.600000e+01
Best integer =  -1.200000e+01  Node =       0  Best node =  -1.783333e+01
Best integer =  -1.400000e+01  Node =       0  Best node =  -1.756000e+01

Lift and project cuts applied:  2
Gomory fractional cuts applied:  5
***********************************************************

***********************************************************
-------------------Iteration: 13
CPXPARAM_MIP_Display                             1
CPXPARAM_MIP_Strategy_CallbackReducedLP          0
Tried aggregator 1 time.
LP Presolve eliminated 1 rows and 2 columns.
Reduced LP has 100 rows, 211 columns, and 471 nonzeros.
Presolve time = 0.00 sec. (0.09 ticks)

Iteration log . . .
Iteration:     1   Dual objective     =             0.040000
Iteration:    62   Dual objective     =             1.990000
***********************************************************
Objective value of restricted master problem: 2.31
Lamda: 0.125 0.03 0.085 0.06 0.065 0.12 0.07 0.095 0.07 0.075 0.05 0.085 0.07 
***********************************************************
CPXPARAM_MIP_Display                             1
CPXPARAM_MIP_Strategy_CallbackReducedLP          0
Tried aggregator 2 times.
MIP Presolve eliminated 4750 rows and 0 columns.
Aggregator did 190 substitutions.
Reduced MIP has 2700 rows, 290 columns, and 7740 nonzeros.
Reduced MIP has 190 binaries, 0 generals, 0 SOSs, and 0 indicators.
Presolve time = 0.02 sec. (14.70 ticks)
Probing time = 0.00 sec. (0.42 ticks)
Tried aggregator 1 time.
Reduced MIP has 2700 rows, 290 columns, and 7740 nonzeros.
Reduced MIP has 190 binaries, 0 generals, 0 SOSs, and 0 indicators.
Presolve time = 0.00 sec. (3.99 ticks)
Probing time = 0.00 sec. (0.42 ticks)
MIP emphasis: balance optimality and feasibility.
MIP search method: dynamic search.
Parallel mode: deterministic, using up to 8 threads.

Node log . . .
Best integer =  -1.665335e-16  Node =       0  Best node =  -3.980000e+01
Best integer =  -1.240000e+01  Node =       0  Best node =  -1.750000e+01
Best integer =  -1.460000e+01  Node =       0  Best node =  -1.700000e+01

Zero-half cuts applied:  1
Gomory fractional cuts applied:  18
***********************************************************

***********************************************************
-------------------Iteration: 14
CPXPARAM_MIP_Display                             1
CPXPARAM_MIP_Strategy_CallbackReducedLP          0
Tried aggregator 1 time.
LP Presolve eliminated 1 rows and 2 columns.
Reduced LP has 100 rows, 212 columns, and 492 nonzeros.
Presolve time = 0.00 sec. (0.09 ticks)

Iteration log . . .
Iteration:     1   Dual objective     =             0.040000
Iteration:    62   Dual objective     =             1.656667
***********************************************************
Objective value of restricted master problem: 1.98
Lamda: 0.1 0.03 0.07 0.06 0.06 0.11 0.08 0.1 0.06 0.06 0.06 0.09 0.08 0.04 
***********************************************************
CPXPARAM_MIP_Display                             1
CPXPARAM_MIP_Strategy_CallbackReducedLP          0
Tried aggregator 2 times.
MIP Presolve eliminated 4750 rows and 0 columns.
Aggregator did 190 substitutions.
Reduced MIP has 2700 rows, 290 columns, and 7740 nonzeros.
Reduced MIP has 190 binaries, 0 generals, 0 SOSs, and 0 indicators.
Presolve time = 0.02 sec. (14.71 ticks)
Probing time = 0.00 sec. (0.42 ticks)
Tried aggregator 1 time.
Reduced MIP has 2700 rows, 290 columns, and 7740 nonzeros.
Reduced MIP has 190 binaries, 0 generals, 0 SOSs, and 0 indicators.
Presolve time = 0.00 sec. (4.00 ticks)
Probing time = 0.00 sec. (0.42 ticks)
MIP emphasis: balance optimality and feasibility.
MIP search method: dynamic search.
Parallel mode: deterministic, using up to 8 threads.

Node log . . .
Best integer =   0.000000e+00  Node =       0  Best node =  -4.200000e+01
Best integer =  -2.000000e+00  Node =       0  Best node =  -4.200000e+01
Best integer =  -7.000000e+00  Node =       0  Best node =  -1.400000e+01
Best integer =  -1.100000e+01  Node =       0  Best node =  -1.400000e+01
Best integer =  -1.300000e+01  Node =       0  Best node =  -1.400000e+01
***********************************************************

***********************************************************
-------------------Iteration: 15
CPXPARAM_MIP_Display                             1
CPXPARAM_MIP_Strategy_CallbackReducedLP          0
Tried aggregator 1 time.
No LP presolve or aggregator reductions.
Presolve time = 0.00 sec. (0.07 ticks)

Iteration log . . .
Iteration:     1   Dual objective     =             0.000000
Iteration:    62   Dual objective     =             1.492857
***********************************************************
Objective value of restricted master problem: 1.88923
Lamda: 0.0946154 0.02 0.0607692 0.0546154 0.0630769 0.115385 0.0646154 0.0976923 0.0623077 0.0584615 0.0576923 0.0953846 0.0853846 0.0469231 0.0230769 
***********************************************************
CPXPARAM_MIP_Display                             1
CPXPARAM_MIP_Strategy_CallbackReducedLP          0
Tried aggregator 2 times.
MIP Presolve eliminated 4750 rows and 0 columns.
Aggregator did 190 substitutions.
Reduced MIP has 2700 rows, 290 columns, and 7740 nonzeros.
Reduced MIP has 190 binaries, 0 generals, 0 SOSs, and 0 indicators.
Presolve time = 0.02 sec. (14.71 ticks)
Probing time = 0.00 sec. (0.42 ticks)
Tried aggregator 1 time.
Reduced MIP has 2700 rows, 290 columns, and 7740 nonzeros.
Reduced MIP has 190 binaries, 0 generals, 0 SOSs, and 0 indicators.
Presolve time = 0.00 sec. (3.99 ticks)
Probing time = 0.00 sec. (0.42 ticks)
MIP emphasis: balance optimality and feasibility.
MIP search method: dynamic search.
Parallel mode: deterministic, using up to 8 threads.

Node log . . .
Best integer =   0.000000e+00  Node =       0  Best node =  -4.446154e+01
Best integer =  -8.769231e+00  Node =       0  Best node =  -1.593706e+01
Best integer =  -1.215385e+01  Node =       0  Best node =  -1.586191e+01
Best integer =  -1.246154e+01  Node =       0  Best node =  -1.577394e+01

Gomory fractional cuts applied:  4
***********************************************************

***********************************************************
-------------------Iteration: 16
CPXPARAM_MIP_Display                             1
CPXPARAM_MIP_Strategy_CallbackReducedLP          0
Tried aggregator 1 time.
No LP presolve or aggregator reductions.
Presolve time = 0.00 sec. (0.07 ticks)

Iteration log . . .
Iteration:     1   Dual objective     =             0.000000
Iteration:    62   Dual objective     =             1.300000
***********************************************************
Objective value of restricted master problem: 1.67
Lamda: 0.0925 0.0075 0.0525 0.0525 0.05 0.1175 0.0675 0.1025 0.07 0.06 0.04 0.0875 0.085 0.0475 0.025 0.0425 
***********************************************************
CPXPARAM_MIP_Display                             1
CPXPARAM_MIP_Strategy_CallbackReducedLP          0
Tried aggregator 2 times.
MIP Presolve eliminated 4750 rows and 0 columns.
Aggregator did 190 substitutions.
Reduced MIP has 2700 rows, 290 columns, and 7740 nonzeros.
Reduced MIP has 190 binaries, 0 generals, 0 SOSs, and 0 indicators.
Presolve time = 0.02 sec. (14.70 ticks)
Probing time = 0.00 sec. (0.42 ticks)
Tried aggregator 1 time.
Reduced MIP has 2700 rows, 290 columns, and 7740 nonzeros.
Reduced MIP has 190 binaries, 0 generals, 0 SOSs, and 0 indicators.
Presolve time = 0.01 sec. (4.03 ticks)
Probing time = 0.00 sec. (0.42 ticks)
MIP emphasis: balance optimality and feasibility.
MIP search method: dynamic search.
Parallel mode: deterministic, using up to 8 threads.

Node log . . .
Best integer =   0.000000e+00  Node =       0  Best node =  -4.200000e+01
Best integer =  -5.000000e+00  Node =       0  Best node =  -1.700000e+01
Best integer =  -8.000000e+00  Node =       0  Best node =  -1.650000e+01
Best integer =  -1.200000e+01  Node =       0  Best node =  -1.600000e+01
Best integer =  -1.400000e+01  Node =       0  Best node =  -1.600000e+01

Gomory fractional cuts applied:  11
***********************************************************

***********************************************************
-------------------Iteration: 17
CPXPARAM_MIP_Display                             1
CPXPARAM_MIP_Strategy_CallbackReducedLP          0
Tried aggregator 1 time.
No LP presolve or aggregator reductions.
Presolve time = 0.00 sec. (0.08 ticks)

Iteration log . . .
Iteration:     1   Dual objective     =             0.000000
Iteration:    62   Dual objective     =             1.222500
***********************************************************
Objective value of restricted master problem: 1.53
Lamda: 0.095 0.005 0.055 0.04 0.04 0.11 0.07 0.105 0.07 0.06 0.04 0.085 0.095 0.045 0.025 0.04 0.02 
***********************************************************
CPXPARAM_MIP_Display                             1
CPXPARAM_MIP_Strategy_CallbackReducedLP          0
Tried aggregator 2 times.
MIP Presolve eliminated 4750 rows and 0 columns.
Aggregator did 190 substitutions.
Reduced MIP has 2700 rows, 290 columns, and 7740 nonzeros.
Reduced MIP has 190 binaries, 0 generals, 0 SOSs, and 0 indicators.
Presolve time = 0.02 sec. (14.71 ticks)
Probing time = 0.00 sec. (0.42 ticks)
Tried aggregator 1 time.
Reduced MIP has 2700 rows, 290 columns, and 7740 nonzeros.
Reduced MIP has 190 binaries, 0 generals, 0 SOSs, and 0 indicators.
Presolve time = 0.01 sec. (4.02 ticks)
Probing time = 0.00 sec. (0.42 ticks)
MIP emphasis: balance optimality and feasibility.
MIP search method: dynamic search.
Parallel mode: deterministic, using up to 8 threads.

Node log . . .
Best integer =  -1.110223e-16  Node =       0  Best node =  -4.250000e+01
Best integer =  -1.750000e+00  Node =       0  Best node =  -1.650000e+01
Best integer =  -1.375000e+01  Node =       0  Best node =  -1.650000e+01
Best integer =  -1.425000e+01  Node =       0  Best node =  -1.568750e+01

Gomory fractional cuts applied:  12
***********************************************************

***********************************************************
-------------------Iteration: 18
CPXPARAM_MIP_Display                             1
CPXPARAM_MIP_Strategy_CallbackReducedLP          0
Tried aggregator 1 time.
No LP presolve or aggregator reductions.
Presolve time = 0.00 sec. (0.08 ticks)

Iteration log . . .
Iteration:     1   Dual objective     =             0.000000
Iteration:    62   Dual objective     =             1.140000
***********************************************************
Objective value of restricted master problem: 1.43167
Lamda: 0.102917 0.0104167 0.0608333 0.04 0.0441667 0.100417 0.0716667 0.0995833 0.06875 0.0566667 0.0354167 0.07875 0.0954167 0.0404167 0.0195833 0.0354167 0.0195833 0.02 
***********************************************************
CPXPARAM_MIP_Display                             1
CPXPARAM_MIP_Strategy_CallbackReducedLP          0
Tried aggregator 2 times.
MIP Presolve eliminated 4750 rows and 0 columns.
Aggregator did 190 substitutions.
Reduced MIP has 2700 rows, 290 columns, and 7740 nonzeros.
Reduced MIP has 190 binaries, 0 generals, 0 SOSs, and 0 indicators.
Presolve time = 0.02 sec. (14.70 ticks)
Probing time = 0.00 sec. (0.42 ticks)
Tried aggregator 1 time.
Reduced MIP has 2700 rows, 290 columns, and 7740 nonzeros.
Reduced MIP has 190 binaries, 0 generals, 0 SOSs, and 0 indicators.
Presolve time = 0.01 sec. (3.99 ticks)
Probing time = 0.00 sec. (0.42 ticks)
MIP emphasis: balance optimality and feasibility.
MIP search method: dynamic search.
Parallel mode: deterministic, using up to 8 threads.

Node log . . .
Best integer =   4.440892e-16  Node =       0  Best node =  -4.300000e+01
Best integer =  -5.000000e+00  Node =       0  Best node =  -1.433333e+01
Best integer =  -9.833333e+00  Node =       0  Best node =  -1.433333e+01
Best integer =  -1.083333e+01  Node =       0  Best node =  -1.380556e+01
Best integer =  -1.100000e+01  Node =       0  Best node =  -1.250000e+01

Zero-half cuts applied:  1
Gomory fractional cuts applied:  15
***********************************************************

***********************************************************
-------------------Iteration: 19
CPXPARAM_MIP_Display                             1
CPXPARAM_MIP_Strategy_CallbackReducedLP          0
Tried aggregator 1 time.
No LP presolve or aggregator reductions.
Presolve time = 0.00 sec. (0.08 ticks)

Iteration log . . .
Iteration:     1   Dual objective     =             0.000000
Iteration:    62   Dual objective     =             1.028000
***********************************************************
Objective value of restricted master problem: 1.32571
Lamda: 0.0885714 0.00571429 0.0557143 0.04 0.0371429 0.0971429 0.0657143 0.104286 0.07 0.0557143 0.0342857 0.0785714 0.0957143 0.0414286 0.0242857 0.0471429 0.0228571 0.0185714 0.0171429 
***********************************************************
CPXPARAM_MIP_Display                             1
CPXPARAM_MIP_Strategy_CallbackReducedLP          0
Tried aggregator 2 times.
MIP Presolve eliminated 4750 rows and 0 columns.
Aggregator did 190 substitutions.
Reduced MIP has 2700 rows, 290 columns, and 7740 nonzeros.
Reduced MIP has 190 binaries, 0 generals, 0 SOSs, and 0 indicators.
Presolve time = 0.02 sec. (14.71 ticks)
Probing time = 0.00 sec. (0.42 ticks)
Tried aggregator 1 time.
Reduced MIP has 2700 rows, 290 columns, and 7740 nonzeros.
Reduced MIP has 190 binaries, 0 generals, 0 SOSs, and 0 indicators.
Presolve time = 0.00 sec. (3.99 ticks)
Probing time = 0.00 sec. (0.42 ticks)
MIP emphasis: balance optimality and feasibility.
MIP search method: dynamic search.
Parallel mode: deterministic, using up to 8 threads.

Node log . . .
Best integer =   0.000000e+00  Node =       0  Best node =  -4.271429e+01
Best integer =  -4.428571e+00  Node =       0  Best node =  -1.400000e+01
Best integer =  -1.071429e+01  Node =       0  Best node =  -1.400000e+01

Gomory fractional cuts applied:  39
***********************************************************

***********************************************************
-------------------Iteration: 20
CPXPARAM_MIP_Display                             1
CPXPARAM_MIP_Strategy_CallbackReducedLP          0
Tried aggregator 1 time.
No LP presolve or aggregator reductions.
Presolve time = 0.00 sec. (0.08 ticks)

Iteration log . . .
Iteration:     1   Dual objective     =             0.000000
Iteration:    62   Dual objective     =             1.038587
***********************************************************
Objective value of restricted master problem: 1.29739
Lamda: 0.0869565 0.00391304 0.0565217 0.04 0.0352174 0.0952174 0.0652174 0.103478 0.0726087 0.0534783 0.0308696 0.0782609 0.0947826 0.0413043 0.02 0.05 0.0247826 0.0213043 0.02 0.00608696 
***********************************************************
CPXPARAM_MIP_Display                             1
CPXPARAM_MIP_Strategy_CallbackReducedLP          0
Tried aggregator 2 times.
MIP Presolve eliminated 4750 rows and 0 columns.
Aggregator did 190 substitutions.
Reduced MIP has 2700 rows, 290 columns, and 7740 nonzeros.
Reduced MIP has 190 binaries, 0 generals, 0 SOSs, and 0 indicators.
Presolve time = 0.02 sec. (14.70 ticks)
Probing time = 0.00 sec. (0.42 ticks)
Tried aggregator 1 time.
Reduced MIP has 2700 rows, 290 columns, and 7740 nonzeros.
Reduced MIP has 190 binaries, 0 generals, 0 SOSs, and 0 indicators.
Presolve time = 0.00 sec. (3.99 ticks)
Probing time = 0.00 sec. (0.42 ticks)
MIP emphasis: balance optimality and feasibility.
MIP search method: dynamic search.
Parallel mode: deterministic, using up to 8 threads.

Node log . . .
Best integer =   2.220446e-16  Node =       0  Best node =  -4.091304e+01
Best integer =  -4.608696e+00  Node =       0  Best node =  -1.645652e+01
Best integer =  -1.043478e+01  Node =       0  Best node =  -1.613768e+01
Best integer =  -1.173913e+01  Node =       0  Best node =  -1.573913e+01

Gomory fractional cuts applied:  13
***********************************************************

***********************************************************
-------------------Iteration: 21
CPXPARAM_MIP_Display                             1
CPXPARAM_MIP_Strategy_CallbackReducedLP          0
Tried aggregator 1 time.
No LP presolve or aggregator reductions.
Presolve time = 0.00 sec. (0.08 ticks)

Iteration log . . .
Iteration:     1   Dual objective     =             0.000000
Iteration:    62   Dual objective     =             0.950000
Iteration:   124   Dual objective     =             1.194957
***********************************************************
Objective value of restricted master problem: 1.195
Lamda: 0.0909091 0 0.0584091 0.04 0.0315909 0.0945455 0.0665909 0.102727 0.0593182 0.0493182 0.03 0.0761364 0.0913636 0.0413636 0.0190909 0.0543182 0.0254545 0.0202273 0.0188636 0.0109091 0.0188636 
***********************************************************
CPXPARAM_MIP_Display                             1
CPXPARAM_MIP_Strategy_CallbackReducedLP          0
Tried aggregator 2 times.
MIP Presolve eliminated 4750 rows and 0 columns.
Aggregator did 190 substitutions.
Reduced MIP has 2700 rows, 290 columns, and 7740 nonzeros.
Reduced MIP has 190 binaries, 0 generals, 0 SOSs, and 0 indicators.
Presolve time = 0.02 sec. (14.70 ticks)
Probing time = 0.00 sec. (0.42 ticks)
Tried aggregator 1 time.
Reduced MIP has 2700 rows, 290 columns, and 7740 nonzeros.
Reduced MIP has 190 binaries, 0 generals, 0 SOSs, and 0 indicators.
Presolve time = 0.00 sec. (3.99 ticks)
Probing time = 0.00 sec. (0.42 ticks)
MIP emphasis: balance optimality and feasibility.
MIP search method: dynamic search.
Parallel mode: deterministic, using up to 8 threads.

Node log . . .
Best integer =   0.000000e+00  Node =       0  Best node =  -4.300000e+01
Best integer =  -3.833333e+00  Node =       0  Best node =  -1.408333e+01
Best integer =  -5.333333e+00  Node =       0  Best node =  -1.408333e+01
Best integer =  -1.300000e+01  Node =       0  Best node =  -1.408333e+01

Zero-half cuts applied:  2
Gomory fractional cuts applied:  2
***********************************************************

***********************************************************
-------------------Iteration: 22
CPXPARAM_MIP_Display                             1
CPXPARAM_MIP_Strategy_CallbackReducedLP          0
Tried aggregator 1 time.
No LP presolve or aggregator reductions.
Presolve time = 0.00 sec. (0.08 ticks)

Iteration log . . .
Iteration:     1   Dual objective     =             0.000000
Iteration:    62   Dual objective     =             0.863108
***********************************************************
Objective value of restricted master problem: 1.11846
Lamda: 0.0861538 0 0.0561538 0.04 0.0323077 0.09 0.0607692 0.0976923 0.0607692 0.0469231 0.0261538 0.0761538 0.0915385 0.0423077 0.0161538 0.0584615 0.0276923 0.0169231 0.0238462 0.0138462 0.0215385 0.0146154 
***********************************************************
CPXPARAM_MIP_Display                             1
CPXPARAM_MIP_Strategy_CallbackReducedLP          0
Tried aggregator 2 times.
MIP Presolve eliminated 4750 rows and 0 columns.
Aggregator did 190 substitutions.
Reduced MIP has 2700 rows, 290 columns, and 7740 nonzeros.
Reduced MIP has 190 binaries, 0 generals, 0 SOSs, and 0 indicators.
Presolve time = 0.02 sec. (14.70 ticks)
Probing time = 0.00 sec. (0.42 ticks)
Tried aggregator 1 time.
Reduced MIP has 2700 rows, 290 columns, and 7740 nonzeros.
Reduced MIP has 190 binaries, 0 generals, 0 SOSs, and 0 indicators.
Presolve time = 0.00 sec. (3.99 ticks)
Probing time = 0.00 sec. (0.42 ticks)
MIP emphasis: balance optimality and feasibility.
MIP search method: dynamic search.
Parallel mode: deterministic, using up to 8 threads.

Node log . . .
Best integer =   0.000000e+00  Node =       0  Best node =  -4.184615e+01
Best integer =  -4.769231e+00  Node =       0  Best node =  -1.251282e+01
Best integer =  -1.076923e+01  Node =       0  Best node =  -1.251282e+01
Best integer =  -1.123077e+01  Node =       0  Best node =  -1.251282e+01

Zero-half cuts applied:  2
Lift and project cuts applied:  1
Gomory fractional cuts applied:  7
***********************************************************

***********************************************************
-------------------Iteration: 23
CPXPARAM_MIP_Display                             1
CPXPARAM_MIP_Strategy_CallbackReducedLP          0
Tried aggregator 1 time.
No LP presolve or aggregator reductions.
Presolve time = 0.00 sec. (0.08 ticks)

Iteration log . . .
Iteration:     1   Dual objective     =             0.000000
Iteration:    62   Dual objective     =             0.746324
***********************************************************
Objective value of restricted master problem: 0.991111
Lamda: 0.0777778 0 0.05 0.04 0.0305556 0.0861111 0.0561111 0.0961111 0.0633333 0.0466667 0.03 0.0788889 0.0927778 0.0455556 0.0166667 0.0577778 0.0311111 0.0166667 0.02 0.0122222 0.0166667 0.0177778 0.0172222 
***********************************************************
CPXPARAM_MIP_Display                             1
CPXPARAM_MIP_Strategy_CallbackReducedLP          0
Tried aggregator 2 times.
MIP Presolve eliminated 4750 rows and 0 columns.
Aggregator did 190 substitutions.
Reduced MIP has 2700 rows, 290 columns, and 7740 nonzeros.
Reduced MIP has 190 binaries, 0 generals, 0 SOSs, and 0 indicators.
Presolve time = 0.02 sec. (14.71 ticks)
Probing time = 0.00 sec. (0.42 ticks)
Tried aggregator 1 time.
Reduced MIP has 2700 rows, 290 columns, and 7740 nonzeros.
Reduced MIP has 190 binaries, 0 generals, 0 SOSs, and 0 indicators.
Presolve time = 0.00 sec. (3.99 ticks)
Probing time = 0.00 sec. (0.42 ticks)
MIP emphasis: balance optimality and feasibility.
MIP search method: dynamic search.
Parallel mode: deterministic, using up to 8 threads.

Node log . . .
Best integer =  -4.440892e-16  Node =       0  Best node =  -4.144444e+01
Best integer =  -3.777778e+00  Node =       0  Best node =  -1.635185e+01
Best integer =  -1.229630e+01  Node =       0  Best node =  -1.635185e+01
Best integer =  -1.244444e+01  Node =       0  Best node =  -1.592181e+01
Best integer =  -1.392593e+01  Node =       0  Best node =  -1.564993e+01

Gomory fractional cuts applied:  7
***********************************************************

***********************************************************
-------------------Iteration: 24
CPXPARAM_MIP_Display                             1
CPXPARAM_MIP_Strategy_CallbackReducedLP          0
Tried aggregator 1 time.
No LP presolve or aggregator reductions.
Presolve time = 0.00 sec. (0.08 ticks)

Iteration log . . .
Iteration:     1   Dual objective     =             0.000000
Iteration:    62   Dual objective     =             0.617470
***********************************************************
Objective value of restricted master problem: 0.859946
Lamda: 0.0729343 0 0.050333 0.04 0.0279208 0.0818902 0.0487219 0.0841314 0.0614581 0.0461476 0.0275878 0.0754095 0.0962196 0.0442574 0.0160486 0.0539694 0.0320792 0.0135824 0.0231593 0.0139514 0.0146895 0.0242214 0.0315662 0.019721 
***********************************************************
CPXPARAM_MIP_Display                             1
CPXPARAM_MIP_Strategy_CallbackReducedLP          0
Tried aggregator 2 times.
MIP Presolve eliminated 4750 rows and 0 columns.
Aggregator did 190 substitutions.
Reduced MIP has 2700 rows, 290 columns, and 7740 nonzeros.
Reduced MIP has 190 binaries, 0 generals, 0 SOSs, and 0 indicators.
Presolve time = 0.02 sec. (14.70 ticks)
Probing time = 0.00 sec. (0.42 ticks)
Tried aggregator 1 time.
Reduced MIP has 2700 rows, 290 columns, and 7740 nonzeros.
Reduced MIP has 190 binaries, 0 generals, 0 SOSs, and 0 indicators.
Presolve time = 0.01 sec. (3.99 ticks)
Probing time = 0.00 sec. (0.42 ticks)
MIP emphasis: balance optimality and feasibility.
MIP search method: dynamic search.
Parallel mode: deterministic, using up to 8 threads.

Node log . . .
Best integer =  -2.220446e-16  Node =       0  Best node =  -3.960666e+01
Best integer =  -9.490549e+00  Node =       0  Best node =  -1.618102e+01
Best integer =  -1.252745e+01  Node =       0  Best node =  -1.618102e+01

Lift and project cuts applied:  1
Gomory fractional cuts applied:  7
***********************************************************

***********************************************************
-------------------Iteration: 25
CPXPARAM_MIP_Display                             1
CPXPARAM_MIP_Strategy_CallbackReducedLP          0
Tried aggregator 1 time.
No LP presolve or aggregator reductions.
Presolve time = 0.00 sec. (0.09 ticks)

Iteration log . . .
Iteration:     1   Dual objective     =             0.000000
Iteration:    62   Dual objective     =             0.550143
***********************************************************
Objective value of restricted master problem: 0.76
Lamda: 0.0613318 0 0.0453805 0.0409861 0.0273364 0.0796311 0.0437726 0.0827077 0.061116 0.0425708 0.0275592 0.072761 0.0883318 0.0463132 0.0128097 0.0504872 0.0313364 0.0119536 0.0249165 0.0171903 0.0124408 0.0316798 0.0475986 0.0237355 0.0160534 
***********************************************************
CPXPARAM_MIP_Display                             1
CPXPARAM_MIP_Strategy_CallbackReducedLP          0
Tried aggregator 2 times.
MIP Presolve eliminated 4750 rows and 0 columns.
Aggregator did 190 substitutions.
Reduced MIP has 2700 rows, 290 columns, and 7740 nonzeros.
Reduced MIP has 190 binaries, 0 generals, 0 SOSs, and 0 indicators.
Presolve time = 0.02 sec. (14.71 ticks)
Probing time = 0.00 sec. (0.42 ticks)
Tried aggregator 1 time.
Reduced MIP has 2700 rows, 290 columns, and 7740 nonzeros.
Reduced MIP has 190 binaries, 0 generals, 0 SOSs, and 0 indicators.
Presolve time = 0.00 sec. (4.00 ticks)
Probing time = 0.00 sec. (0.42 ticks)
MIP emphasis: balance optimality and feasibility.
MIP search method: dynamic search.
Parallel mode: deterministic, using up to 8 threads.

Node log . . .
Best integer =  -1.060234e-16  Node =       0  Best node =  -4.600000e+01
Best integer =  -6.000000e+00  Node =       0  Best node =  -1.750000e+01
Best integer =  -1.000000e+01  Node =       0  Best node =  -1.700000e+01
Best integer =  -1.200000e+01  Node =       0  Best node =  -1.700000e+01

Zero-half cuts applied:  1
Gomory fractional cuts applied:  8
***********************************************************

***********************************************************
-------------------Iteration: 26
CPXPARAM_MIP_Display                             1
CPXPARAM_MIP_Strategy_CallbackReducedLP          0
Tried aggregator 1 time.
No LP presolve or aggregator reductions.
Presolve time = 0.00 sec. (0.09 ticks)

Iteration log . . .
Iteration:     1   Dual objective     =             0.000000
Iteration:    62   Dual objective     =             0.530000
***********************************************************
Objective value of restricted master problem: 0.738537
Lamda: 0.0617378 0 0.0439024 0.0410366 0.0284146 0.0803963 0.0431402 0.0810976 0.0614939 0.0426524 0.027378 0.070122 0.0881402 0.0460976 0.0122256 0.0496037 0.0315854 0.00981707 0.022622 0.0177744 0.012622 0.0338415 0.0495122 0.0247866 0.0162805 0.00371951 
***********************************************************
CPXPARAM_MIP_Display                             1
CPXPARAM_MIP_Strategy_CallbackReducedLP          0
Tried aggregator 2 times.
MIP Presolve eliminated 4750 rows and 0 columns.
Aggregator did 190 substitutions.
Reduced MIP has 2700 rows, 290 columns, and 7740 nonzeros.
Reduced MIP has 190 binaries, 0 generals, 0 SOSs, and 0 indicators.
Presolve time = 0.02 sec. (14.71 ticks)
Probing time = 0.00 sec. (0.42 ticks)
Tried aggregator 1 time.
Reduced MIP has 2700 rows, 290 columns, and 7740 nonzeros.
Reduced MIP has 190 binaries, 0 generals, 0 SOSs, and 0 indicators.
Presolve time = 0.01 sec. (3.99 ticks)
Probing time = 0.00 sec. (0.42 ticks)
MIP emphasis: balance optimality and feasibility.
MIP search method: dynamic search.
Parallel mode: deterministic, using up to 8 threads.

Node log . . .
Best integer =   8.881784e-16  Node =       0  Best node =  -4.421951e+01
Best integer =  -2.109756e+00  Node =       0  Best node =  -1.530894e+01
Best integer =  -2.329268e+00  Node =       0  Best node =  -1.530894e+01
Best integer =  -1.020732e+01  Node =       0  Best node =  -1.530894e+01
Best integer =  -1.108537e+01  Node =       0  Best node =  -1.526667e+01

Zero-half cuts applied:  11
Gomory fractional cuts applied:  8
***********************************************************

***********************************************************
-------------------Iteration: 27
CPXPARAM_MIP_Display                             1
CPXPARAM_MIP_Strategy_CallbackReducedLP          0
Tried aggregator 1 time.
No LP presolve or aggregator reductions.
Presolve time = 0.00 sec. (0.09 ticks)

Iteration log . . .
Iteration:     1   Dual objective     =             0.000000
Iteration:    62   Dual objective     =             0.492155
***********************************************************
Objective value of restricted master problem: 0.676045
Lamda: 0.0647015 0 0.0422761 0.044291 0.0274627 0.0758209 0.0340299 0.078694 0.0613433 0.0412687 0.0274627 0.0742164 0.0837687 0.0477239 0.0113806 0.0506716 0.0289552 0.00768657 0.0225373 0.0186194 0.0145149 0.0350746 0.0495149 0.0254478 0.0158209 0.0041791 0.0125373 
***********************************************************
CPXPARAM_MIP_Display                             1
CPXPARAM_MIP_Strategy_CallbackReducedLP          0
Tried aggregator 2 times.
MIP Presolve eliminated 4750 rows and 0 columns.
Aggregator did 190 substitutions.
Reduced MIP has 2700 rows, 290 columns, and 7740 nonzeros.
Reduced MIP has 190 binaries, 0 generals, 0 SOSs, and 0 indicators.
Presolve time = 0.02 sec. (14.70 ticks)
Probing time = 0.00 sec. (0.42 ticks)
Tried aggregator 1 time.
Reduced MIP has 2700 rows, 290 columns, and 7740 nonzeros.
Reduced MIP has 190 binaries, 0 generals, 0 SOSs, and 0 indicators.
Presolve time = 0.00 sec. (3.93 ticks)
Probing time = 0.00 sec. (0.42 ticks)
MIP emphasis: balance optimality and feasibility.
MIP search method: dynamic search.
Parallel mode: deterministic, using up to 8 threads.

Node log . . .
Best integer =   0.000000e+00  Node =       0  Best node =  -3.940299e+01
Best integer =  -7.339552e+00  Node =       0  Best node =  -1.415361e+01
Best integer =  -9.250000e+00  Node =       0  Best node =  -1.382152e+01
Best integer =  -9.332090e+00  Node =       0  Best node =  -1.382152e+01
Best integer =  -9.339552e+00  Node =       0  Best node =  -1.348694e+01
Best integer =  -1.000000e+01  Node =       0  Best node =  -1.259701e+01

Zero-half cuts applied:  3
Gomory fractional cuts applied:  11
***********************************************************

***********************************************************
-------------------Iteration: 28
CPXPARAM_MIP_Display                             1
CPXPARAM_MIP_Strategy_CallbackReducedLP          0
Tried aggregator 1 time.
No LP presolve or aggregator reductions.
Presolve time = 0.00 sec. (0.09 ticks)

Iteration log . . .
Iteration:     1   Dual objective     =             0.000000
Iteration:    62   Dual objective     =             0.419072
***********************************************************
Objective value of restricted master problem: 0.588299
Lamda: 0.055834 0.00145918 0.0425549 0.0487036 0.0231435 0.073054 0.0321752 0.0748169 0.0634472 0.0401329 0.0265934 0.0781286 0.0748359 0.0471413 0.00923786 0.0510334 0.0234066 0.003968 0.0234066 0.0168565 0.0106401 0.0379577 0.0552156 0.0296366 0.0153485 0.00694603 0.0134066 0.0209194 
***********************************************************
CPXPARAM_MIP_Display                             1
CPXPARAM_MIP_Strategy_CallbackReducedLP          0
Tried aggregator 2 times.
MIP Presolve eliminated 4750 rows and 0 columns.
Aggregator did 190 substitutions.
Reduced MIP has 2700 rows, 290 columns, and 7740 nonzeros.
Reduced MIP has 190 binaries, 0 generals, 0 SOSs, and 0 indicators.
Presolve time = 0.02 sec. (14.71 ticks)
Probing time = 0.00 sec. (0.42 ticks)
Tried aggregator 1 time.
Reduced MIP has 2700 rows, 290 columns, and 7740 nonzeros.
Reduced MIP has 190 binaries, 0 generals, 0 SOSs, and 0 indicators.
Presolve time = 0.01 sec. (3.93 ticks)
Probing time = 0.00 sec. (0.42 ticks)
MIP emphasis: balance optimality and feasibility.
MIP search method: dynamic search.
Parallel mode: deterministic, using up to 8 threads.

Node log . . .
Best integer =  -8.881784e-16  Node =       0  Best node =  -4.237754e+01
Best integer =  -8.000000e+00  Node =       0  Best node =  -1.692921e+01
Best integer =  -1.112124e+01  Node =       0  Best node =  -1.674532e+01
Best integer =  -1.428804e+01  Node =       0  Best node =  -1.674532e+01

Gomory fractional cuts applied:  11
***********************************************************

***********************************************************
-------------------Iteration: 29
CPXPARAM_MIP_Display                             1
CPXPARAM_MIP_Strategy_CallbackReducedLP          0
Tried aggregator 1 time.
No LP presolve or aggregator reductions.
Presolve time = 0.00 sec. (0.09 ticks)

Iteration log . . .
Iteration:     1   Dual objective     =             0.000000
Iteration:    62   Dual objective     =             0.342230
***********************************************************
Objective value of restricted master problem: 0.534481
Lamda: 0.0552113 0 0.0407112 0.0471866 0.0231622 0.0715433 0.03 0.0741124 0.0665351 0.0376369 0.0245296 0.0774982 0.0747887 0.0471252 0.0087801 0.0507035 0.0264814 0.00532165 0.0240775 0.0156285 0.00828848 0.0410747 0.0563964 0.0295526 0.0153093 0.00469075 0.0147079 0.0216791 0.00726747 
***********************************************************
CPXPARAM_MIP_Display                             1
CPXPARAM_MIP_Strategy_CallbackReducedLP          0
Tried aggregator 2 times.
MIP Presolve eliminated 4750 rows and 0 columns.
Aggregator did 190 substitutions.
Reduced MIP has 2700 rows, 290 columns, and 7740 nonzeros.
Reduced MIP has 190 binaries, 0 generals, 0 SOSs, and 0 indicators.
Presolve time = 0.02 sec. (14.71 ticks)
Probing time = 0.00 sec. (0.42 ticks)
Tried aggregator 1 time.
Reduced MIP has 2700 rows, 290 columns, and 7740 nonzeros.
Reduced MIP has 190 binaries, 0 generals, 0 SOSs, and 0 indicators.
Presolve time = 0.01 sec. (3.93 ticks)
Probing time = 0.00 sec. (0.42 ticks)
MIP emphasis: balance optimality and feasibility.
MIP search method: dynamic search.
Parallel mode: deterministic, using up to 8 threads.

Node log . . .
Best integer =   0.000000e+00  Node =       0  Best node =  -4.050189e+01
Best integer =  -8.796034e+00  Node =       0  Best node =  -1.654123e+01
Best integer =  -1.247592e+01  Node =       0  Best node =  -1.580221e+01

Gomory fractional cuts applied:  5
***********************************************************

***********************************************************
-------------------Iteration: 30
CPXPARAM_MIP_Display                             1
CPXPARAM_MIP_Strategy_CallbackReducedLP          0
Tried aggregator 1 time.
No LP presolve or aggregator reductions.
Presolve time = 0.00 sec. (0.09 ticks)

Iteration log . . .
Iteration:     1   Dual objective     =             0.000000
Iteration:    62   Dual objective     =             0.353011
Iteration:   124   Dual objective     =             0.495075
***********************************************************
Objective value of restricted master problem: 0.496008
Lamda: 0.0522034 0 0.0390458 0.0491965 0.0184809 0.0708537 0.0266729 0.0716886 0.065882 0.0355744 0.0245888 0.0806215 0.0777966 0.0494099 0.00757062 0.0518519 0.0250157 0.00320778 0.0254237 0.013936 0.00562461 0.0414124 0.0578531 0.0305148 0.015317 0.0039548 0.0156372 0.0257753 0.00849341 0.00639674 
***********************************************************
CPXPARAM_MIP_Display                             1
CPXPARAM_MIP_Strategy_CallbackReducedLP          0
Tried aggregator 2 times.
MIP Presolve eliminated 4750 rows and 0 columns.
Aggregator did 190 substitutions.
Reduced MIP has 2700 rows, 290 columns, and 7740 nonzeros.
Reduced MIP has 190 binaries, 0 generals, 0 SOSs, and 0 indicators.
Presolve time = 0.02 sec. (14.71 ticks)
Probing time = 0.00 sec. (0.42 ticks)
Tried aggregator 1 time.
Reduced MIP has 2700 rows, 290 columns, and 7740 nonzeros.
Reduced MIP has 190 binaries, 0 generals, 0 SOSs, and 0 indicators.
Presolve time = 0.00 sec. (3.93 ticks)
Probing time = 0.00 sec. (0.42 ticks)
MIP emphasis: balance optimality and feasibility.
MIP search method: dynamic search.
Parallel mode: deterministic, using up to 8 threads.

Node log . . .
Best integer =  -1.332268e-15  Node =       0  Best node =  -3.777401e+01
Best integer =  -6.073446e+00  Node =       0  Best node =  -1.296234e+01
Best integer =  -9.080979e+00  Node =       0  Best node =  -1.233019e+01
Best integer =  -1.048211e+01  Node =       0  Best node =  -1.233019e+01

Zero-half cuts applied:  8
Gomory fractional cuts applied:  10
***********************************************************

***********************************************************
-------------------Iteration: 31
CPXPARAM_MIP_Display                             1
CPXPARAM_MIP_Strategy_CallbackReducedLP          0
Tried aggregator 1 time.
No LP presolve or aggregator reductions.
Presolve time = 0.00 sec. (0.09 ticks)

Iteration log . . .
Iteration:     1   Dual objective     =             0.000000
Iteration:    62   Dual objective     =             0.310903
***********************************************************
Objective value of restricted master problem: 0.461117
Lamda: 0.0533568 0 0.0394474 0.0508172 0.0171546 0.0694533 0.026555 0.0629277 0.0636038 0.0322928 0.0208701 0.0764491 0.0766432 0.0412463 0.00594356 0.0527337 0.0236038 0.0057378 0.0291299 0.0128454 0.00664903 0.0450029 0.0588242 0.0358671 0.0183657 0.00344503 0.0153145 0.0244386 0.0112111 0.0072134 0.0128571 
***********************************************************
CPXPARAM_MIP_Display                             1
CPXPARAM_MIP_Strategy_CallbackReducedLP          0
Tried aggregator 2 times.
MIP Presolve eliminated 4750 rows and 0 columns.
Aggregator did 190 substitutions.
Reduced MIP has 2700 rows, 290 columns, and 7740 nonzeros.
Reduced MIP has 190 binaries, 0 generals, 0 SOSs, and 0 indicators.
Presolve time = 0.02 sec. (14.71 ticks)
Probing time = 0.00 sec. (0.42 ticks)
Tried aggregator 1 time.
Reduced MIP has 2700 rows, 290 columns, and 7740 nonzeros.
Reduced MIP has 190 binaries, 0 generals, 0 SOSs, and 0 indicators.
Presolve time = 0.00 sec. (3.93 ticks)
Probing time = 0.00 sec. (0.42 ticks)
MIP emphasis: balance optimality and feasibility.
MIP search method: dynamic search.
Parallel mode: deterministic, using up to 8 threads.

Node log . . .
Best integer =   4.440892e-16  Node =       0  Best node =  -4.009759e+01
Best integer =  -9.684891e+00  Node =       0  Best node =  -1.427474e+01
Best integer =  -1.225750e+01  Node =       0  Best node =  -1.360617e+01

Mixed integer rounding cuts applied:  1
Zero-half cuts applied:  1
Gomory fractional cuts applied:  11
***********************************************************

***********************************************************
-------------------Iteration: 32
CPXPARAM_MIP_Display                             1
CPXPARAM_MIP_Strategy_CallbackReducedLP          0
Tried aggregator 1 time.
No LP presolve or aggregator reductions.
Presolve time = 0.00 sec. (0.09 ticks)

Iteration log . . .
Iteration:     1   Dual objective     =             0.000000
Iteration:    62   Dual objective     =             0.262019
Iteration:   124   Dual objective     =             0.405182
***********************************************************
Objective value of restricted master problem: 0.406018
Lamda: 0.05 0 0.0316564 0.052815 0.0107269 0.0654802 0.0205727 0.0602996 0.0637885 0.03 0.0204273 0.0784273 0.081348 0.0427797 0.0014978 0.0519163 0.0203568 0.00235683 0.0295727 0.0149119 0.00521145 0.046674 0.0590308 0.0369427 0.0182996 0.00482819 0.0178502 0.0308326 0.0143612 0.0104714 0.0168634 0.00970044 
***********************************************************
CPXPARAM_MIP_Display                             1
CPXPARAM_MIP_Strategy_CallbackReducedLP          0
Tried aggregator 2 times.
MIP Presolve eliminated 4750 rows and 0 columns.
Aggregator did 190 substitutions.
Reduced MIP has 2700 rows, 290 columns, and 7740 nonzeros.
Reduced MIP has 190 binaries, 0 generals, 0 SOSs, and 0 indicators.
Presolve time = 0.02 sec. (14.71 ticks)
Probing time = 0.00 sec. (0.42 ticks)
Tried aggregator 1 time.
Reduced MIP has 2700 rows, 290 columns, and 7740 nonzeros.
Reduced MIP has 190 binaries, 0 generals, 0 SOSs, and 0 indicators.
Presolve time = 0.01 sec. (3.93 ticks)
Probing time = 0.00 sec. (0.42 ticks)
MIP emphasis: balance optimality and feasibility.
MIP search method: dynamic search.
Parallel mode: deterministic, using up to 8 threads.

Node log . . .
Best integer =   0.000000e+00  Node =       0  Best node =  -3.869780e+01
Best integer =  -4.182379e+00  Node =       0  Best node =  -1.532379e+01
Best integer =  -6.906167e+00  Node =       0  Best node =  -1.532379e+01
Best integer =  -1.036608e+01  Node =       0  Best node =  -1.487522e+01
Best integer =  -1.077137e+01  Node =      31  Best node =  -1.328145e+01
Best integer =  -1.111300e+01  Node =      85  Best node =  -1.220551e+01
Best integer =  -1.111300e+01  Node =     108  Best node =  -1.200308e+01
Best integer =  -1.119758e+01  Node =     129  Best node =  -1.200308e+01

Gomory fractional cuts applied:  14
***********************************************************

***********************************************************
-------------------Iteration: 33
CPXPARAM_MIP_Display                             1
CPXPARAM_MIP_Strategy_CallbackReducedLP          0
Tried aggregator 1 time.
No LP presolve or aggregator reductions.
Presolve time = 0.00 sec. (0.10 ticks)

Iteration log . . .
Iteration:     1   Dual objective     =             0.000000
Iteration:    62   Dual objective     =             0.261663
Iteration:   124   Dual objective     =             0.377712
***********************************************************
Objective value of restricted master problem: 0.377716
Lamda: 0.05 0 0.0317419 0.0482833 0.0100374 0.065784 0.0227707 0.0599276 0.0631739 0.03 0.019168 0.0741089 0.0810543 0.042192 0.00066163 0.0513895 0.0203646 0.0044874 0.030832 0.0154488 0.00621531 0.0485193 0.0600044 0.0370483 0.0208663 0.00722927 0.0154481 0.029598 0.0138896 0.00772586 0.0174435 0.0100724 0.0045138 
***********************************************************
CPXPARAM_MIP_Display                             1
CPXPARAM_MIP_Strategy_CallbackReducedLP          0
Tried aggregator 2 times.
MIP Presolve eliminated 4750 rows and 0 columns.
Aggregator did 190 substitutions.
Reduced MIP has 2700 rows, 290 columns, and 7740 nonzeros.
Reduced MIP has 190 binaries, 0 generals, 0 SOSs, and 0 indicators.
Presolve time = 0.02 sec. (14.70 ticks)
Probing time = 0.00 sec. (0.42 ticks)
Tried aggregator 1 time.
Reduced MIP has 2700 rows, 290 columns, and 7740 nonzeros.
Reduced MIP has 190 binaries, 0 generals, 0 SOSs, and 0 indicators.
Presolve time = 0.00 sec. (3.93 ticks)
Probing time = 0.00 sec. (0.42 ticks)
MIP emphasis: balance optimality and feasibility.
MIP search method: dynamic search.
Parallel mode: deterministic, using up to 8 threads.

Node log . . .
Best integer =   0.000000e+00  Node =       0  Best node =  -4.074415e+01
Best integer =  -3.719064e+00  Node =       0  Best node =  -1.503525e+01
Best integer =  -7.246167e+00  Node =       0  Best node =  -1.503525e+01
Best integer =  -7.849630e+00  Node =       0  Best node =  -1.470580e+01
Best integer =  -9.246167e+00  Node =       0  Best node =  -1.432781e+01
Best integer =  -1.023927e+01  Node =       0  Best node =  -1.432781e+01

Zero-half cuts applied:  1
Lift and project cuts applied:  1
Gomory fractional cuts applied:  16
***********************************************************

***********************************************************
Ranking data list: 
Ranking collect: 0 1 2 3 4 5 6 7 8 9 10 11 12 13 14 15 16 17 18 19 
Ranking collect: 19 18 17 16 15 14 13 12 11 10 9 8 7 6 5 4 3 2 1 0 
Ranking collect: 5 14 12 13 3 6 0 1 7 8 2 4 9 10 11 15 16 17 18 19 
Ranking collect: 0 9 7 3 13 4 1 5 6 10 2 8 11 12 14 15 17 18 16 19 
Ranking collect: 14 10 6 0 18 4 2 1 3 5 8 11 7 9 12 15 19 13 16 17 
Ranking collect: 4 9 11 2 14 8 0 7 3 10 6 13 15 19 5 1 17 12 16 18 
Ranking collect: 0 3 5 8 11 15 10 1 2 6 7 13 19 4 9 12 14 16 17 18 
Ranking collect: 0 4 10 5 1 6 2 19 3 14 15 17 7 8 9 12 13 11 16 18 
Ranking collect: 19 0 3 2 8 17 12 14 4 1 5 7 9 11 10 15 13 16 6 18 
Ranking collect: 3 7 4 1 11 12 10 14 15 13 2 9 6 5 0 17 19 8 18 16 
Ranking collect: 0 8 14 17 2 3 4 5 1 9 7 10 6 11 12 13 15 19 16 18 
Ranking collect: 2 5 0 3 8 10 11 1 7 9 6 14 13 12 15 4 18 17 16 19 
Ranking collect: 3 14 11 4 18 6 0 9 12 13 2 10 1 5 8 17 7 15 19 16 
Ranking collect: 12 10 15 2 4 0 7 5 8 3 13 16 19 17 6 14 9 1 11 18 
Ranking collect: 0 7 11 19 18 15 4 14 13 12 10 9 5 3 6 1 8 2 16 17 
Ranking collect: 14 10 0 8 3 5 13 9 6 4 19 7 2 15 12 17 1 11 16 18 
Ranking collect: 9 4 15 12 6 5 8 0 1 2 17 7 19 3 14 10 13 16 11 18 
Ranking collect: 4 7 19 8 5 2 16 0 11 10 13 17 12 6 1 3 14 15 9 18 
Ranking collect: 11 2 3 15 17 6 19 0 10 12 1 9 13 7 4 14 16 8 5 18 
Ranking collect: 0 18 14 12 9 4 2 10 3 19 7 5 17 6 15 1 13 8 11 16 
Ranking collect: 19 4 17 2 3 14 15 10 6 0 5 13 9 7 1 12 8 11 16 18 
Ranking collect: 0 11 7 4 10 19 1 2 5 6 8 3 12 14 15 13 16 17 9 18 
Ranking collect: 0 5 3 19 4 2 7 8 14 10 13 6 1 11 12 9 17 15 16 18 
Ranking collect: 10 14 2 4 0 5 19 7 15 13 1 18 3 6 9 12 8 17 11 16 
Ranking collect: 3 15 14 2 11 5 13 4 1 10 0 6 7 9 12 17 19 8 16 18 
Ranking collect: 8 2 10 5 13 0 3 1 11 9 4 7 14 17 6 12 15 18 19 16 
Ranking collect: 11 14 15 4 12 9 0 13 17 19 3 5 7 10 1 18 6 2 8 16 
Ranking collect: 4 14 15 6 0 16 8 5 2 3 9 7 1 18 12 11 10 19 13 17 
Ranking collect: 3 18 17 9 2 7 11 14 12 10 6 4 0 5 8 1 15 16 13 19 
Ranking collect: 8 19 10 0 7 12 3 4 9 2 17 14 6 1 15 5 13 11 16 18 
Ranking collect: 0 12 10 4 9 5 2 11 6 14 8 15 18 17 3 19 7 13 16 1 
Ranking collect: 5 6 7 0 8 11 15 1 14 2 9 19 4 10 13 12 3 17 18 16 
Ranking collect: 9 14 12 0 4 18 19 7 3 8 6 2 5 13 17 15 10 11 1 16 
Ranking collect: 0 7 5 2 3 8 11 1 10 15 13 14 18 19 6 17 12 4 9 16 
