Number of options: 30
Size of codes: 100
4 26 13 20 17 10 25 3 14 5 2 4 11 20 14 14 22 21 26 23 8 6 7 2 0 7 2 21 14 13 20 3 28 1 26 8 29 14 18 4 26 21 9 24 28 2 29 4 5 14 18 21 23 27 24 29 16 1 10 5 23 4 19 10 6 10 2 28 19 25 17 13 7 22 28 27 3 8 17 24 25 0 27 16 19 7 19 21 15 23 5 18 7 25 19 29 26 17 0 12 
Size of probabilities: 100
0.13 0.1 0.26 0.37 0.14 0.1 0.17 0.27 0.35 0.1 0.18 0.16 0.06 0.43 0.18 0.24 0.18 0.03 0.15 0.4 0.06 0.1 0.05 0.19 0.6 0.06 0.24 0.03 0.25 0.42 0.37 0.12 0.32 0.09 0.1 0.08 0.39 0.28 0.02 0.23 0.1 0.02 0.08 0.46 0.33 0.21 0.31 0.19 0.07 0.22 0.01 0.02 0.27 0.23 0.47 0.32 0.42 0.13 0.07 0.07 0.46 0.23 0.1 0.08 0.13 0.07 0.23 0.49 0.08 0.12 0.16 0.3 0.05 0.14 0.36 0.22 0.12 0.05 0.15 0.46 0.07 0.42 0.19 0.27 0.05 0.05 0.07 0.02 0.51 0.34 0.2 0.06 0.17 0.33 0.23 0.19 0.09 0.12 0.4 0.21 
Number of assortments: 20
Sizes of assortments: 5 5 5 5 5 5 5 5 5 5 5 5 5 5 5 5 5 5 5 5 
-------------------Iteration: 1
CPXPARAM_MIP_Display                             1
CPXPARAM_MIP_Strategy_CallbackReducedLP          0
Tried aggregator 1 time.
LP Presolve eliminated 101 rows and 201 columns.
All rows and columns eliminated.
Presolve time = 0.00 sec. (0.04 ticks)
***********************************************************
Objective value of restricted master problem: 31.77
Lamda: 1 
***********************************************************
CPXPARAM_MIP_Display                             1
CPXPARAM_MIP_Strategy_CallbackReducedLP          0
Tried aggregator 2 times.
MIP Presolve eliminated 16675 rows and 0 columns.
Aggregator did 435 substitutions.
Reduced MIP has 8540 rows, 535 columns, and 25260 nonzeros.
Reduced MIP has 435 binaries, 0 generals, 0 SOSs, and 0 indicators.
Presolve time = 0.06 sec. (50.00 ticks)
Probing time = 0.00 sec. (0.56 ticks)
Tried aggregator 1 time.
Reduced MIP has 8540 rows, 535 columns, and 25260 nonzeros.
Reduced MIP has 435 binaries, 0 generals, 0 SOSs, and 0 indicators.
Presolve time = 0.02 sec. (12.33 ticks)
Probing time = 0.00 sec. (0.56 ticks)
MIP emphasis: balance optimality and feasibility.
MIP search method: dynamic search.
Parallel mode: deterministic, using up to 8 threads.

Node log . . .
Best integer =   0.000000e+00  Node =       0  Best node =  -1.000000e+02
Best integer =  -4.000000e+01  Node =       0  Best node =  -1.000000e+02
***********************************************************

***********************************************************
-------------------Iteration: 2
CPXPARAM_MIP_Display                             1
CPXPARAM_MIP_Strategy_CallbackReducedLP          0
Tried aggregator 1 time.
LP Presolve eliminated 60 rows and 120 columns.
Aggregator did 1 substitutions.
Reduced LP has 40 rows, 81 columns, and 120 nonzeros.
Presolve time = 0.00 sec. (0.07 ticks)
Initializing dual steep norms . . .

Iteration log . . .
Iteration:     1   Dual objective     =            11.300000
***********************************************************
Objective value of restricted master problem: 21.11
Lamda: 0.51 0.49 
***********************************************************
CPXPARAM_MIP_Display                             1
CPXPARAM_MIP_Strategy_CallbackReducedLP          0
Tried aggregator 2 times.
MIP Presolve eliminated 16675 rows and 0 columns.
Aggregator did 435 substitutions.
Reduced MIP has 8540 rows, 535 columns, and 25260 nonzeros.
Reduced MIP has 435 binaries, 0 generals, 0 SOSs, and 0 indicators.
Presolve time = 0.06 sec. (50.00 ticks)
Probing time = 0.00 sec. (0.56 ticks)
Tried aggregator 1 time.
Reduced MIP has 8540 rows, 535 columns, and 25260 nonzeros.
Reduced MIP has 435 binaries, 0 generals, 0 SOSs, and 0 indicators.
Presolve time = 0.01 sec. (12.33 ticks)
Probing time = 0.00 sec. (0.56 ticks)
MIP emphasis: balance optimality and feasibility.
MIP search method: dynamic search.
Parallel mode: deterministic, using up to 8 threads.

Node log . . .
Best integer =   0.000000e+00  Node =       0  Best node =  -8.000000e+01
Best integer =  -2.000000e+00  Node =       0  Best node =  -8.000000e+01
Best integer =  -2.400000e+01  Node =       0  Best node =  -3.800000e+01
Best integer =  -3.800000e+01  Node =       0  Best node =  -3.800000e+01
***********************************************************

***********************************************************
-------------------Iteration: 3
CPXPARAM_MIP_Display                             1
CPXPARAM_MIP_Strategy_CallbackReducedLP          0
Tried aggregator 1 time.
LP Presolve eliminated 40 rows and 80 columns.
Reduced LP has 61 rows, 123 columns, and 183 nonzeros.
Presolve time = 0.00 sec. (0.06 ticks)
Initializing dual steep norms . . .

Iteration log . . .
Iteration:     1   Dual objective     =             8.680000
***********************************************************
Objective value of restricted master problem: 17.67
Lamda: 0.35 0.39 0.26 
***********************************************************
CPXPARAM_MIP_Display                             1
CPXPARAM_MIP_Strategy_CallbackReducedLP          0
Tried aggregator 2 times.
MIP Presolve eliminated 16675 rows and 0 columns.
Aggregator did 435 substitutions.
Reduced MIP has 8540 rows, 535 columns, and 25260 nonzeros.
Reduced MIP has 435 binaries, 0 generals, 0 SOSs, and 0 indicators.
Presolve time = 0.06 sec. (50.00 ticks)
Probing time = 0.00 sec. (0.56 ticks)
Tried aggregator 1 time.
Reduced MIP has 8540 rows, 535 columns, and 25260 nonzeros.
Reduced MIP has 435 binaries, 0 generals, 0 SOSs, and 0 indicators.
Presolve time = 0.01 sec. (12.33 ticks)
Probing time = 0.00 sec. (0.56 ticks)
MIP emphasis: balance optimality and feasibility.
MIP search method: dynamic search.
Parallel mode: deterministic, using up to 8 threads.

Node log . . .
Best integer =   0.000000e+00  Node =       0  Best node =  -6.300000e+01
Best integer =  -2.000000e+00  Node =       0  Best node =  -6.300000e+01
Best integer =  -2.800000e+01  Node =       0  Best node =  -3.400000e+01
Best integer =  -3.400000e+01  Node =       0  Best node =  -3.400000e+01
***********************************************************

***********************************************************
-------------------Iteration: 4
CPXPARAM_MIP_Display                             1
CPXPARAM_MIP_Strategy_CallbackReducedLP          0
Tried aggregator 1 time.
LP Presolve eliminated 26 rows and 52 columns.
Reduced LP has 75 rows, 152 columns, and 232 nonzeros.
Presolve time = 0.00 sec. (0.07 ticks)
Initializing dual steep norms . . .

Iteration log . . .
Iteration:     1   Dual objective     =             4.690000
Iteration:    62   Dual objective     =            10.620000
***********************************************************
Objective value of restricted master problem: 10.69
Lamda: 0.23 0.33 0.08 0.36 
***********************************************************
CPXPARAM_MIP_Display                             1
CPXPARAM_MIP_Strategy_CallbackReducedLP          0
Tried aggregator 2 times.
MIP Presolve eliminated 16675 rows and 0 columns.
Aggregator did 435 substitutions.
Reduced MIP has 8540 rows, 535 columns, and 25260 nonzeros.
Reduced MIP has 435 binaries, 0 generals, 0 SOSs, and 0 indicators.
Presolve time = 0.06 sec. (49.99 ticks)
Probing time = 0.00 sec. (0.56 ticks)
Tried aggregator 1 time.
Reduced MIP has 8540 rows, 535 columns, and 25260 nonzeros.
Reduced MIP has 435 binaries, 0 generals, 0 SOSs, and 0 indicators.
Presolve time = 0.01 sec. (12.33 ticks)
Probing time = 0.00 sec. (0.56 ticks)
MIP emphasis: balance optimality and feasibility.
MIP search method: dynamic search.
Parallel mode: deterministic, using up to 8 threads.

Node log . . .
Best integer =   0.000000e+00  Node =       0  Best node =  -5.500000e+01
Best integer =  -2.600000e+01  Node =       0  Best node =  -2.800000e+01
Best integer =  -2.800000e+01  Node =       0  Best node =  -2.800000e+01
***********************************************************

***********************************************************
-------------------Iteration: 5
CPXPARAM_MIP_Display                             1
CPXPARAM_MIP_Strategy_CallbackReducedLP          0
Tried aggregator 1 time.
LP Presolve eliminated 20 rows and 40 columns.
Reduced LP has 81 rows, 165 columns, and 265 nonzeros.
Presolve time = 0.00 sec. (0.07 ticks)
Initializing dual steep norms . . .

Iteration log . . .
Iteration:     1   Dual objective     =             2.740000
Iteration:    62   Dual objective     =             8.250000
***********************************************************
Objective value of restricted master problem: 8.47
Lamda: 0.16 0.31 0.07 0.28 0.18 
***********************************************************
CPXPARAM_MIP_Display                             1
CPXPARAM_MIP_Strategy_CallbackReducedLP          0
Tried aggregator 2 times.
MIP Presolve eliminated 16675 rows and 0 columns.
Aggregator did 435 substitutions.
Reduced MIP has 8540 rows, 535 columns, and 25260 nonzeros.
Reduced MIP has 435 binaries, 0 generals, 0 SOSs, and 0 indicators.
Presolve time = 0.06 sec. (50.00 ticks)
Probing time = 0.00 sec. (0.56 ticks)
Tried aggregator 1 time.
Reduced MIP has 8540 rows, 535 columns, and 25260 nonzeros.
Reduced MIP has 435 binaries, 0 generals, 0 SOSs, and 0 indicators.
Presolve time = 0.01 sec. (12.33 ticks)
Probing time = 0.00 sec. (0.56 ticks)
MIP emphasis: balance optimality and feasibility.
MIP search method: dynamic search.
Parallel mode: deterministic, using up to 8 threads.

Node log . . .
Best integer =   0.000000e+00  Node =       0  Best node =  -5.500000e+01
Best integer =  -2.000000e+00  Node =       0  Best node =  -5.500000e+01
Best integer =  -2.600000e+01  Node =       0  Best node =  -2.800000e+01
Best integer =  -2.800000e+01  Node =       0  Best node =  -2.800000e+01

Zero-half cuts applied:  2
***********************************************************

***********************************************************
-------------------Iteration: 6
CPXPARAM_MIP_Display                             1
CPXPARAM_MIP_Strategy_CallbackReducedLP          0
Tried aggregator 1 time.
LP Presolve eliminated 11 rows and 22 columns.
Reduced LP has 90 rows, 184 columns, and 304 nonzeros.
Presolve time = 0.00 sec. (0.07 ticks)
Initializing dual steep norms . . .

Iteration log . . .
Iteration:     1   Dual objective     =             1.710000
Iteration:    62   Dual objective     =             6.540000
***********************************************************
Objective value of restricted master problem: 6.87
Lamda: 0.12 0.28 0.07 0.26 0.16 0.11 
***********************************************************
CPXPARAM_MIP_Display                             1
CPXPARAM_MIP_Strategy_CallbackReducedLP          0
Tried aggregator 2 times.
MIP Presolve eliminated 16675 rows and 0 columns.
Aggregator did 435 substitutions.
Reduced MIP has 8540 rows, 535 columns, and 25260 nonzeros.
Reduced MIP has 435 binaries, 0 generals, 0 SOSs, and 0 indicators.
Presolve time = 0.06 sec. (49.98 ticks)
Probing time = 0.00 sec. (0.56 ticks)
Tried aggregator 1 time.
Reduced MIP has 8540 rows, 535 columns, and 25260 nonzeros.
Reduced MIP has 435 binaries, 0 generals, 0 SOSs, and 0 indicators.
Presolve time = 0.01 sec. (12.33 ticks)
Probing time = 0.03 sec. (0.56 ticks)
MIP emphasis: balance optimality and feasibility.
MIP search method: dynamic search.
Parallel mode: deterministic, using up to 8 threads.

Node log . . .
Best integer =   0.000000e+00  Node =       0  Best node =  -4.800000e+01
Best integer =  -2.000000e+00  Node =       0  Best node =  -4.800000e+01
Best integer =  -1.800000e+01  Node =       0  Best node =  -2.400000e+01
Best integer =  -2.400000e+01  Node =       0  Best node =  -2.400000e+01
***********************************************************

***********************************************************
-------------------Iteration: 7
CPXPARAM_MIP_Display                             1
CPXPARAM_MIP_Strategy_CallbackReducedLP          0
Tried aggregator 1 time.
LP Presolve eliminated 7 rows and 14 columns.
Reduced LP has 94 rows, 193 columns, and 333 nonzeros.
Presolve time = 0.00 sec. (0.08 ticks)

Iteration log . . .
Iteration:     1   Dual objective     =             0.750000
Iteration:    62   Dual objective     =             4.660000
***********************************************************
Objective value of restricted master problem: 5.19
Lamda: 0.09 0.21 0.07 0.23 0.16 0.12 0.12 
***********************************************************
CPXPARAM_MIP_Display                             1
CPXPARAM_MIP_Strategy_CallbackReducedLP          0
Tried aggregator 2 times.
MIP Presolve eliminated 16675 rows and 0 columns.
Aggregator did 435 substitutions.
Reduced MIP has 8540 rows, 535 columns, and 25260 nonzeros.
Reduced MIP has 435 binaries, 0 generals, 0 SOSs, and 0 indicators.
Presolve time = 0.06 sec. (49.98 ticks)
Probing time = 0.00 sec. (0.56 ticks)
Tried aggregator 1 time.
Reduced MIP has 8540 rows, 535 columns, and 25260 nonzeros.
Reduced MIP has 435 binaries, 0 generals, 0 SOSs, and 0 indicators.
Presolve time = 0.01 sec. (12.06 ticks)
Probing time = 0.00 sec. (0.56 ticks)
MIP emphasis: balance optimality and feasibility.
MIP search method: dynamic search.
Parallel mode: deterministic, using up to 8 threads.

Node log . . .
Best integer =   0.000000e+00  Node =       0  Best node =  -4.500000e+01
Best integer =  -2.000000e+00  Node =       0  Best node =  -4.500000e+01
Best integer =  -1.900000e+01  Node =       0  Best node =  -2.400000e+01
Best integer =  -2.400000e+01  Node =       0  Best node =  -2.400000e+01

Lift and project cuts applied:  1
Gomory fractional cuts applied:  3
***********************************************************

***********************************************************
-------------------Iteration: 8
CPXPARAM_MIP_Display                             1
CPXPARAM_MIP_Strategy_CallbackReducedLP          0
Tried aggregator 1 time.
LP Presolve eliminated 4 rows and 8 columns.
Reduced LP has 97 rows, 200 columns, and 360 nonzeros.
Presolve time = 0.00 sec. (0.08 ticks)

Iteration log . . .
Iteration:     1   Dual objective     =             0.400000
Iteration:    62   Dual objective     =             3.830000
***********************************************************
Objective value of restricted master problem: 4.39
Lamda: 0.08 0.19 0.06 0.2 0.16 0.1 0.14 0.07 
***********************************************************
CPXPARAM_MIP_Display                             1
CPXPARAM_MIP_Strategy_CallbackReducedLP          0
Tried aggregator 2 times.
MIP Presolve eliminated 16675 rows and 0 columns.
Aggregator did 435 substitutions.
Reduced MIP has 8540 rows, 535 columns, and 25260 nonzeros.
Reduced MIP has 435 binaries, 0 generals, 0 SOSs, and 0 indicators.
Presolve time = 0.06 sec. (49.99 ticks)
Probing time = 0.00 sec. (0.56 ticks)
Tried aggregator 1 time.
Reduced MIP has 8540 rows, 535 columns, and 25260 nonzeros.
Reduced MIP has 435 binaries, 0 generals, 0 SOSs, and 0 indicators.
Presolve time = 0.01 sec. (12.33 ticks)
Probing time = 0.00 sec. (0.56 ticks)
MIP emphasis: balance optimality and feasibility.
MIP search method: dynamic search.
Parallel mode: deterministic, using up to 8 threads.

Node log . . .
Best integer =   0.000000e+00  Node =       0  Best node =  -4.400000e+01
Best integer =  -2.000000e+01  Node =       0  Best node =  -2.200000e+01
Best integer =  -2.200000e+01  Node =       0  Best node =  -2.200000e+01

Lift and project cuts applied:  1
Gomory fractional cuts applied:  3
***********************************************************

***********************************************************
-------------------Iteration: 9
CPXPARAM_MIP_Display                             1
CPXPARAM_MIP_Strategy_CallbackReducedLP          0
Tried aggregator 1 time.
LP Presolve eliminated 2 rows and 4 columns.
Reduced LP has 99 rows, 205 columns, and 385 nonzeros.
Presolve time = 0.00 sec. (0.08 ticks)

Iteration log . . .
Iteration:     1   Dual objective     =             0.120000
Iteration:    62   Dual objective     =             3.400000
***********************************************************
Objective value of restricted master problem: 3.97
Lamda: 0.08 0.17 0.06 0.2 0.16 0.08 0.14 0.05 0.06 
***********************************************************
CPXPARAM_MIP_Display                             1
CPXPARAM_MIP_Strategy_CallbackReducedLP          0
Tried aggregator 2 times.
MIP Presolve eliminated 16675 rows and 0 columns.
Aggregator did 435 substitutions.
Reduced MIP has 8540 rows, 535 columns, and 25260 nonzeros.
Reduced MIP has 435 binaries, 0 generals, 0 SOSs, and 0 indicators.
Presolve time = 0.06 sec. (49.99 ticks)
Probing time = 0.00 sec. (0.56 ticks)
Tried aggregator 1 time.
Reduced MIP has 8540 rows, 535 columns, and 25260 nonzeros.
Reduced MIP has 435 binaries, 0 generals, 0 SOSs, and 0 indicators.
Presolve time = 0.01 sec. (12.06 ticks)
Probing time = 0.00 sec. (0.56 ticks)
MIP emphasis: balance optimality and feasibility.
MIP search method: dynamic search.
Parallel mode: deterministic, using up to 8 threads.

Node log . . .
Best integer =   0.000000e+00  Node =       0  Best node =  -4.600000e+01
Best integer =  -1.600000e+01  Node =       0  Best node =  -2.000000e+01
Best integer =  -2.000000e+01  Node =       0  Best node =  -2.000000e+01
***********************************************************

***********************************************************
-------------------Iteration: 10
CPXPARAM_MIP_Display                             1
CPXPARAM_MIP_Strategy_CallbackReducedLP          0
Tried aggregator 1 time.
LP Presolve eliminated 2 rows and 4 columns.
Reduced LP has 99 rows, 206 columns, and 406 nonzeros.
Presolve time = 0.00 sec. (0.08 ticks)

Iteration log . . .
Iteration:     1   Dual objective     =             0.120000
Iteration:    62   Dual objective     =             2.847500
***********************************************************
Objective value of restricted master problem: 3.39
Lamda: 0.05 0.17 0.05 0.18 0.15 0.06 0.14 0.07 0.06 0.07 
***********************************************************
CPXPARAM_MIP_Display                             1
CPXPARAM_MIP_Strategy_CallbackReducedLP          0
Tried aggregator 2 times.
MIP Presolve eliminated 16675 rows and 0 columns.
Aggregator did 435 substitutions.
Reduced MIP has 8540 rows, 535 columns, and 25260 nonzeros.
Reduced MIP has 435 binaries, 0 generals, 0 SOSs, and 0 indicators.
Presolve time = 0.06 sec. (49.98 ticks)
Probing time = 0.00 sec. (0.56 ticks)
Tried aggregator 1 time.
Reduced MIP has 8540 rows, 535 columns, and 25260 nonzeros.
Reduced MIP has 435 binaries, 0 generals, 0 SOSs, and 0 indicators.
Presolve time = 0.01 sec. (12.33 ticks)
Probing time = 0.00 sec. (0.56 ticks)
MIP emphasis: balance optimality and feasibility.
MIP search method: dynamic search.
Parallel mode: deterministic, using up to 8 threads.

Node log . . .
Best integer =   0.000000e+00  Node =       0  Best node =  -4.300000e+01
Best integer =  -1.300000e+01  Node =       0  Best node =  -2.100000e+01
Best integer =  -1.700000e+01  Node =       0  Best node =  -2.080000e+01
Best integer =  -1.900000e+01  Node =       0  Best node =  -2.080000e+01
Best integer =  -2.000000e+01  Node =       7  Best node =  -2.075000e+01

Gomory fractional cuts applied:  2
***********************************************************

***********************************************************
-------------------Iteration: 11
CPXPARAM_MIP_Display                             1
CPXPARAM_MIP_Strategy_CallbackReducedLP          0
Tried aggregator 1 time.
LP Presolve eliminated 1 rows and 2 columns.
Reduced LP has 100 rows, 209 columns, and 429 nonzeros.
Presolve time = 0.00 sec. (0.08 ticks)

Iteration log . . .
Iteration:     1   Dual objective     =             0.020000
Iteration:    62   Dual objective     =             2.350000
***********************************************************
Objective value of restricted master problem: 2.73
Lamda: 0.05 0.15 0.03 0.18 0.14 0.06 0.1 0.08 0.07 0.07 0.07 
***********************************************************
CPXPARAM_MIP_Display                             1
CPXPARAM_MIP_Strategy_CallbackReducedLP          0
Tried aggregator 2 times.
MIP Presolve eliminated 16675 rows and 0 columns.
Aggregator did 435 substitutions.
Reduced MIP has 8540 rows, 535 columns, and 25260 nonzeros.
Reduced MIP has 435 binaries, 0 generals, 0 SOSs, and 0 indicators.
Presolve time = 0.06 sec. (50.00 ticks)
Probing time = 0.00 sec. (0.56 ticks)
Tried aggregator 1 time.
Reduced MIP has 8540 rows, 535 columns, and 25260 nonzeros.
Reduced MIP has 435 binaries, 0 generals, 0 SOSs, and 0 indicators.
Presolve time = 0.01 sec. (12.06 ticks)
Probing time = 0.00 sec. (0.56 ticks)
MIP emphasis: balance optimality and feasibility.
MIP search method: dynamic search.
Parallel mode: deterministic, using up to 8 threads.

Node log . . .
Best integer =  -8.881784e-16  Node =       0  Best node =  -4.533333e+01
Best integer =  -2.000000e+00  Node =       0  Best node =  -4.533333e+01
Best integer =  -1.400000e+01  Node =       0  Best node =  -2.200000e+01
Best integer =  -1.733333e+01  Node =       0  Best node =  -2.166667e+01
Best integer =  -1.933333e+01  Node =       0  Best node =  -2.166667e+01
Best integer =  -2.000000e+01  Node =       3  Best node =  -2.133333e+01
Best integer =  -2.066667e+01  Node =      12  Best node =  -2.123810e+01

Zero-half cuts applied:  9
Lift and project cuts applied:  1
Gomory fractional cuts applied:  5
***********************************************************

***********************************************************
-------------------Iteration: 12
CPXPARAM_MIP_Display                             1
CPXPARAM_MIP_Strategy_CallbackReducedLP          0
Tried aggregator 1 time.
LP Presolve eliminated 1 rows and 2 columns.
Reduced LP has 100 rows, 210 columns, and 450 nonzeros.
Presolve time = 0.00 sec. (0.09 ticks)

Iteration log . . .
Iteration:     1   Dual objective     =             0.020000
Iteration:    62   Dual objective     =             1.930000
***********************************************************
Objective value of restricted master problem: 2.285
Lamda: 0.049375 0.14875 0.026875 0.169375 0.135625 0.055 0.108125 0.073125 0.0725 0.056875 0.06125 0.043125 
***********************************************************
CPXPARAM_MIP_Display                             1
CPXPARAM_MIP_Strategy_CallbackReducedLP          0
Tried aggregator 2 times.
MIP Presolve eliminated 16675 rows and 0 columns.
Aggregator did 435 substitutions.
Reduced MIP has 8540 rows, 535 columns, and 25260 nonzeros.
Reduced MIP has 435 binaries, 0 generals, 0 SOSs, and 0 indicators.
Presolve time = 0.06 sec. (49.99 ticks)
Probing time = 0.00 sec. (0.56 ticks)
Tried aggregator 1 time.
Reduced MIP has 8540 rows, 535 columns, and 25260 nonzeros.
Reduced MIP has 435 binaries, 0 generals, 0 SOSs, and 0 indicators.
Presolve time = 0.01 sec. (12.06 ticks)
Probing time = 0.00 sec. (0.56 ticks)
MIP emphasis: balance optimality and feasibility.
MIP search method: dynamic search.
Parallel mode: deterministic, using up to 8 threads.

Node log . . .
Best integer =   0.000000e+00  Node =       0  Best node =  -4.550000e+01
Best integer =  -2.000000e+00  Node =       0  Best node =  -4.550000e+01
Best integer =  -2.050000e+01  Node =       0  Best node =  -2.050000e+01
***********************************************************

***********************************************************
-------------------Iteration: 13
CPXPARAM_MIP_Display                             1
CPXPARAM_MIP_Strategy_CallbackReducedLP          0
Tried aggregator 1 time.
LP Presolve eliminated 1 rows and 2 columns.
Reduced LP has 100 rows, 211 columns, and 471 nonzeros.
Presolve time = 0.00 sec. (0.09 ticks)

Iteration log . . .
Iteration:     1   Dual objective     =             0.020000
Iteration:    62   Dual objective     =             1.617500
***********************************************************
Objective value of restricted master problem: 1.98333
Lamda: 0.0333333 0.14 0.0166667 0.156667 0.126667 0.05 0.113333 0.0766667 0.08 0.0666667 0.0566667 0.05 0.0333333 
***********************************************************
CPXPARAM_MIP_Display                             1
CPXPARAM_MIP_Strategy_CallbackReducedLP          0
Tried aggregator 2 times.
MIP Presolve eliminated 16675 rows and 0 columns.
Aggregator did 435 substitutions.
Reduced MIP has 8540 rows, 535 columns, and 25260 nonzeros.
Reduced MIP has 435 binaries, 0 generals, 0 SOSs, and 0 indicators.
Presolve time = 0.06 sec. (49.99 ticks)
Probing time = 0.00 sec. (0.56 ticks)
Tried aggregator 1 time.
Reduced MIP has 8540 rows, 535 columns, and 25260 nonzeros.
Reduced MIP has 435 binaries, 0 generals, 0 SOSs, and 0 indicators.
Presolve time = 0.02 sec. (12.05 ticks)
Probing time = 0.00 sec. (0.56 ticks)
MIP emphasis: balance optimality and feasibility.
MIP search method: dynamic search.
Parallel mode: deterministic, using up to 8 threads.

Node log . . .
Best integer =   0.000000e+00  Node =       0  Best node =  -4.533333e+01
Best integer =  -2.000000e+00  Node =       0  Best node =  -4.533333e+01
Best integer =  -1.200000e+01  Node =       0  Best node =  -1.766667e+01
Best integer =  -1.766667e+01  Node =       0  Best node =  -1.766667e+01
***********************************************************

***********************************************************
-------------------Iteration: 14
CPXPARAM_MIP_Display                             1
CPXPARAM_MIP_Strategy_CallbackReducedLP          0
Tried aggregator 1 time.
No LP presolve or aggregator reductions.
Presolve time = 0.00 sec. (0.07 ticks)

Iteration log . . .
Iteration:     1   Dual objective     =             0.000000
Iteration:    62   Dual objective     =             1.415000
***********************************************************
Objective value of restricted master problem: 1.778
Lamda: 0.026 0.142 0.006 0.158 0.12 0.048 0.112 0.074 0.074 0.076 0.056 0.048 0.04 0.02 
***********************************************************
CPXPARAM_MIP_Display                             1
CPXPARAM_MIP_Strategy_CallbackReducedLP          0
Tried aggregator 2 times.
MIP Presolve eliminated 16675 rows and 0 columns.
Aggregator did 435 substitutions.
Reduced MIP has 8540 rows, 535 columns, and 25260 nonzeros.
Reduced MIP has 435 binaries, 0 generals, 0 SOSs, and 0 indicators.
Presolve time = 0.06 sec. (50.00 ticks)
Probing time = 0.00 sec. (0.56 ticks)
Tried aggregator 1 time.
Reduced MIP has 8540 rows, 535 columns, and 25260 nonzeros.
Reduced MIP has 435 binaries, 0 generals, 0 SOSs, and 0 indicators.
Presolve time = 0.01 sec. (12.06 ticks)
Probing time = 0.01 sec. (0.56 ticks)
MIP emphasis: balance optimality and feasibility.
MIP search method: dynamic search.
Parallel mode: deterministic, using up to 8 threads.

Node log . . .
Best integer =   2.220446e-16  Node =       0  Best node =  -4.240000e+01
Best integer =  -1.430000e+01  Node =       0  Best node =  -1.726667e+01
Best integer =  -1.600000e+01  Node =       0  Best node =  -1.726667e+01
Best integer =  -1.630000e+01  Node =       0  Best node =  -1.726667e+01

Gomory fractional cuts applied:  2
***********************************************************

***********************************************************
-------------------Iteration: 15
CPXPARAM_MIP_Display                             1
CPXPARAM_MIP_Strategy_CallbackReducedLP          0
Tried aggregator 1 time.
No LP presolve or aggregator reductions.
Presolve time = 0.00 sec. (0.07 ticks)

Iteration log . . .
Iteration:     1   Dual objective     =             0.000000
Iteration:    62   Dual objective     =             1.260000
***********************************************************
Objective value of restricted master problem: 1.6
Lamda: 0.0225 0.1375 0 0.15 0.125 0.05 0.1075 0.075 0.0725 0.07 0.0575 0.05 0.04 0.0225 0.02 
***********************************************************
CPXPARAM_MIP_Display                             1
CPXPARAM_MIP_Strategy_CallbackReducedLP          0
Tried aggregator 2 times.
MIP Presolve eliminated 16675 rows and 0 columns.
Aggregator did 435 substitutions.
Reduced MIP has 8540 rows, 535 columns, and 25260 nonzeros.
Reduced MIP has 435 binaries, 0 generals, 0 SOSs, and 0 indicators.
Presolve time = 0.06 sec. (49.99 ticks)
Probing time = 0.00 sec. (0.56 ticks)
Tried aggregator 1 time.
Reduced MIP has 8540 rows, 535 columns, and 25260 nonzeros.
Reduced MIP has 435 binaries, 0 generals, 0 SOSs, and 0 indicators.
Presolve time = 0.01 sec. (12.06 ticks)
Probing time = 0.00 sec. (0.56 ticks)
MIP emphasis: balance optimality and feasibility.
MIP search method: dynamic search.
Parallel mode: deterministic, using up to 8 threads.

Node log . . .
Best integer =   0.000000e+00  Node =       0  Best node =  -4.050000e+01
Best integer =  -1.600000e+01  Node =       0  Best node =  -1.797059e+01
Best integer =  -1.750000e+01  Node =       0  Best node =  -1.797059e+01

Lift and project cuts applied:  4
Gomory fractional cuts applied:  8
***********************************************************

***********************************************************
-------------------Iteration: 16
CPXPARAM_MIP_Display                             1
CPXPARAM_MIP_Strategy_CallbackReducedLP          0
Tried aggregator 1 time.
No LP presolve or aggregator reductions.
Presolve time = 0.00 sec. (0.07 ticks)

Iteration log . . .
Iteration:     1   Dual objective     =             0.000000
Iteration:    62   Dual objective     =             1.207143
***********************************************************
Objective value of restricted master problem: 1.45
Lamda: 0.0207692 0.126154 0 0.15 0.124615 0.05 0.106154 0.0746154 0.0715385 0.0653846 0.0592308 0.0469231 0.0353846 0.0238462 0.0230769 0.0223077 
***********************************************************
CPXPARAM_MIP_Display                             1
CPXPARAM_MIP_Strategy_CallbackReducedLP          0
Tried aggregator 2 times.
MIP Presolve eliminated 16675 rows and 0 columns.
Aggregator did 435 substitutions.
Reduced MIP has 8540 rows, 535 columns, and 25260 nonzeros.
Reduced MIP has 435 binaries, 0 generals, 0 SOSs, and 0 indicators.
Presolve time = 0.06 sec. (49.99 ticks)
Probing time = 0.00 sec. (0.56 ticks)
Tried aggregator 1 time.
Reduced MIP has 8540 rows, 535 columns, and 25260 nonzeros.
Reduced MIP has 435 binaries, 0 generals, 0 SOSs, and 0 indicators.
Presolve time = 0.01 sec. (12.06 ticks)
Probing time = 0.00 sec. (0.56 ticks)
MIP emphasis: balance optimality and feasibility.
MIP search method: dynamic search.
Parallel mode: deterministic, using up to 8 threads.

Node log . . .
Best integer =  -1.110223e-16  Node =       0  Best node =  -4.200000e+01
Best integer =  -1.200000e+01  Node =       0  Best node =  -1.800000e+01
Best integer =  -1.600000e+01  Node =       0  Best node =  -1.800000e+01

Gomory fractional cuts applied:  5
***********************************************************

***********************************************************
-------------------Iteration: 17
CPXPARAM_MIP_Display                             1
CPXPARAM_MIP_Strategy_CallbackReducedLP          0
Tried aggregator 1 time.
No LP presolve or aggregator reductions.
Presolve time = 0.00 sec. (0.08 ticks)

Iteration log . . .
Iteration:     1   Dual objective     =             0.000000
Iteration:    62   Dual objective     =             1.025000
***********************************************************
Objective value of restricted master problem: 1.325
Lamda: 0.02 0.1175 0 0.135 0.13 0.045 0.11 0.075 0.07 0.07 0.0525 0.0475 0.035 0.025 0.0275 0.02 0.02 
***********************************************************
CPXPARAM_MIP_Display                             1
CPXPARAM_MIP_Strategy_CallbackReducedLP          0
Tried aggregator 2 times.
MIP Presolve eliminated 16675 rows and 0 columns.
Aggregator did 435 substitutions.
Reduced MIP has 8540 rows, 535 columns, and 25260 nonzeros.
Reduced MIP has 435 binaries, 0 generals, 0 SOSs, and 0 indicators.
Presolve time = 0.06 sec. (49.98 ticks)
Probing time = 0.00 sec. (0.56 ticks)
Tried aggregator 1 time.
Reduced MIP has 8540 rows, 535 columns, and 25260 nonzeros.
Reduced MIP has 435 binaries, 0 generals, 0 SOSs, and 0 indicators.
Presolve time = 0.01 sec. (12.06 ticks)
Probing time = 0.00 sec. (0.56 ticks)
MIP emphasis: balance optimality and feasibility.
MIP search method: dynamic search.
Parallel mode: deterministic, using up to 8 threads.

Node log . . .
Best integer =   0.000000e+00  Node =       0  Best node =  -3.775000e+01
Best integer =  -1.225000e+01  Node =       0  Best node =  -1.675000e+01
Best integer =  -1.625000e+01  Node =       0  Best node =  -1.675000e+01

Gomory fractional cuts applied:  2
***********************************************************

***********************************************************
-------------------Iteration: 18
CPXPARAM_MIP_Display                             1
CPXPARAM_MIP_Strategy_CallbackReducedLP          0
Tried aggregator 1 time.
No LP presolve or aggregator reductions.
Presolve time = 0.00 sec. (0.08 ticks)

Iteration log . . .
Iteration:     1   Dual objective     =             0.000000
Iteration:    62   Dual objective     =             0.924000
***********************************************************
Objective value of restricted master problem: 1.1421
Lamda: 0.017284 0.116975 0 0.136111 0.12 0.0424691 0.104877 0.0806173 0.070679 0.0678395 0.0523457 0.047963 0.0368519 0.022037 0.0275309 0.0192593 0.0190741 0.0180864 
***********************************************************
CPXPARAM_MIP_Display                             1
CPXPARAM_MIP_Strategy_CallbackReducedLP          0
Tried aggregator 2 times.
MIP Presolve eliminated 16675 rows and 0 columns.
Aggregator did 435 substitutions.
Reduced MIP has 8540 rows, 535 columns, and 25260 nonzeros.
Reduced MIP has 435 binaries, 0 generals, 0 SOSs, and 0 indicators.
Presolve time = 0.06 sec. (50.00 ticks)
Probing time = 0.00 sec. (0.56 ticks)
Tried aggregator 1 time.
Reduced MIP has 8540 rows, 535 columns, and 25260 nonzeros.
Reduced MIP has 435 binaries, 0 generals, 0 SOSs, and 0 indicators.
Presolve time = 0.01 sec. (12.06 ticks)
Probing time = 0.00 sec. (0.56 ticks)
MIP emphasis: balance optimality and feasibility.
MIP search method: dynamic search.
Parallel mode: deterministic, using up to 8 threads.

Node log . . .
Best integer =   0.000000e+00  Node =       0  Best node =  -4.032099e+01
Best integer =  -9.012346e+00  Node =       0  Best node =  -1.637037e+01
Best integer =  -1.079012e+01  Node =       0  Best node =  -1.637037e+01
Best integer =  -1.279012e+01  Node =       0  Best node =  -1.637037e+01
Best integer =  -1.629630e+01  Node =       0  Best node =  -1.637037e+01

Lift and project cuts applied:  1
Gomory fractional cuts applied:  10
***********************************************************

***********************************************************
-------------------Iteration: 19
CPXPARAM_MIP_Display                             1
CPXPARAM_MIP_Strategy_CallbackReducedLP          0
Tried aggregator 1 time.
No LP presolve or aggregator reductions.
Presolve time = 0.00 sec. (0.08 ticks)

Iteration log . . .
Iteration:     1   Dual objective     =             0.000000
Iteration:    62   Dual objective     =             0.900000
***********************************************************
Objective value of restricted master problem: 1.05
Lamda: 0.0125 0.1075 0 0.1325 0.12 0.0375 0.105 0.08 0.07 0.07 0.0525 0.055 0.0375 0.02 0.025 0.02 0.0225 0.02 0.0125 
***********************************************************
CPXPARAM_MIP_Display                             1
CPXPARAM_MIP_Strategy_CallbackReducedLP          0
Tried aggregator 2 times.
MIP Presolve eliminated 16675 rows and 0 columns.
Aggregator did 435 substitutions.
Reduced MIP has 8540 rows, 535 columns, and 25260 nonzeros.
Reduced MIP has 435 binaries, 0 generals, 0 SOSs, and 0 indicators.
Presolve time = 0.06 sec. (49.98 ticks)
Probing time = 0.00 sec. (0.56 ticks)
Tried aggregator 1 time.
Reduced MIP has 8540 rows, 535 columns, and 25260 nonzeros.
Reduced MIP has 435 binaries, 0 generals, 0 SOSs, and 0 indicators.
Presolve time = 0.01 sec. (12.05 ticks)
Probing time = 0.00 sec. (0.56 ticks)
MIP emphasis: balance optimality and feasibility.
MIP search method: dynamic search.
Parallel mode: deterministic, using up to 8 threads.

Node log . . .
Best integer =   0.000000e+00  Node =       0  Best node =  -4.200000e+01
Best integer =  -2.000000e+00  Node =       0  Best node =  -4.200000e+01
Best integer =  -1.350000e+01  Node =       0  Best node =  -1.700000e+01
Best integer =  -1.700000e+01  Node =       0  Best node =  -1.700000e+01
***********************************************************

***********************************************************
-------------------Iteration: 20
CPXPARAM_MIP_Display                             1
CPXPARAM_MIP_Strategy_CallbackReducedLP          0
Tried aggregator 1 time.
No LP presolve or aggregator reductions.
Presolve time = 0.00 sec. (0.08 ticks)

Iteration log . . .
Iteration:     1   Dual objective     =             0.000000
Iteration:    62   Dual objective     =             0.781839
***********************************************************
Objective value of restricted master problem: 0.976667
Lamda: 0.0151515 0.106364 0 0.133333 0.119545 0.0363636 0.103636 0.0795455 0.0675758 0.0681818 0.0486364 0.0513636 0.035303 0.02 0.0260606 0.0222727 0.0231818 0.0204545 0.0112121 0.0118182 
***********************************************************
CPXPARAM_MIP_Display                             1
CPXPARAM_MIP_Strategy_CallbackReducedLP          0
Tried aggregator 2 times.
MIP Presolve eliminated 16675 rows and 0 columns.
Aggregator did 435 substitutions.
Reduced MIP has 8540 rows, 535 columns, and 25260 nonzeros.
Reduced MIP has 435 binaries, 0 generals, 0 SOSs, and 0 indicators.
Presolve time = 0.06 sec. (50.00 ticks)
Probing time = 0.00 sec. (0.56 ticks)
Tried aggregator 1 time.
Reduced MIP has 8540 rows, 535 columns, and 25260 nonzeros.
Reduced MIP has 435 binaries, 0 generals, 0 SOSs, and 0 indicators.
Presolve time = 0.01 sec. (12.06 ticks)
Probing time = 0.01 sec. (0.56 ticks)
MIP emphasis: balance optimality and feasibility.
MIP search method: dynamic search.
Parallel mode: deterministic, using up to 8 threads.

Node log . . .
Best integer =  -2.220446e-16  Node =       0  Best node =  -4.066667e+01
Best integer =  -1.733333e+01  Node =       0  Best node =  -1.733333e+01
***********************************************************

***********************************************************
-------------------Iteration: 21
CPXPARAM_MIP_Display                             1
CPXPARAM_MIP_Strategy_CallbackReducedLP          0
Tried aggregator 1 time.
No LP presolve or aggregator reductions.
Presolve time = 0.00 sec. (0.08 ticks)

Iteration log . . .
Iteration:     1   Dual objective     =             0.000000
Iteration:    62   Dual objective     =             0.753333
Iteration:   124   Dual objective     =             0.924460
***********************************************************
Objective value of restricted master problem: 0.92446
Lamda: 0.0120978 0.102505 0 0.13 0.117189 0.0314257 0.104969 0.0770061 0.0709572 0.0685743 0.0494705 0.0548065 0.0383503 0.0189206 0.0269246 0.020998 0.0230754 0.0234216 0.0119756 0.00967413 0.00765784 
***********************************************************
CPXPARAM_MIP_Display                             1
CPXPARAM_MIP_Strategy_CallbackReducedLP          0
Tried aggregator 2 times.
MIP Presolve eliminated 16675 rows and 0 columns.
Aggregator did 435 substitutions.
Reduced MIP has 8540 rows, 535 columns, and 25260 nonzeros.
Reduced MIP has 435 binaries, 0 generals, 0 SOSs, and 0 indicators.
Presolve time = 0.06 sec. (50.00 ticks)
Probing time = 0.00 sec. (0.56 ticks)
Tried aggregator 1 time.
Reduced MIP has 8540 rows, 535 columns, and 25260 nonzeros.
Reduced MIP has 435 binaries, 0 generals, 0 SOSs, and 0 indicators.
Presolve time = 0.01 sec. (12.05 ticks)
Probing time = 0.00 sec. (0.56 ticks)
MIP emphasis: balance optimality and feasibility.
MIP search method: dynamic search.
Parallel mode: deterministic, using up to 8 threads.

Node log . . .
Best integer =   0.000000e+00  Node =       0  Best node =  -4.324236e+01
Best integer =  -1.757637e+00  Node =       0  Best node =  -4.324236e+01
Best integer =  -1.541344e+01  Node =       0  Best node =  -1.541344e+01
***********************************************************

***********************************************************
-------------------Iteration: 22
CPXPARAM_MIP_Display                             1
CPXPARAM_MIP_Strategy_CallbackReducedLP          0
Tried aggregator 1 time.
No LP presolve or aggregator reductions.
Presolve time = 0.00 sec. (0.08 ticks)

Iteration log . . .
Iteration:     1   Dual objective     =             0.000000
Iteration:    62   Dual objective     =             0.724375
Iteration:   124   Dual objective     =             0.880452
***********************************************************
Objective value of restricted master problem: 0.880545
Lamda: 0.01 0.1 0 0.130909 0.117455 0.0316364 0.104545 0.0761818 0.0685455 0.0683636 0.048 0.0530909 0.0369091 0.0169091 0.0254545 0.0223636 0.0236364 0.0247273 0.0154545 0.0121818 0.00836364 0.00527273 
***********************************************************
CPXPARAM_MIP_Display                             1
CPXPARAM_MIP_Strategy_CallbackReducedLP          0
Tried aggregator 2 times.
MIP Presolve eliminated 16675 rows and 0 columns.
Aggregator did 435 substitutions.
Reduced MIP has 8540 rows, 535 columns, and 25260 nonzeros.
Reduced MIP has 435 binaries, 0 generals, 0 SOSs, and 0 indicators.
Presolve time = 0.06 sec. (50.00 ticks)
Probing time = 0.00 sec. (0.56 ticks)
Tried aggregator 1 time.
Reduced MIP has 8540 rows, 535 columns, and 25260 nonzeros.
Reduced MIP has 435 binaries, 0 generals, 0 SOSs, and 0 indicators.
Presolve time = 0.01 sec. (12.05 ticks)
Probing time = 0.00 sec. (0.56 ticks)
MIP emphasis: balance optimality and feasibility.
MIP search method: dynamic search.
Parallel mode: deterministic, using up to 8 threads.

Node log . . .
Best integer =   0.000000e+00  Node =       0  Best node =  -4.235455e+01
Best integer =  -1.107273e+01  Node =       0  Best node =  -1.472273e+01
Best integer =  -1.450000e+01  Node =       0  Best node =  -1.472273e+01

Gomory fractional cuts applied:  12
***********************************************************

***********************************************************
-------------------Iteration: 23
CPXPARAM_MIP_Display                             1
CPXPARAM_MIP_Strategy_CallbackReducedLP          0
Tried aggregator 1 time.
No LP presolve or aggregator reductions.
Presolve time = 0.00 sec. (0.08 ticks)

Iteration log . . .
Iteration:     1   Dual objective     =             0.000000
Iteration:    62   Dual objective     =             0.716191
***********************************************************
Objective value of restricted master problem: 0.847291
Lamda: 0.01 0.101402 0 0.131226 0.117655 0.0291914 0.103666 0.076159 0.0691914 0.0679515 0.0475741 0.0528437 0.0346361 0.0177898 0.0243127 0.0221159 0.023531 0.0248652 0.0156065 0.0108895 0.00734501 0.00668464 0.00536388 
***********************************************************
CPXPARAM_MIP_Display                             1
CPXPARAM_MIP_Strategy_CallbackReducedLP          0
Tried aggregator 2 times.
MIP Presolve eliminated 16675 rows and 0 columns.
Aggregator did 435 substitutions.
Reduced MIP has 8540 rows, 535 columns, and 25260 nonzeros.
Reduced MIP has 435 binaries, 0 generals, 0 SOSs, and 0 indicators.
Presolve time = 0.06 sec. (50.00 ticks)
Probing time = 0.00 sec. (0.56 ticks)
Tried aggregator 1 time.
Reduced MIP has 8540 rows, 535 columns, and 25260 nonzeros.
Reduced MIP has 435 binaries, 0 generals, 0 SOSs, and 0 indicators.
Presolve time = 0.01 sec. (12.06 ticks)
Probing time = 0.00 sec. (0.56 ticks)
MIP emphasis: balance optimality and feasibility.
MIP search method: dynamic search.
Parallel mode: deterministic, using up to 8 threads.

Node log . . .
Best integer =   0.000000e+00  Node =       0  Best node =  -4.098248e+01
Best integer =  -8.742588e+00  Node =       0  Best node =  -1.340027e+01
Best integer =  -1.292453e+01  Node =       0  Best node =  -1.340027e+01

Zero-half cuts applied:  5
Lift and project cuts applied:  1
Gomory fractional cuts applied:  14
***********************************************************

***********************************************************
-------------------Iteration: 24
CPXPARAM_MIP_Display                             1
CPXPARAM_MIP_Strategy_CallbackReducedLP          0
Tried aggregator 1 time.
No LP presolve or aggregator reductions.
Presolve time = 0.00 sec. (0.08 ticks)

Iteration log . . .
Iteration:     1   Dual objective     =             0.000000
Iteration:    62   Dual objective     =             0.705652
***********************************************************
Objective value of restricted master problem: 0.810151
Lamda: 0.00847826 0.100602 0 0.129749 0.115987 0.0290301 0.102926 0.0755853 0.0691973 0.067592 0.0486622 0.051388 0.0351171 0.0164716 0.0253679 0.0223411 0.0228595 0.0265385 0.0141304 0.0114716 0.00794314 0.00682274 0.00640468 0.00533445 
***********************************************************
CPXPARAM_MIP_Display                             1
CPXPARAM_MIP_Strategy_CallbackReducedLP          0
Tried aggregator 2 times.
MIP Presolve eliminated 16675 rows and 0 columns.
Aggregator did 435 substitutions.
Reduced MIP has 8540 rows, 535 columns, and 25260 nonzeros.
Reduced MIP has 435 binaries, 0 generals, 0 SOSs, and 0 indicators.
Presolve time = 0.06 sec. (50.00 ticks)
Probing time = 0.00 sec. (0.56 ticks)
Tried aggregator 1 time.
Reduced MIP has 8540 rows, 535 columns, and 25260 nonzeros.
Reduced MIP has 435 binaries, 0 generals, 0 SOSs, and 0 indicators.
Presolve time = 0.01 sec. (12.05 ticks)
Probing time = 0.01 sec. (0.56 ticks)
MIP emphasis: balance optimality and feasibility.
MIP search method: dynamic search.
Parallel mode: deterministic, using up to 8 threads.

Node log . . .
Best integer =   0.000000e+00  Node =       0  Best node =  -4.123913e+01
Best integer =  -1.135452e+00  Node =       0  Best node =  -1.189214e+01
Best integer =  -3.560201e+00  Node =       0  Best node =  -1.189214e+01
Best integer =  -3.668896e+00  Node =       0  Best node =  -1.189214e+01
Best integer =  -5.770903e+00  Node =       0  Best node =  -1.189214e+01
Best integer =  -6.316054e+00  Node =       0  Best node =  -1.189214e+01
Best integer =  -8.493311e+00  Node =       0  Best node =  -1.189214e+01
Best integer =  -9.959866e+00  Node =       0  Best node =  -1.189214e+01
Best integer =  -1.094649e+01  Node =       0  Best node =  -1.189214e+01
Best integer =  -1.168060e+01  Node =       0  Best node =  -1.189214e+01

Gomory fractional cuts applied:  7
***********************************************************

***********************************************************
-------------------Iteration: 25
CPXPARAM_MIP_Display                             1
CPXPARAM_MIP_Strategy_CallbackReducedLP          0
Tried aggregator 1 time.
No LP presolve or aggregator reductions.
Presolve time = 0.00 sec. (0.09 ticks)

Iteration log . . .
Iteration:     1   Dual objective     =             0.000000
Iteration:    62   Dual objective     =             0.677384
Iteration:   124   Dual objective     =             0.792086
***********************************************************
Objective value of restricted master problem: 0.792222
Lamda: 0.00770144 0.0991836 0 0.128323 0.115958 0.0271968 0.103058 0.074788 0.0684245 0.0669317 0.0477481 0.050827 0.0347561 0.0154665 0.0270908 0.0236959 0.0236853 0.027131 0.0131255 0.0125869 0.00974555 0.00595844 0.00679601 0.00611535 0.00370653 
***********************************************************
CPXPARAM_MIP_Display                             1
CPXPARAM_MIP_Strategy_CallbackReducedLP          0
Tried aggregator 2 times.
MIP Presolve eliminated 16675 rows and 0 columns.
Aggregator did 435 substitutions.
Reduced MIP has 8540 rows, 535 columns, and 25260 nonzeros.
Reduced MIP has 435 binaries, 0 generals, 0 SOSs, and 0 indicators.
Presolve time = 0.06 sec. (50.00 ticks)
Probing time = 0.00 sec. (0.56 ticks)
Tried aggregator 1 time.
Reduced MIP has 8540 rows, 535 columns, and 25260 nonzeros.
Reduced MIP has 435 binaries, 0 generals, 0 SOSs, and 0 indicators.
Presolve time = 0.01 sec. (12.05 ticks)
Probing time = 0.00 sec. (0.56 ticks)
MIP emphasis: balance optimality and feasibility.
MIP search method: dynamic search.
Parallel mode: deterministic, using up to 8 threads.

Node log . . .
Best integer =  -2.664535e-15  Node =       0  Best node =  -4.211111e+01
Best integer =  -1.155556e+01  Node =       0  Best node =  -1.155556e+01
***********************************************************

***********************************************************
-------------------Iteration: 26
CPXPARAM_MIP_Display                             1
CPXPARAM_MIP_Strategy_CallbackReducedLP          0
Tried aggregator 1 time.
No LP presolve or aggregator reductions.
Presolve time = 0.00 sec. (0.09 ticks)

Iteration log . . .
Iteration:     1   Dual objective     =             0.000000
Iteration:    62   Dual objective     =             0.620000
***********************************************************
Objective value of restricted master problem: 0.770514
Lamda: 0.00619256 0.0968271 0 0.125197 0.115197 0.0279431 0.101707 0.0738074 0.0689278 0.0663348 0.0465864 0.0495733 0.0352954 0.0138074 0.0256783 0.0258972 0.0246608 0.028512 0.012965 0.0134136 0.00874179 0.00619256 0.00851204 0.00891685 0.00480306 0.00431072 
***********************************************************
CPXPARAM_MIP_Display                             1
CPXPARAM_MIP_Strategy_CallbackReducedLP          0
Tried aggregator 2 times.
MIP Presolve eliminated 16675 rows and 0 columns.
Aggregator did 435 substitutions.
Reduced MIP has 8540 rows, 535 columns, and 25260 nonzeros.
Reduced MIP has 435 binaries, 0 generals, 0 SOSs, and 0 indicators.
Presolve time = 0.06 sec. (49.98 ticks)
Probing time = 0.00 sec. (0.56 ticks)
Tried aggregator 1 time.
Reduced MIP has 8540 rows, 535 columns, and 25260 nonzeros.
Reduced MIP has 435 binaries, 0 generals, 0 SOSs, and 0 indicators.
Presolve time = 0.02 sec. (12.05 ticks)
Probing time = 0.00 sec. (0.56 ticks)
MIP emphasis: balance optimality and feasibility.
MIP search method: dynamic search.
Parallel mode: deterministic, using up to 8 threads.

Node log . . .
Best integer =   1.776357e-15  Node =       0  Best node =  -4.335996e+01
Best integer =  -1.106565e+01  Node =       0  Best node =  -1.122402e+01
Best integer =  -1.109847e+01  Node =       0  Best node =  -1.109847e+01

Gomory fractional cuts applied:  4
***********************************************************

***********************************************************
-------------------Iteration: 27
CPXPARAM_MIP_Display                             1
CPXPARAM_MIP_Strategy_CallbackReducedLP          0
Tried aggregator 1 time.
No LP presolve or aggregator reductions.
Presolve time = 0.00 sec. (0.09 ticks)

Iteration log . . .
Iteration:     1   Dual objective     =             0.000000
Iteration:    62   Dual objective     =             0.521781
Iteration:   124   Dual objective     =             0.720000
***********************************************************
Objective value of restricted master problem: 0.720255
Lamda: 0 0.0849074 0 0.115718 0.108264 0.0237269 0.1 0.07 0.0686574 0.0621528 0.0447685 0.0462269 0.031088 0.0094213 0.0227546 0.0337269 0.0301852 0.0311574 0.0125231 0.0157407 0.0094213 0.0105787 0.0145139 0.0141204 0.0142824 0.0147222 0.0113426 
***********************************************************
CPXPARAM_MIP_Display                             1
CPXPARAM_MIP_Strategy_CallbackReducedLP          0
Tried aggregator 2 times.
MIP Presolve eliminated 16675 rows and 0 columns.
Aggregator did 435 substitutions.
Reduced MIP has 8540 rows, 535 columns, and 25260 nonzeros.
Reduced MIP has 435 binaries, 0 generals, 0 SOSs, and 0 indicators.
Presolve time = 0.06 sec. (49.99 ticks)
Probing time = 0.00 sec. (0.56 ticks)
Tried aggregator 1 time.
Reduced MIP has 8540 rows, 535 columns, and 25260 nonzeros.
Reduced MIP has 435 binaries, 0 generals, 0 SOSs, and 0 indicators.
Presolve time = 0.01 sec. (12.07 ticks)
Probing time = 0.00 sec. (0.56 ticks)
MIP emphasis: balance optimality and feasibility.
MIP search method: dynamic search.
Parallel mode: deterministic, using up to 8 threads.

Node log . . .
Best integer =   1.467593e+00  Node =       0  Best node =  -3.923380e+01
Best integer =   0.000000e+00  Node =       0  Best node =  -3.923380e+01
Best integer =  -1.230093e+01  Node =       0  Best node =  -1.430093e+01
Best integer =  -1.430093e+01  Node =       0  Best node =  -1.430093e+01
***********************************************************

***********************************************************
-------------------Iteration: 28
CPXPARAM_MIP_Display                             1
CPXPARAM_MIP_Strategy_CallbackReducedLP          0
Tried aggregator 1 time.
No LP presolve or aggregator reductions.
Presolve time = 0.00 sec. (0.09 ticks)

Iteration log . . .
Iteration:     1   Dual objective     =             0.000000
Iteration:    62   Dual objective     =             0.496154
***********************************************************
Objective value of restricted master problem: 0.653434
Lamda: 0 0.0831061 0 0.115606 0.106364 0.02 0.100682 0.07 0.0666414 0.0652525 0.0442424 0.0445707 0.0303283 0.00967172 0.0227525 0.0324495 0.0296212 0.0291414 0.0136364 0.0190909 0.0111869 0.0103283 0.0139394 0.0147475 0.0128788 0.0136111 0.0120202 0.00813131 
***********************************************************
CPXPARAM_MIP_Display                             1
CPXPARAM_MIP_Strategy_CallbackReducedLP          0
Tried aggregator 2 times.
MIP Presolve eliminated 16675 rows and 0 columns.
Aggregator did 435 substitutions.
Reduced MIP has 8540 rows, 535 columns, and 25260 nonzeros.
Reduced MIP has 435 binaries, 0 generals, 0 SOSs, and 0 indicators.
Presolve time = 0.06 sec. (49.98 ticks)
Probing time = 0.00 sec. (0.56 ticks)
Tried aggregator 1 time.
Reduced MIP has 8540 rows, 535 columns, and 25260 nonzeros.
Reduced MIP has 435 binaries, 0 generals, 0 SOSs, and 0 indicators.
Presolve time = 0.01 sec. (12.05 ticks)
Probing time = 0.00 sec. (0.56 ticks)
MIP emphasis: balance optimality and feasibility.
MIP search method: dynamic search.
Parallel mode: deterministic, using up to 8 threads.

Node log . . .
Best integer =   4.545455e-01  Node =       0  Best node =  -4.218182e+01
Best integer =  -1.776357e-15  Node =       0  Best node =  -4.218182e+01
Best integer =  -1.090909e+01  Node =       0  Best node =  -1.369697e+01
Best integer =  -1.290909e+01  Node =       0  Best node =  -1.369697e+01
Best integer =  -1.349495e+01  Node =       0  Best node =  -1.349495e+01

Lift and project cuts applied:  1
Gomory fractional cuts applied:  1
***********************************************************

***********************************************************
-------------------Iteration: 29
CPXPARAM_MIP_Display                             1
CPXPARAM_MIP_Strategy_CallbackReducedLP          0
Tried aggregator 1 time.
No LP presolve or aggregator reductions.
Presolve time = 0.00 sec. (0.09 ticks)

Iteration log . . .
Iteration:     1   Dual objective     =             0.000000
Iteration:    62   Dual objective     =             0.440673
Iteration:   124   Dual objective     =             0.617255
***********************************************************
Objective value of restricted master problem: 0.617275
Lamda: 0 0.0789802 0 0.11384 0.105656 0.0170727 0.0989884 0.07 0.0633278 0.0662593 0.0440793 0.0439182 0.0306854 0.00950867 0.0193146 0.0299422 0.0302064 0.0291908 0.0143435 0.0205037 0.0123163 0.0104913 0.0141453 0.016668 0.0106524 0.0157267 0.0166391 0.0116226 0.00592073 
***********************************************************
CPXPARAM_MIP_Display                             1
CPXPARAM_MIP_Strategy_CallbackReducedLP          0
Tried aggregator 2 times.
MIP Presolve eliminated 16675 rows and 0 columns.
Aggregator did 435 substitutions.
Reduced MIP has 8540 rows, 535 columns, and 25260 nonzeros.
Reduced MIP has 435 binaries, 0 generals, 0 SOSs, and 0 indicators.
Presolve time = 0.06 sec. (50.00 ticks)
Probing time = 0.00 sec. (0.56 ticks)
Tried aggregator 1 time.
Reduced MIP has 8540 rows, 535 columns, and 25260 nonzeros.
Reduced MIP has 435 binaries, 0 generals, 0 SOSs, and 0 indicators.
Presolve time = 0.01 sec. (12.01 ticks)
Probing time = 0.00 sec. (0.56 ticks)
MIP emphasis: balance optimality and feasibility.
MIP search method: dynamic search.
Parallel mode: deterministic, using up to 8 threads.

Node log . . .
Best integer =   6.558216e+00  Node =       0  Best node =  -4.244674e+01
Best integer =  -8.881784e-16  Node =       0  Best node =  -4.244674e+01
Best integer =  -6.515277e+00  Node =       0  Best node =  -1.483113e+01
Best integer =  -1.348390e+01  Node =       0  Best node =  -1.483113e+01

Zero-half cuts applied:  1
Gomory fractional cuts applied:  18
***********************************************************

***********************************************************
-------------------Iteration: 30
CPXPARAM_MIP_Display                             1
CPXPARAM_MIP_Strategy_CallbackReducedLP          0
Tried aggregator 1 time.
No LP presolve or aggregator reductions.
Presolve time = 0.00 sec. (0.09 ticks)

Iteration log . . .
Iteration:     1   Dual objective     =             0.000000
Iteration:    62   Dual objective     =             0.418094
Iteration:   124   Dual objective     =             0.572810
***********************************************************
Objective value of restricted master problem: 0.573816
Lamda: 0 0.0793735 0 0.114589 0.10607 0.0183156 0.0996908 0.0686695 0.0629833 0.0658489 0.0443913 0.0444737 0.0324038 0.0101152 0.0175962 0.0310652 0.0282771 0.0282016 0.0139296 0.0192948 0.0118374 0.00988476 0.0133947 0.0158355 0.00748458 0.0130896 0.0186565 0.0101562 0.00792647 0.00644498 
***********************************************************
CPXPARAM_MIP_Display                             1
CPXPARAM_MIP_Strategy_CallbackReducedLP          0
Tried aggregator 2 times.
MIP Presolve eliminated 16675 rows and 0 columns.
Aggregator did 435 substitutions.
Reduced MIP has 8540 rows, 535 columns, and 25260 nonzeros.
Reduced MIP has 435 binaries, 0 generals, 0 SOSs, and 0 indicators.
Presolve time = 0.06 sec. (50.00 ticks)
Probing time = 0.00 sec. (0.56 ticks)
Tried aggregator 1 time.
Reduced MIP has 8540 rows, 535 columns, and 25260 nonzeros.
Reduced MIP has 435 binaries, 0 generals, 0 SOSs, and 0 indicators.
Presolve time = 0.01 sec. (12.05 ticks)
Probing time = 0.00 sec. (0.56 ticks)
MIP emphasis: balance optimality and feasibility.
MIP search method: dynamic search.
Parallel mode: deterministic, using up to 8 threads.

Node log . . .
Best integer =   3.803928e+00  Node =       0  Best node =  -4.158075e+01
Best integer =   8.881784e-16  Node =       0  Best node =  -4.158075e+01
Best integer =  -8.536601e+00  Node =       0  Best node =  -1.459219e+01
Best integer =  -1.430157e+01  Node =       0  Best node =  -1.459219e+01

Gomory fractional cuts applied:  12
***********************************************************

***********************************************************
-------------------Iteration: 31
CPXPARAM_MIP_Display                             1
CPXPARAM_MIP_Strategy_CallbackReducedLP          0
Tried aggregator 1 time.
No LP presolve or aggregator reductions.
Presolve time = 0.00 sec. (0.09 ticks)

Iteration log . . .
Iteration:     1   Dual objective     =             0.000000
Iteration:    62   Dual objective     =             0.347621
Iteration:   124   Dual objective     =             0.514032
***********************************************************
Objective value of restricted master problem: 0.517759
Lamda: 0 0.0765579 0 0.110402 0.101855 0.0153668 0.0979854 0.0664498 0.0594456 0.0657097 0.0446332 0.0415006 0.0301125 0.00890091 0.0147866 0.0313391 0.0298202 0.0300334 0.0150934 0.0182556 0.0110657 0.0110991 0.0125879 0.0189235 0.01 0.0150218 0.0236525 0.0132386 0.00959847 0.00814522 0.00842026 
***********************************************************
CPXPARAM_MIP_Display                             1
CPXPARAM_MIP_Strategy_CallbackReducedLP          0
Tried aggregator 2 times.
MIP Presolve eliminated 16675 rows and 0 columns.
Aggregator did 435 substitutions.
Reduced MIP has 8540 rows, 535 columns, and 25260 nonzeros.
Reduced MIP has 435 binaries, 0 generals, 0 SOSs, and 0 indicators.
Presolve time = 0.06 sec. (50.00 ticks)
Probing time = 0.00 sec. (0.56 ticks)
Tried aggregator 1 time.
Reduced MIP has 8540 rows, 535 columns, and 25260 nonzeros.
Reduced MIP has 435 binaries, 0 generals, 0 SOSs, and 0 indicators.
Presolve time = 0.01 sec. (12.05 ticks)
Probing time = 0.00 sec. (0.56 ticks)
MIP emphasis: balance optimality and feasibility.
MIP search method: dynamic search.
Parallel mode: deterministic, using up to 8 threads.

Node log . . .
Best integer =   9.066311e+00  Node =       0  Best node =  -4.178503e+01
Best integer =   0.000000e+00  Node =       0  Best node =  -4.178503e+01
Best integer =  -1.302767e+01  Node =       0  Best node =  -1.302767e+01
***********************************************************

***********************************************************
-------------------Iteration: 32
CPXPARAM_MIP_Display                             1
CPXPARAM_MIP_Strategy_CallbackReducedLP          0
Tried aggregator 1 time.
No LP presolve or aggregator reductions.
Presolve time = 0.00 sec. (0.09 ticks)

Iteration log . . .
Iteration:     1   Dual objective     =             0.000000
Iteration:    62   Dual objective     =             0.335229
Iteration:   124   Dual objective     =             0.482659
***********************************************************
Objective value of restricted master problem: 0.48399
Lamda: 0 0.0731027 0 0.109657 0.10014 0.0148444 0.094636 0.063862 0.0580058 0.064764 0.0451556 0.0413485 0.0299784 0.00830837 0.013729 0.0321539 0.0285063 0.0315242 0.0149725 0.0202054 0.0101674 0.0114468 0.011995 0.0203915 0.0092292 0.0159293 0.0238191 0.0127177 0.0111139 0.0110351 0.0109681 0.00629261 
***********************************************************
CPXPARAM_MIP_Display                             1
CPXPARAM_MIP_Strategy_CallbackReducedLP          0
Tried aggregator 2 times.
MIP Presolve eliminated 16675 rows and 0 columns.
Aggregator did 435 substitutions.
Reduced MIP has 8540 rows, 535 columns, and 25260 nonzeros.
Reduced MIP has 435 binaries, 0 generals, 0 SOSs, and 0 indicators.
Presolve time = 0.06 sec. (50.00 ticks)
Probing time = 0.00 sec. (0.56 ticks)
Tried aggregator 1 time.
Reduced MIP has 8540 rows, 535 columns, and 25260 nonzeros.
Reduced MIP has 435 binaries, 0 generals, 0 SOSs, and 0 indicators.
Presolve time = 0.01 sec. (12.05 ticks)
Probing time = 0.00 sec. (0.56 ticks)
MIP emphasis: balance optimality and feasibility.
MIP search method: dynamic search.
Parallel mode: deterministic, using up to 8 threads.

Node log . . .
Best integer =   6.150975e+00  Node =       0  Best node =  -4.393309e+01
Best integer =  -1.776357e-15  Node =       0  Best node =  -4.393309e+01
Best integer =  -1.208820e+01  Node =       0  Best node =  -1.208820e+01
***********************************************************

***********************************************************
-------------------Iteration: 33
CPXPARAM_MIP_Display                             1
CPXPARAM_MIP_Strategy_CallbackReducedLP          0
Tried aggregator 1 time.
No LP presolve or aggregator reductions.
Presolve time = 0.00 sec. (0.10 ticks)

Iteration log . . .
Iteration:     1   Dual objective     =             0.000000
Iteration:    62   Dual objective     =             0.301205
Iteration:   124   Dual objective     =             0.454981
***********************************************************
Objective value of restricted master problem: 0.455375
Lamda: 0 0.0712543 0 0.105864 0.100553 0.0131733 0.0952593 0.0614406 0.0572762 0.0655667 0.0438033 0.0406857 0.0314387 0.00647906 0.0116058 0.0339186 0.0265444 0.031821 0.0127238 0.0202824 0.0117 0.010292 0.0134038 0.0220169 0.01 0.0173396 0.0244545 0.0134249 0.0128352 0.0121437 0.0109969 0.00695544 0.00474645 
***********************************************************
CPXPARAM_MIP_Display                             1
CPXPARAM_MIP_Strategy_CallbackReducedLP          0
Tried aggregator 2 times.
MIP Presolve eliminated 16675 rows and 0 columns.
Aggregator did 435 substitutions.
Reduced MIP has 8540 rows, 535 columns, and 25260 nonzeros.
Reduced MIP has 435 binaries, 0 generals, 0 SOSs, and 0 indicators.
Presolve time = 0.06 sec. (50.00 ticks)
Probing time = 0.00 sec. (0.56 ticks)
Tried aggregator 1 time.
Reduced MIP has 8540 rows, 535 columns, and 25260 nonzeros.
Reduced MIP has 435 binaries, 0 generals, 0 SOSs, and 0 indicators.
Presolve time = 0.01 sec. (12.05 ticks)
Probing time = 0.00 sec. (0.56 ticks)
MIP emphasis: balance optimality and feasibility.
MIP search method: dynamic search.
Parallel mode: deterministic, using up to 8 threads.

Node log . . .
Best integer =   7.826005e+00  Node =       0  Best node =  -4.126462e+01
Best integer =  -8.881784e-16  Node =       0  Best node =  -4.126462e+01
Best integer =  -1.033468e+01  Node =       0  Best node =  -1.138856e+01
Best integer =  -1.112084e+01  Node =       0  Best node =  -1.138856e+01

Lift and project cuts applied:  1
Gomory fractional cuts applied:  11
***********************************************************

***********************************************************
-------------------Iteration: 34
CPXPARAM_MIP_Display                             1
CPXPARAM_MIP_Strategy_CallbackReducedLP          0
Tried aggregator 1 time.
No LP presolve or aggregator reductions.
Presolve time = 0.00 sec. (0.10 ticks)

Iteration log . . .
Iteration:     1   Dual objective     =             0.000000
Iteration:    62   Dual objective     =             0.319001
Iteration:   124   Dual objective     =             0.434865
***********************************************************
Objective value of restricted master problem: 0.434883
Lamda: 0 0.0684994 0 0.102974 0.0989577 0.0119097 0.0933989 0.0589817 0.0556433 0.0646721 0.0438128 0.0406291 0.03 0.00532646 0.0113494 0.0345352 0.0278001 0.0320607 0.0135767 0.0201676 0.0126129 0.00908548 0.013555 0.0234182 0.01 0.0174978 0.0268337 0.0149882 0.0129452 0.0130064 0.0140028 0.00809074 0.00558806 0.00408084 
***********************************************************
CPXPARAM_MIP_Display                             1
CPXPARAM_MIP_Strategy_CallbackReducedLP          0
Tried aggregator 2 times.
MIP Presolve eliminated 16675 rows and 0 columns.
Aggregator did 435 substitutions.
Reduced MIP has 8540 rows, 535 columns, and 25260 nonzeros.
Reduced MIP has 435 binaries, 0 generals, 0 SOSs, and 0 indicators.
Presolve time = 0.06 sec. (50.00 ticks)
Probing time = 0.00 sec. (0.56 ticks)
Tried aggregator 1 time.
Reduced MIP has 8540 rows, 535 columns, and 25260 nonzeros.
Reduced MIP has 435 binaries, 0 generals, 0 SOSs, and 0 indicators.
Presolve time = 0.01 sec. (12.05 ticks)
Probing time = 0.01 sec. (0.56 ticks)
MIP emphasis: balance optimality and feasibility.
MIP search method: dynamic search.
Parallel mode: deterministic, using up to 8 threads.

Node log . . .
Best integer =   3.646926e+00  Node =       0  Best node =  -4.392340e+01
Best integer =   0.000000e+00  Node =       0  Best node =  -4.392340e+01
Best integer =  -7.480493e+00  Node =       0  Best node =  -1.145690e+01
Best integer =  -1.145690e+01  Node =       0  Best node =  -1.145690e+01
***********************************************************

***********************************************************
-------------------Iteration: 35
CPXPARAM_MIP_Display                             1
CPXPARAM_MIP_Strategy_CallbackReducedLP          0
Tried aggregator 1 time.
No LP presolve or aggregator reductions.
Presolve time = 0.00 sec. (0.10 ticks)

Iteration log . . .
Iteration:     1   Dual objective     =             0.000000
Iteration:    62   Dual objective     =             0.229944
Iteration:   124   Dual objective     =             0.372064
***********************************************************
Objective value of restricted master problem: 0.372945
Lamda: 0 0.063745 0 0.0982898 0.0983545 0.00954237 0.0929889 0.0599627 0.0532913 0.0639596 0.0403752 0.0382898 0.0282025 0.00488247 0.00650678 0.0352504 0.0302193 0.0316827 0.0120248 0.0200803 0.00900443 0.0092528 0.0157158 0.0266726 0.00946073 0.0164574 0.0324808 0.0168661 0.0146734 0.0139098 0.0149601 0.00928427 0.00595441 0.00757607 0.0100824 
***********************************************************
CPXPARAM_MIP_Display                             1
CPXPARAM_MIP_Strategy_CallbackReducedLP          0
Tried aggregator 2 times.
MIP Presolve eliminated 16675 rows and 0 columns.
Aggregator did 435 substitutions.
Reduced MIP has 8540 rows, 535 columns, and 25260 nonzeros.
Reduced MIP has 435 binaries, 0 generals, 0 SOSs, and 0 indicators.
Presolve time = 0.06 sec. (50.00 ticks)
Probing time = 0.00 sec. (0.56 ticks)
Tried aggregator 1 time.
Reduced MIP has 8540 rows, 535 columns, and 25260 nonzeros.
Reduced MIP has 435 binaries, 0 generals, 0 SOSs, and 0 indicators.
Presolve time = 0.01 sec. (12.05 ticks)
Probing time = 0.01 sec. (0.56 ticks)
MIP emphasis: balance optimality and feasibility.
MIP search method: dynamic search.
Parallel mode: deterministic, using up to 8 threads.

Node log . . .
Best integer =   6.087423e+00  Node =       0  Best node =  -4.103708e+01
Best integer =   8.881784e-16  Node =       0  Best node =  -4.103708e+01
Best integer =  -8.041742e+00  Node =       0  Best node =  -1.131251e+01
Best integer =  -9.681633e+00  Node =       0  Best node =  -1.131251e+01
Best integer =  -1.069892e+01  Node =       0  Best node =  -1.074038e+01

Zero-half cuts applied:  1
Lift and project cuts applied:  1
Gomory fractional cuts applied:  16
***********************************************************

***********************************************************
Ranking data list: 
Ranking collect: 0 1 2 3 4 5 6 7 8 9 10 11 12 13 14 15 16 17 18 19 20 21 22 23 24 25 26 27 28 29 
Ranking collect: 29 28 27 26 25 24 23 22 21 20 19 18 17 16 15 14 13 12 11 10 9 8 7 6 5 4 3 2 1 0 
Ranking collect: 10 6 8 11 19 5 3 1 13 4 7 2 12 0 17 15 16 21 9 14 18 20 22 23 24 25 26 27 28 29 
Ranking collect: 0 6 15 13 17 12 16 23 14 4 8 20 1 3 7 19 2 24 9 10 5 18 26 11 22 25 21 27 28 29 
Ranking collect: 16 24 23 3 28 17 0 19 1 20 4 6 5 25 2 8 7 9 10 11 12 15 13 14 18 21 22 26 27 29 
Ranking collect: 15 22 24 18 7 2 5 14 20 10 6 9 16 25 12 26 29 0 1 3 4 11 8 13 17 19 21 23 28 27 
Ranking collect: 22 0 29 4 26 24 8 28 15 12 14 6 1 25 18 23 9 13 16 10 17 21 27 7 19 2 5 11 20 3 
Ranking collect: 20 1 3 25 15 23 19 6 8 4 5 12 14 2 10 11 17 13 7 22 18 0 16 28 9 21 24 26 27 29 
Ranking collect: 20 14 4 2 16 10 1 5 6 28 27 3 8 19 7 9 13 11 15 18 22 23 24 26 0 12 17 21 25 29 
Ranking collect: 12 0 2 29 5 1 24 13 11 14 16 23 10 19 3 4 6 15 7 8 9 17 20 18 21 22 25 28 26 27 
Ranking collect: 9 11 24 27 0 15 28 19 16 29 7 2 10 18 5 20 25 14 23 3 6 12 8 1 13 17 4 21 22 26 
Ranking collect: 15 23 24 10 5 29 17 28 3 1 13 4 2 22 0 14 20 11 9 21 16 6 19 7 18 25 26 8 12 27 
Ranking collect: 13 28 1 16 0 2 7 19 4 8 3 5 6 9 10 11 12 15 20 17 24 18 21 14 22 26 27 23 25 29 
Ranking collect: 20 13 22 21 28 19 25 11 6 3 26 2 4 7 12 10 1 9 18 23 5 0 29 8 14 15 17 16 24 27 
Ranking collect: 0 8 24 25 5 10 17 13 28 1 3 14 4 20 2 15 11 6 9 12 16 18 19 21 7 22 23 26 27 29 
Ranking collect: 11 2 0 27 23 14 15 29 12 6 10 19 18 7 28 20 16 3 25 8 1 21 22 26 9 4 24 5 17 13 
Ranking collect: 12 9 13 27 28 26 0 17 16 14 4 18 3 11 23 15 21 7 20 25 5 29 10 19 1 24 22 6 2 8 
Ranking collect: 20 11 15 13 4 2 24 3 19 6 29 10 9 0 16 1 8 12 5 7 26 14 17 18 21 22 23 25 27 28 
Ranking collect: 15 16 25 10 2 5 7 4 6 3 28 27 24 8 11 14 23 0 17 1 20 22 29 12 13 19 9 26 21 18 
Ranking collect: 20 28 22 24 27 16 1 29 17 18 0 25 10 19 12 8 2 14 11 9 13 26 6 5 3 4 15 7 21 23 
Ranking collect: 12 23 22 6 20 13 7 17 11 24 28 19 2 4 8 0 16 1 10 3 5 14 15 9 18 21 25 26 27 29 
Ranking collect: 0 1 20 17 3 12 11 13 29 8 2 16 22 21 23 15 4 25 6 14 7 10 9 5 18 19 26 24 27 28 
Ranking collect: 1 12 24 27 28 13 20 2 14 3 25 7 17 0 23 4 29 26 11 15 5 6 9 10 16 18 8 22 19 21 
Ranking collect: 0 15 28 5 3 12 22 23 4 20 13 2 1 11 29 8 14 7 16 9 17 26 10 6 18 19 21 25 27 24 
Ranking collect: 20 13 15 17 7 6 3 10 9 29 11 16 12 5 2 0 19 14 8 4 18 27 23 25 21 22 28 1 24 26 
Ranking collect: 0 25 16 1 3 15 19 23 24 26 13 2 5 7 6 11 12 17 10 14 20 4 8 18 22 9 21 27 28 29 
Ranking collect: 29 24 28 3 16 0 10 23 14 20 13 2 1 4 6 8 12 11 5 15 17 27 7 18 19 9 21 22 25 26 
Ranking collect: 20 11 1 15 26 22 13 23 9 6 16 0 28 19 7 25 10 21 14 27 3 29 4 5 24 2 18 12 17 8 
Ranking collect: 0 6 10 20 1 11 12 25 27 17 13 7 24 3 9 18 29 4 14 2 8 28 15 16 5 19 21 22 23 26 
Ranking collect: 15 20 11 17 12 13 27 0 25 14 4 7 2 6 8 5 1 10 28 9 21 24 18 16 23 3 29 26 22 19 
Ranking collect: 15 23 24 26 12 17 13 7 21 2 4 14 20 28 22 25 16 5 29 11 8 18 27 9 19 1 6 0 3 10 
Ranking collect: 16 12 29 20 4 6 0 2 8 28 1 9 11 17 26 14 3 10 25 5 24 21 13 23 7 15 19 18 22 27 
Ranking collect: 13 23 27 25 7 6 8 0 14 3 5 1 2 4 10 20 11 12 21 9 15 16 17 18 19 22 24 26 28 29 
Ranking collect: 15 12 0 8 3 16 1 29 6 10 13 2 4 11 17 25 19 7 28 20 5 22 14 9 24 21 23 18 27 26 
Ranking collect: 15 7 13 0 12 16 29 17 24 28 25 2 11 1 3 8 19 6 20 4 5 14 9 23 18 21 22 10 27 26 
Ranking collect: 15 28 2 21 24 23 11 12 26 22 13 4 8 14 18 10 5 29 9 19 0 25 16 7 1 20 27 6 17 3 
